#
# A fatal error has been detected by the Java Runtime Environment:
#
#  EXCEPTION_ACCESS_VIOLATION (0xc0000005) at pc=0x00007fffd42fc504, pid=4940, tid=5340
#
# JRE version: Java(TM) SE Runtime Environment (13.0.1+9) (build 13.0.1+9)
# Java VM: Java HotSpot(TM) 64-Bit Server VM (13.0.1+9, mixed mode, sharing, tiered, compressed oops, g1 gc, windows-amd64)
# Problematic frame:
# C  [lwjgl_nanovg.dll+0x1c504]
#
# No core dump will be written. Minidumps are not enabled by default on client versions of Windows
#
# If you would like to submit a bug report, please visit:
#   http://bugreport.java.com/bugreport/crash.jsp
# The crash happened outside the Java Virtual Machine in native code.
# See problematic frame for where to report the bug.
#

---------------  S U M M A R Y ------------

Command Line: -javaagent:D:\Code Software\Intellij\IntelliJ IDEA Community Edition 2019.3\lib\idea_rt.jar=50549:D:\Code Software\Intellij\IntelliJ IDEA Community Edition 2019.3\bin -Dfile.encoding=UTF-8 org.kakara.engine.test.Main

Host: AMD FX(tm)-6300 Six-Core Processor             , 6 cores, 23G,  Windows 10 , 64 bit Build 18362 (10.0.18362.329)
Time: Mon Mar  2 21:41:11 2020 US Mountain Standard Time elapsed time: 22 seconds (0d 0h 0m 22s)

---------------  T H R E A D  ---------------

Current thread (0x000001c99b575000):  JavaThread "main" [_thread_in_native, id=5340, stack(0x00000005aed00000,0x00000005aee00000)]

Stack: [0x00000005aed00000,0x00000005aee00000],  sp=0x00000005aedfece0,  free space=1019k
Native frames: (J=compiled Java code, j=interpreted, Vv=VM code, C=native code)
C  [lwjgl_nanovg.dll+0x1c504]

Java frames: (J=compiled Java code, j=interpreted, Vv=VM code)
J 1654  org.lwjgl.nanovg.NanoVG.nnvgTextBox(JFFFJJ)V (0 bytes) @ 0x000001c9acdb922e [0x000001c9acdb91c0+0x000000000000006e]
J 1653 c1 org.lwjgl.nanovg.NanoVG.nvgTextBox(JFFFLjava/lang/CharSequence;)V (79 bytes) @ 0x000001c9a5ab675c [0x000001c9a5ab60a0+0x00000000000006bc]
J 1567 c1 org.kakara.engine.ui.components.Text.render(Lorg/kakara/engine/math/Vector2;Lorg/kakara/engine/ui/HUD;Lorg/kakara/engine/GameHandler;)V (132 bytes) @ 0x000001c9a5a9824c [0x000001c9a5a96fc0+0x000000000000128c]
J 1702 c1 org.kakara.engine.ui.items.ComponentCanvas.render(Lorg/kakara/engine/ui/HUD;Lorg/kakara/engine/GameHandler;)V (52 bytes) @ 0x000001c9a5ae5264 [0x000001c9a5ae4da0+0x00000000000004c4]
J 1639 c1 org.kakara.engine.ui.HUD.render(Lorg/kakara/engine/gui/Window;)V (72 bytes) @ 0x000001c9a5aafa1c [0x000001c9a5aaf4c0+0x000000000000055c]
J 1698 c1 org.kakara.engine.scene.AbstractGameScene.render()V (49 bytes) @ 0x000001c9a5ae35d4 [0x000001c9a5ae3280+0x0000000000000354]
J 1637 c1 org.kakara.engine.GameEngine.render()V (18 bytes) @ 0x000001c9a5aae084 [0x000001c9a5aadec0+0x00000000000001c4]
j  org.kakara.engine.GameEngine.gameLoop()V+62
j  org.kakara.engine.GameEngine.run()V+5
j  org.kakara.engine.test.Main.main([Ljava/lang/String;)V+35
v  ~StubRoutines::call_stub

siginfo: EXCEPTION_ACCESS_VIOLATION (0xc0000005), reading address 0x000001c9e1ec1088


Register to memory mapping:

RIP=0x00007fffd42fc504 lwjgl_nanovg.dll
RAX=0x000000000000012c is an unknown value
RBX=0x00000005aedfedb0 is pointing into the stack for thread: 0x000001c99b575000
RCX=0x0000000000000100 is an unknown value
RDX=0x00000005aedfedb0 is pointing into the stack for thread: 0x000001c99b575000
RSP=0x00000005aedfece0 is pointing into the stack for thread: 0x000001c99b575000
RBP=0x000001c9c6876de1 points into unknown readable memory: 54 68 69 73 20 69 73
RSI=0x000001c9e29e4010 points into unknown readable memory: 00 02 00 00 00 02 00 00
RDI=0x000001c9c6876df0 points into unknown readable memory: 00 00 00 00 00 00 00 00
R8 =0x000001c9c6bd0240 points into unknown readable memory: 80 01 ce e1 c9 01 00 00
R9 =0x000001c9e1ec0f30 points into unknown readable memory: b0 53 30 d0 c9 01 00 00
R10=0x0000000000000154 is an unknown value
R11=0x0000000000000100 is an unknown value
R12=0x0 is NULL
R13=0x0 is NULL
R14=0x0000000000000003 is an unknown value
R15=0x000001c9c6876df0 points into unknown readable memory: 00 00 00 00 00 00 00 00


Registers:
RAX=0x000000000000012c, RBX=0x00000005aedfedb0, RCX=0x0000000000000100, RDX=0x00000005aedfedb0
RSP=0x00000005aedfece0, RBP=0x000001c9c6876de1, RSI=0x000001c9e29e4010, RDI=0x000001c9c6876df0
R8 =0x000001c9c6bd0240, R9 =0x000001c9e1ec0f30, R10=0x0000000000000154, R11=0x0000000000000100
R12=0x0000000000000000, R13=0x0000000000000000, R14=0x0000000000000003, R15=0x000001c9c6876df0
RIP=0x00007fffd42fc504, EFLAGS=0x0000000000010206

Top of Stack: (sp=0x00000005aedfece0)
0x00000005aedfece0:   ffffffff3f800000 00007ff83f800000
0x00000005aedfecf0:   000000003f800000 0000000000000020
0x00000005aedfed00:   0000000042c80000 0000000000000000
0x00000005aedfed10:   0000000000000000 0000000000000000
0x00000005aedfed20:   0000000000000000 0000000000000000
0x00000005aedfed30:   0000000000000002 00007fffd4311826
0x00000005aedfed40:   00000005aedfee40 0000000000000000
0x00000005aedfed50:   000001c9c6876de1 000001c9c6bd02c8
0x00000005aedfed60:   000001c9c6876de1 000001c9c6876df0
0x00000005aedfed70:   0000000000000001 0000000000000000
0x00000005aedfed80:   0000000000000000 0000000000000000
0x00000005aedfed90:   0000000000000000 00000005aedfee59
0x00000005aedfeda0:   000001c99b3a0000 00007ff800f9ba17
0x00000005aedfedb0:   0000000000000000 0000000000000000
0x00000005aedfedc0:   0000000000000000 0000012c00000000
0x00000005aedfedd0:   000001c9ede46fd0 0000000000000000 

Instructions: (pc=0x00007fffd42fc504)
0x00007fffd42fc404:   1c 41 0f bf c1 66 0f 6e c0 0f 5b c0 f3 0f 59 82
0x00007fffd42fc414:   f4 00 00 00 f3 0f 5e 05 f4 8c 04 00 c3 0f 57 c0
0x00007fffd42fc424:   c3 cc cc cc cc cc cc cc cc cc cc cc 48 89 5c 24
0x00007fffd42fc434:   18 48 89 74 24 20 41 56 48 83 ec 50 48 63 81 6c
0x00007fffd42fc444:   52 00 00 0f 57 c0 0f 11 02 48 8b da 48 8b f1 0f
0x00007fffd42fc454:   11 42 10 4c 8d 34 40 0f 11 42 20 0f 11 42 30 0f
0x00007fffd42fc464:   29 74 24 40 0f 28 f2 0f 11 42 40 4a 63 84 f1 74
0x00007fffd42fc474:   50 00 00 0f 29 7c 24 30 0f 28 fb 85 c0 0f 88 b8
0x00007fffd42fc484:   01 00 00 3b 41 74 0f 8d af 01 00 00 48 8b c8 48
0x00007fffd42fc494:   8b 46 60 4c 8b 0c c8 4c 89 4a 20 49 83 b9 e0 00
0x00007fffd42fc4a4:   00 00 00 0f 84 92 01 00 00 f3 42 0f 10 84 f6 7c
0x00007fffd42fc4b4:   50 00 00 41 bb 00 01 00 00 f3 0f 59 05 bf 8b 04
0x00007fffd42fc4c4:   00 48 89 6c 24 60 48 8b ac 24 80 00 00 00 48 89
0x00007fffd42fc4d4:   7c 24 68 48 8b bc 24 88 00 00 00 f3 0f 2c c8 66
0x00007fffd42fc4e4:   89 4a 1c f3 42 0f 2c 84 f6 84 50 00 00 66 89 42
0x00007fffd42fc4f4:   1e 4d 63 51 24 4d 8b 49 08 0f bf c1 41 0f bf cb
0x00007fffd42fc504:   43 0f b6 54 0a 04 66 0f 6e d0 0f 5b d2 41 0f bf
0x00007fffd42fc514:   c3 0f af d0 43 0f b6 44 0a 05 f3 0f 5e 15 5e 8b
0x00007fffd42fc524:   04 00 66 03 d0 43 0f b6 44 0a 07 44 0f bf c2 43
0x00007fffd42fc534:   0f b6 54 0a 06 0f af d1 66 03 c2 98 44 2b c0 66
0x00007fffd42fc544:   41 0f 6e c0 0f 5b c0 f3 0f 5e d0 f3 0f 11 53 10
0x00007fffd42fc554:   42 8b 84 f6 78 50 00 00 a8 01 75 54 a8 04 74 21
0x00007fffd42fc564:   48 c7 44 24 28 00 00 00 00 4c 8b cd 0f 28 d3 48
0x00007fffd42fc574:   89 7c 24 20 0f 28 ce 48 8b ce e8 2d 02 00 00 eb
0x00007fffd42fc584:   2b a8 02 74 2b 48 c7 44 24 28 00 00 00 00 4c 8b
0x00007fffd42fc594:   cd 0f 28 d7 48 89 7c 24 20 0f 28 ce 48 8b ce e8
0x00007fffd42fc5a4:   08 02 00 00 f3 0f 59 05 0c 8a 04 00 f3 0f 5c f0
0x00007fffd42fc5b4:   44 0f b7 4b 1c 48 8b ce 48 8b 53 20 46 8b 84 f6
0x00007fffd42fc5c4:   78 50 00 00 e8 53 fd ff ff f3 0f 58 f8 48 85 ff
0x00007fffd42fc5d4:   75 16 48 c7 c7 ff ff ff ff 0f 1f 00 48 ff c7 80
0x00007fffd42fc5e4:   3c 2f 00 75 f7 48 03 fd f3 0f 11 73 08 f3 0f 11
0x00007fffd42fc5f4:   33 f3 0f 11 7b 0c f3 0f 11 7b 04 42 8b 84 f6 88 


Stack slot to memory mapping:
stack at sp + 0 slots: 0xffffffff3f800000 is an unknown value
stack at sp + 1 slots: 0x00007ff83f800000 is an unknown value
stack at sp + 2 slots: 0x000000003f800000 is an unknown value
stack at sp + 3 slots: 0x0000000000000020 is an unknown value
stack at sp + 4 slots: 0x0000000042c80000 is an unknown value
stack at sp + 5 slots: 0x0 is NULL
stack at sp + 6 slots: 0x0 is NULL
stack at sp + 7 slots: 0x0 is NULL


---------------  P R O C E S S  ---------------

Threads class SMR info:
_java_thread_list=0x000001c9cfecae10, length=11, elements={
0x000001c99b575000, 0x000001c9c62b9800, 0x000001c9c62bd000, 0x000001c9c62cf800,
0x000001c9c62d1000, 0x000001c9c62d3000, 0x000001c9c62de800, 0x000001c9c62e9000,
0x000001c9c628d000, 0x000001c9c669b800, 0x000001c9c66b5000
}

Java Threads: ( => current thread )
=>0x000001c99b575000 JavaThread "main" [_thread_in_native, id=5340, stack(0x00000005aed00000,0x00000005aee00000)]
  0x000001c9c62b9800 JavaThread "Reference Handler" daemon [_thread_blocked, id=9792, stack(0x00000005af400000,0x00000005af500000)]
  0x000001c9c62bd000 JavaThread "Finalizer" daemon [_thread_blocked, id=1956, stack(0x00000005af500000,0x00000005af600000)]
  0x000001c9c62cf800 JavaThread "Signal Dispatcher" daemon [_thread_blocked, id=11092, stack(0x00000005af600000,0x00000005af700000)]
  0x000001c9c62d1000 JavaThread "Attach Listener" daemon [_thread_blocked, id=12460, stack(0x00000005af700000,0x00000005af800000)]
  0x000001c9c62d3000 JavaThread "C2 CompilerThread0" daemon [_thread_blocked, id=12836, stack(0x00000005af800000,0x00000005af900000)]
  0x000001c9c62de800 JavaThread "C1 CompilerThread0" daemon [_thread_blocked, id=8912, stack(0x00000005af900000,0x00000005afa00000)]
  0x000001c9c62e9000 JavaThread "Sweeper thread" daemon [_thread_blocked, id=3436, stack(0x00000005afa00000,0x00000005afb00000)]
  0x000001c9c628d000 JavaThread "Common-Cleaner" daemon [_thread_blocked, id=12104, stack(0x00000005afb00000,0x00000005afc00000)]
  0x000001c9c669b800 JavaThread "Monitor Ctrl-Break" daemon [_thread_in_native, id=9856, stack(0x00000005afc00000,0x00000005afd00000)]
  0x000001c9c66b5000 JavaThread "Service Thread" daemon [_thread_blocked, id=224, stack(0x00000005afd00000,0x00000005afe00000)]

Other Threads:
  0x000001c9c6293000 VMThread "VM Thread" [stack: 0x00000005af300000,0x00000005af400000] [id=3260]
  0x000001c9c66b9800 WatcherThread [stack: 0x00000005afe00000,0x00000005aff00000] [id=10992]
  0x000001c99b604800 GCTaskThread "GC Thread#0" [stack: 0x00000005aee00000,0x00000005aef00000] [id=15904]
  0x000001c9cf63f000 GCTaskThread "GC Thread#1" [stack: 0x00000005b0300000,0x00000005b0400000] [id=15864]
  0x000001c9c8c94000 GCTaskThread "GC Thread#2" [stack: 0x00000005b0400000,0x00000005b0500000] [id=15724]
  0x000001c9c8c95000 GCTaskThread "GC Thread#3" [stack: 0x00000005b0500000,0x00000005b0600000] [id=4336]
  0x000001c9cf700800 GCTaskThread "GC Thread#4" [stack: 0x00000005b0600000,0x00000005b0700000] [id=15608]
  0x000001c9cf701000 GCTaskThread "GC Thread#5" [stack: 0x00000005b0700000,0x00000005b0800000] [id=8224]
  0x000001c99b637800 ConcurrentGCThread "G1 Main Marker" [stack: 0x00000005aef00000,0x00000005af000000] [id=15928]
  0x000001c99b639000 ConcurrentGCThread "G1 Conc#0" [stack: 0x00000005af000000,0x00000005af100000] [id=15096]
  0x000001c9c52a9000 ConcurrentGCThread "G1 Refine#0" [stack: 0x00000005af100000,0x00000005af200000] [id=15652]
  0x000001c9c52ab000 ConcurrentGCThread "G1 Young RemSet Sampling" [stack: 0x00000005af200000,0x00000005af300000] [id=13612]

Threads with active compile tasks:

VM state:not at safepoint (normal execution)

VM Mutex/Monitor currently owned by a thread: None

Heap address: 0x0000000680e00000, size: 6130 MB, Compressed Oops mode: Zero based, Oop shift amount: 3
Narrow klass base: 0x0000000800000000, Narrow klass shift: 3
Compressed class space size: 1073741824 Address: 0x0000000800b40000

Heap:
 garbage-first heap   total 393216K, used 4196K [0x0000000680e00000, 0x0000000800000000)
  region size 1024K, 5 young (5120K), 4 survivors (4096K)
 Metaspace       used 9984K, capacity 11243K, committed 11392K, reserved 1060864K
  class space    used 643K, capacity 842K, committed 896K, reserved 1048576K
Heap Regions: E=young(eden), S=young(survivor), O=old, HS=humongous(starts), HC=humongous(continues), CS=collection set, F=free, A=archive, TAMS=top-at-mark-start (previous, next)
|   0|0x0000000680e00000, 0x0000000680e20c00, 0x0000000680f00000| 12%| O|  |TAMS 0x0000000680e00000, 0x0000000680e00000| Untracked 
|   1|0x0000000680f00000, 0x0000000680f00000, 0x0000000681000000|  0%| F|  |TAMS 0x0000000680f00000, 0x0000000680f00000| Untracked 
|   2|0x0000000681000000, 0x0000000681000000, 0x0000000681100000|  0%| F|  |TAMS 0x0000000681000000, 0x0000000681000000| Untracked 
|   3|0x0000000681100000, 0x0000000681100000, 0x0000000681200000|  0%| F|  |TAMS 0x0000000681100000, 0x0000000681100000| Untracked 
|   4|0x0000000681200000, 0x0000000681200000, 0x0000000681300000|  0%| F|  |TAMS 0x0000000681200000, 0x0000000681200000| Untracked 
|   5|0x0000000681300000, 0x0000000681300000, 0x0000000681400000|  0%| F|  |TAMS 0x0000000681300000, 0x0000000681300000| Untracked 
|   6|0x0000000681400000, 0x0000000681400000, 0x0000000681500000|  0%| F|  |TAMS 0x0000000681400000, 0x0000000681400000| Untracked 
|   7|0x0000000681500000, 0x0000000681500000, 0x0000000681600000|  0%| F|  |TAMS 0x0000000681500000, 0x0000000681500000| Untracked 
|   8|0x0000000681600000, 0x0000000681600000, 0x0000000681700000|  0%| F|  |TAMS 0x0000000681600000, 0x0000000681600000| Untracked 
|   9|0x0000000681700000, 0x0000000681700000, 0x0000000681800000|  0%| F|  |TAMS 0x0000000681700000, 0x0000000681700000| Untracked 
|  10|0x0000000681800000, 0x0000000681800000, 0x0000000681900000|  0%| F|  |TAMS 0x0000000681800000, 0x0000000681800000| Untracked 
|  11|0x0000000681900000, 0x0000000681900000, 0x0000000681a00000|  0%| F|  |TAMS 0x0000000681900000, 0x0000000681900000| Untracked 
|  12|0x0000000681a00000, 0x0000000681a00000, 0x0000000681b00000|  0%| F|  |TAMS 0x0000000681a00000, 0x0000000681a00000| Untracked 
|  13|0x0000000681b00000, 0x0000000681b00000, 0x0000000681c00000|  0%| F|  |TAMS 0x0000000681b00000, 0x0000000681b00000| Untracked 
|  14|0x0000000681c00000, 0x0000000681c00000, 0x0000000681d00000|  0%| F|  |TAMS 0x0000000681c00000, 0x0000000681c00000| Untracked 
|  15|0x0000000681d00000, 0x0000000681d00000, 0x0000000681e00000|  0%| F|  |TAMS 0x0000000681d00000, 0x0000000681d00000| Untracked 
|  16|0x0000000681e00000, 0x0000000681e00000, 0x0000000681f00000|  0%| F|  |TAMS 0x0000000681e00000, 0x0000000681e00000| Untracked 
|  17|0x0000000681f00000, 0x0000000681f00000, 0x0000000682000000|  0%| F|  |TAMS 0x0000000681f00000, 0x0000000681f00000| Untracked 
|  18|0x0000000682000000, 0x0000000682000000, 0x0000000682100000|  0%| F|  |TAMS 0x0000000682000000, 0x0000000682000000| Untracked 
|  19|0x0000000682100000, 0x0000000682100000, 0x0000000682200000|  0%| F|  |TAMS 0x0000000682100000, 0x0000000682100000| Untracked 
|  20|0x0000000682200000, 0x0000000682200000, 0x0000000682300000|  0%| F|  |TAMS 0x0000000682200000, 0x0000000682200000| Untracked 
|  21|0x0000000682300000, 0x0000000682300000, 0x0000000682400000|  0%| F|  |TAMS 0x0000000682300000, 0x0000000682300000| Untracked 
|  22|0x0000000682400000, 0x0000000682400000, 0x0000000682500000|  0%| F|  |TAMS 0x0000000682400000, 0x0000000682400000| Untracked 
|  23|0x0000000682500000, 0x0000000682500000, 0x0000000682600000|  0%| F|  |TAMS 0x0000000682500000, 0x0000000682500000| Untracked 
|  24|0x0000000682600000, 0x0000000682600000, 0x0000000682700000|  0%| F|  |TAMS 0x0000000682600000, 0x0000000682600000| Untracked 
|  25|0x0000000682700000, 0x0000000682700000, 0x0000000682800000|  0%| F|  |TAMS 0x0000000682700000, 0x0000000682700000| Untracked 
|  26|0x0000000682800000, 0x0000000682800000, 0x0000000682900000|  0%| F|  |TAMS 0x0000000682800000, 0x0000000682800000| Untracked 
|  27|0x0000000682900000, 0x0000000682900000, 0x0000000682a00000|  0%| F|  |TAMS 0x0000000682900000, 0x0000000682900000| Untracked 
|  28|0x0000000682a00000, 0x0000000682a00000, 0x0000000682b00000|  0%| F|  |TAMS 0x0000000682a00000, 0x0000000682a00000| Untracked 
|  29|0x0000000682b00000, 0x0000000682b00000, 0x0000000682c00000|  0%| F|  |TAMS 0x0000000682b00000, 0x0000000682b00000| Untracked 
|  30|0x0000000682c00000, 0x0000000682c00000, 0x0000000682d00000|  0%| F|  |TAMS 0x0000000682c00000, 0x0000000682c00000| Untracked 
|  31|0x0000000682d00000, 0x0000000682d00000, 0x0000000682e00000|  0%| F|  |TAMS 0x0000000682d00000, 0x0000000682d00000| Untracked 
|  32|0x0000000682e00000, 0x0000000682e00000, 0x0000000682f00000|  0%| F|  |TAMS 0x0000000682e00000, 0x0000000682e00000| Untracked 
|  33|0x0000000682f00000, 0x0000000682f00000, 0x0000000683000000|  0%| F|  |TAMS 0x0000000682f00000, 0x0000000682f00000| Untracked 
|  34|0x0000000683000000, 0x0000000683000000, 0x0000000683100000|  0%| F|  |TAMS 0x0000000683000000, 0x0000000683000000| Untracked 
|  35|0x0000000683100000, 0x0000000683100000, 0x0000000683200000|  0%| F|  |TAMS 0x0000000683100000, 0x0000000683100000| Untracked 
|  36|0x0000000683200000, 0x0000000683200000, 0x0000000683300000|  0%| F|  |TAMS 0x0000000683200000, 0x0000000683200000| Untracked 
|  37|0x0000000683300000, 0x0000000683300000, 0x0000000683400000|  0%| F|  |TAMS 0x0000000683300000, 0x0000000683300000| Untracked 
|  38|0x0000000683400000, 0x0000000683400000, 0x0000000683500000|  0%| F|  |TAMS 0x0000000683400000, 0x0000000683400000| Untracked 
|  39|0x0000000683500000, 0x0000000683500000, 0x0000000683600000|  0%| F|  |TAMS 0x0000000683500000, 0x0000000683500000| Untracked 
|  40|0x0000000683600000, 0x0000000683600000, 0x0000000683700000|  0%| F|  |TAMS 0x0000000683600000, 0x0000000683600000| Untracked 
|  41|0x0000000683700000, 0x0000000683700000, 0x0000000683800000|  0%| F|  |TAMS 0x0000000683700000, 0x0000000683700000| Untracked 
|  42|0x0000000683800000, 0x0000000683800000, 0x0000000683900000|  0%| F|  |TAMS 0x0000000683800000, 0x0000000683800000| Untracked 
|  43|0x0000000683900000, 0x0000000683900000, 0x0000000683a00000|  0%| F|  |TAMS 0x0000000683900000, 0x0000000683900000| Untracked 
|  44|0x0000000683a00000, 0x0000000683a00000, 0x0000000683b00000|  0%| F|  |TAMS 0x0000000683a00000, 0x0000000683a00000| Untracked 
|  45|0x0000000683b00000, 0x0000000683b00000, 0x0000000683c00000|  0%| F|  |TAMS 0x0000000683b00000, 0x0000000683b00000| Untracked 
|  46|0x0000000683c00000, 0x0000000683c00000, 0x0000000683d00000|  0%| F|  |TAMS 0x0000000683c00000, 0x0000000683c00000| Untracked 
|  47|0x0000000683d00000, 0x0000000683d00000, 0x0000000683e00000|  0%| F|  |TAMS 0x0000000683d00000, 0x0000000683d00000| Untracked 
|  48|0x0000000683e00000, 0x0000000683e00000, 0x0000000683f00000|  0%| F|  |TAMS 0x0000000683e00000, 0x0000000683e00000| Untracked 
|  49|0x0000000683f00000, 0x0000000683f00000, 0x0000000684000000|  0%| F|  |TAMS 0x0000000683f00000, 0x0000000683f00000| Untracked 
|  50|0x0000000684000000, 0x0000000684000000, 0x0000000684100000|  0%| F|  |TAMS 0x0000000684000000, 0x0000000684000000| Untracked 
|  51|0x0000000684100000, 0x0000000684100000, 0x0000000684200000|  0%| F|  |TAMS 0x0000000684100000, 0x0000000684100000| Untracked 
|  52|0x0000000684200000, 0x0000000684200000, 0x0000000684300000|  0%| F|  |TAMS 0x0000000684200000, 0x0000000684200000| Untracked 
|  53|0x0000000684300000, 0x0000000684300000, 0x0000000684400000|  0%| F|  |TAMS 0x0000000684300000, 0x0000000684300000| Untracked 
|  54|0x0000000684400000, 0x0000000684400000, 0x0000000684500000|  0%| F|  |TAMS 0x0000000684400000, 0x0000000684400000| Untracked 
|  55|0x0000000684500000, 0x0000000684500000, 0x0000000684600000|  0%| F|  |TAMS 0x0000000684500000, 0x0000000684500000| Untracked 
|  56|0x0000000684600000, 0x0000000684600000, 0x0000000684700000|  0%| F|  |TAMS 0x0000000684600000, 0x0000000684600000| Untracked 
|  57|0x0000000684700000, 0x0000000684700000, 0x0000000684800000|  0%| F|  |TAMS 0x0000000684700000, 0x0000000684700000| Untracked 
|  58|0x0000000684800000, 0x0000000684800000, 0x0000000684900000|  0%| F|  |TAMS 0x0000000684800000, 0x0000000684800000| Untracked 
|  59|0x0000000684900000, 0x0000000684900000, 0x0000000684a00000|  0%| F|  |TAMS 0x0000000684900000, 0x0000000684900000| Untracked 
|  60|0x0000000684a00000, 0x0000000684a00000, 0x0000000684b00000|  0%| F|  |TAMS 0x0000000684a00000, 0x0000000684a00000| Untracked 
|  61|0x0000000684b00000, 0x0000000684b00000, 0x0000000684c00000|  0%| F|  |TAMS 0x0000000684b00000, 0x0000000684b00000| Untracked 
|  62|0x0000000684c00000, 0x0000000684c00000, 0x0000000684d00000|  0%| F|  |TAMS 0x0000000684c00000, 0x0000000684c00000| Untracked 
|  63|0x0000000684d00000, 0x0000000684d00000, 0x0000000684e00000|  0%| F|  |TAMS 0x0000000684d00000, 0x0000000684d00000| Untracked 
|  64|0x0000000684e00000, 0x0000000684e00000, 0x0000000684f00000|  0%| F|  |TAMS 0x0000000684e00000, 0x0000000684e00000| Untracked 
|  65|0x0000000684f00000, 0x0000000684f00000, 0x0000000685000000|  0%| F|  |TAMS 0x0000000684f00000, 0x0000000684f00000| Untracked 
|  66|0x0000000685000000, 0x0000000685000000, 0x0000000685100000|  0%| F|  |TAMS 0x0000000685000000, 0x0000000685000000| Untracked 
|  67|0x0000000685100000, 0x0000000685100000, 0x0000000685200000|  0%| F|  |TAMS 0x0000000685100000, 0x0000000685100000| Untracked 
|  68|0x0000000685200000, 0x0000000685200000, 0x0000000685300000|  0%| F|  |TAMS 0x0000000685200000, 0x0000000685200000| Untracked 
|  69|0x0000000685300000, 0x0000000685300000, 0x0000000685400000|  0%| F|  |TAMS 0x0000000685300000, 0x0000000685300000| Untracked 
|  70|0x0000000685400000, 0x0000000685400000, 0x0000000685500000|  0%| F|  |TAMS 0x0000000685400000, 0x0000000685400000| Untracked 
|  71|0x0000000685500000, 0x0000000685500000, 0x0000000685600000|  0%| F|  |TAMS 0x0000000685500000, 0x0000000685500000| Untracked 
|  72|0x0000000685600000, 0x0000000685600000, 0x0000000685700000|  0%| F|  |TAMS 0x0000000685600000, 0x0000000685600000| Untracked 
|  73|0x0000000685700000, 0x0000000685700000, 0x0000000685800000|  0%| F|  |TAMS 0x0000000685700000, 0x0000000685700000| Untracked 
|  74|0x0000000685800000, 0x0000000685800000, 0x0000000685900000|  0%| F|  |TAMS 0x0000000685800000, 0x0000000685800000| Untracked 
|  75|0x0000000685900000, 0x0000000685900000, 0x0000000685a00000|  0%| F|  |TAMS 0x0000000685900000, 0x0000000685900000| Untracked 
|  76|0x0000000685a00000, 0x0000000685a00000, 0x0000000685b00000|  0%| F|  |TAMS 0x0000000685a00000, 0x0000000685a00000| Untracked 
|  77|0x0000000685b00000, 0x0000000685b00000, 0x0000000685c00000|  0%| F|  |TAMS 0x0000000685b00000, 0x0000000685b00000| Untracked 
|  78|0x0000000685c00000, 0x0000000685c00000, 0x0000000685d00000|  0%| F|  |TAMS 0x0000000685c00000, 0x0000000685c00000| Untracked 
|  79|0x0000000685d00000, 0x0000000685d00000, 0x0000000685e00000|  0%| F|  |TAMS 0x0000000685d00000, 0x0000000685d00000| Untracked 
|  80|0x0000000685e00000, 0x0000000685e00000, 0x0000000685f00000|  0%| F|  |TAMS 0x0000000685e00000, 0x0000000685e00000| Untracked 
|  81|0x0000000685f00000, 0x0000000685f00000, 0x0000000686000000|  0%| F|  |TAMS 0x0000000685f00000, 0x0000000685f00000| Untracked 
|  82|0x0000000686000000, 0x0000000686000000, 0x0000000686100000|  0%| F|  |TAMS 0x0000000686000000, 0x0000000686000000| Untracked 
|  83|0x0000000686100000, 0x0000000686100000, 0x0000000686200000|  0%| F|  |TAMS 0x0000000686100000, 0x0000000686100000| Untracked 
|  84|0x0000000686200000, 0x0000000686200000, 0x0000000686300000|  0%| F|  |TAMS 0x0000000686200000, 0x0000000686200000| Untracked 
|  85|0x0000000686300000, 0x0000000686300000, 0x0000000686400000|  0%| F|  |TAMS 0x0000000686300000, 0x0000000686300000| Untracked 
|  86|0x0000000686400000, 0x0000000686400000, 0x0000000686500000|  0%| F|  |TAMS 0x0000000686400000, 0x0000000686400000| Untracked 
|  87|0x0000000686500000, 0x0000000686500000, 0x0000000686600000|  0%| F|  |TAMS 0x0000000686500000, 0x0000000686500000| Untracked 
|  88|0x0000000686600000, 0x0000000686600000, 0x0000000686700000|  0%| F|  |TAMS 0x0000000686600000, 0x0000000686600000| Untracked 
|  89|0x0000000686700000, 0x0000000686700000, 0x0000000686800000|  0%| F|  |TAMS 0x0000000686700000, 0x0000000686700000| Untracked 
|  90|0x0000000686800000, 0x0000000686800000, 0x0000000686900000|  0%| F|  |TAMS 0x0000000686800000, 0x0000000686800000| Untracked 
|  91|0x0000000686900000, 0x0000000686900000, 0x0000000686a00000|  0%| F|  |TAMS 0x0000000686900000, 0x0000000686900000| Untracked 
|  92|0x0000000686a00000, 0x0000000686a00000, 0x0000000686b00000|  0%| F|  |TAMS 0x0000000686a00000, 0x0000000686a00000| Untracked 
|  93|0x0000000686b00000, 0x0000000686b00000, 0x0000000686c00000|  0%| F|  |TAMS 0x0000000686b00000, 0x0000000686b00000| Untracked 
|  94|0x0000000686c00000, 0x0000000686c00000, 0x0000000686d00000|  0%| F|  |TAMS 0x0000000686c00000, 0x0000000686c00000| Untracked 
|  95|0x0000000686d00000, 0x0000000686d00000, 0x0000000686e00000|  0%| F|  |TAMS 0x0000000686d00000, 0x0000000686d00000| Untracked 
|  96|0x0000000686e00000, 0x0000000686e00000, 0x0000000686f00000|  0%| F|  |TAMS 0x0000000686e00000, 0x0000000686e00000| Untracked 
|  97|0x0000000686f00000, 0x0000000686f00000, 0x0000000687000000|  0%| F|  |TAMS 0x0000000686f00000, 0x0000000686f00000| Untracked 
|  98|0x0000000687000000, 0x0000000687000000, 0x0000000687100000|  0%| F|  |TAMS 0x0000000687000000, 0x0000000687000000| Untracked 
|  99|0x0000000687100000, 0x0000000687100000, 0x0000000687200000|  0%| F|  |TAMS 0x0000000687100000, 0x0000000687100000| Untracked 
| 100|0x0000000687200000, 0x0000000687200000, 0x0000000687300000|  0%| F|  |TAMS 0x0000000687200000, 0x0000000687200000| Untracked 
| 101|0x0000000687300000, 0x0000000687300000, 0x0000000687400000|  0%| F|  |TAMS 0x0000000687300000, 0x0000000687300000| Untracked 
| 102|0x0000000687400000, 0x0000000687400000, 0x0000000687500000|  0%| F|  |TAMS 0x0000000687400000, 0x0000000687400000| Untracked 
| 103|0x0000000687500000, 0x0000000687500000, 0x0000000687600000|  0%| F|  |TAMS 0x0000000687500000, 0x0000000687500000| Untracked 
| 104|0x0000000687600000, 0x0000000687600000, 0x0000000687700000|  0%| F|  |TAMS 0x0000000687600000, 0x0000000687600000| Untracked 
| 105|0x0000000687700000, 0x0000000687700000, 0x0000000687800000|  0%| F|  |TAMS 0x0000000687700000, 0x0000000687700000| Untracked 
| 106|0x0000000687800000, 0x0000000687800000, 0x0000000687900000|  0%| F|  |TAMS 0x0000000687800000, 0x0000000687800000| Untracked 
| 107|0x0000000687900000, 0x0000000687900000, 0x0000000687a00000|  0%| F|  |TAMS 0x0000000687900000, 0x0000000687900000| Untracked 
| 108|0x0000000687a00000, 0x0000000687a00000, 0x0000000687b00000|  0%| F|  |TAMS 0x0000000687a00000, 0x0000000687a00000| Untracked 
| 109|0x0000000687b00000, 0x0000000687b00000, 0x0000000687c00000|  0%| F|  |TAMS 0x0000000687b00000, 0x0000000687b00000| Untracked 
| 110|0x0000000687c00000, 0x0000000687c00000, 0x0000000687d00000|  0%| F|  |TAMS 0x0000000687c00000, 0x0000000687c00000| Untracked 
| 111|0x0000000687d00000, 0x0000000687d00000, 0x0000000687e00000|  0%| F|  |TAMS 0x0000000687d00000, 0x0000000687d00000| Untracked 
| 112|0x0000000687e00000, 0x0000000687e00000, 0x0000000687f00000|  0%| F|  |TAMS 0x0000000687e00000, 0x0000000687e00000| Untracked 
| 113|0x0000000687f00000, 0x0000000687f00000, 0x0000000688000000|  0%| F|  |TAMS 0x0000000687f00000, 0x0000000687f00000| Untracked 
| 114|0x0000000688000000, 0x0000000688000000, 0x0000000688100000|  0%| F|  |TAMS 0x0000000688000000, 0x0000000688000000| Untracked 
| 115|0x0000000688100000, 0x0000000688100000, 0x0000000688200000|  0%| F|  |TAMS 0x0000000688100000, 0x0000000688100000| Untracked 
| 116|0x0000000688200000, 0x0000000688200000, 0x0000000688300000|  0%| F|  |TAMS 0x0000000688200000, 0x0000000688200000| Untracked 
| 117|0x0000000688300000, 0x0000000688300000, 0x0000000688400000|  0%| F|  |TAMS 0x0000000688300000, 0x0000000688300000| Untracked 
| 118|0x0000000688400000, 0x0000000688400000, 0x0000000688500000|  0%| F|  |TAMS 0x0000000688400000, 0x0000000688400000| Untracked 
| 119|0x0000000688500000, 0x0000000688500000, 0x0000000688600000|  0%| F|  |TAMS 0x0000000688500000, 0x0000000688500000| Untracked 
| 120|0x0000000688600000, 0x0000000688600000, 0x0000000688700000|  0%| F|  |TAMS 0x0000000688600000, 0x0000000688600000| Untracked 
| 121|0x0000000688700000, 0x0000000688700000, 0x0000000688800000|  0%| F|  |TAMS 0x0000000688700000, 0x0000000688700000| Untracked 
| 122|0x0000000688800000, 0x0000000688800000, 0x0000000688900000|  0%| F|  |TAMS 0x0000000688800000, 0x0000000688800000| Untracked 
| 123|0x0000000688900000, 0x0000000688900000, 0x0000000688a00000|  0%| F|  |TAMS 0x0000000688900000, 0x0000000688900000| Untracked 
| 124|0x0000000688a00000, 0x0000000688a00000, 0x0000000688b00000|  0%| F|  |TAMS 0x0000000688a00000, 0x0000000688a00000| Untracked 
| 125|0x0000000688b00000, 0x0000000688b00000, 0x0000000688c00000|  0%| F|  |TAMS 0x0000000688b00000, 0x0000000688b00000| Untracked 
| 126|0x0000000688c00000, 0x0000000688c00000, 0x0000000688d00000|  0%| F|  |TAMS 0x0000000688c00000, 0x0000000688c00000| Untracked 
| 127|0x0000000688d00000, 0x0000000688d00000, 0x0000000688e00000|  0%| F|  |TAMS 0x0000000688d00000, 0x0000000688d00000| Untracked 
| 128|0x0000000688e00000, 0x0000000688e00000, 0x0000000688f00000|  0%| F|  |TAMS 0x0000000688e00000, 0x0000000688e00000| Untracked 
| 129|0x0000000688f00000, 0x0000000688f00000, 0x0000000689000000|  0%| F|  |TAMS 0x0000000688f00000, 0x0000000688f00000| Untracked 
| 130|0x0000000689000000, 0x0000000689000000, 0x0000000689100000|  0%| F|  |TAMS 0x0000000689000000, 0x0000000689000000| Untracked 
| 131|0x0000000689100000, 0x0000000689100000, 0x0000000689200000|  0%| F|  |TAMS 0x0000000689100000, 0x0000000689100000| Untracked 
| 132|0x0000000689200000, 0x0000000689200000, 0x0000000689300000|  0%| F|  |TAMS 0x0000000689200000, 0x0000000689200000| Untracked 
| 133|0x0000000689300000, 0x0000000689300000, 0x0000000689400000|  0%| F|  |TAMS 0x0000000689300000, 0x0000000689300000| Untracked 
| 134|0x0000000689400000, 0x0000000689400000, 0x0000000689500000|  0%| F|  |TAMS 0x0000000689400000, 0x0000000689400000| Untracked 
| 135|0x0000000689500000, 0x0000000689500000, 0x0000000689600000|  0%| F|  |TAMS 0x0000000689500000, 0x0000000689500000| Untracked 
| 136|0x0000000689600000, 0x0000000689600000, 0x0000000689700000|  0%| F|  |TAMS 0x0000000689600000, 0x0000000689600000| Untracked 
| 137|0x0000000689700000, 0x0000000689700000, 0x0000000689800000|  0%| F|  |TAMS 0x0000000689700000, 0x0000000689700000| Untracked 
| 138|0x0000000689800000, 0x0000000689800000, 0x0000000689900000|  0%| F|  |TAMS 0x0000000689800000, 0x0000000689800000| Untracked 
| 139|0x0000000689900000, 0x0000000689900000, 0x0000000689a00000|  0%| F|  |TAMS 0x0000000689900000, 0x0000000689900000| Untracked 
| 140|0x0000000689a00000, 0x0000000689a00000, 0x0000000689b00000|  0%| F|  |TAMS 0x0000000689a00000, 0x0000000689a00000| Untracked 
| 141|0x0000000689b00000, 0x0000000689b00000, 0x0000000689c00000|  0%| F|  |TAMS 0x0000000689b00000, 0x0000000689b00000| Untracked 
| 142|0x0000000689c00000, 0x0000000689c00000, 0x0000000689d00000|  0%| F|  |TAMS 0x0000000689c00000, 0x0000000689c00000| Untracked 
| 143|0x0000000689d00000, 0x0000000689d00000, 0x0000000689e00000|  0%| F|  |TAMS 0x0000000689d00000, 0x0000000689d00000| Untracked 
| 144|0x0000000689e00000, 0x0000000689e00000, 0x0000000689f00000|  0%| F|  |TAMS 0x0000000689e00000, 0x0000000689e00000| Untracked 
| 145|0x0000000689f00000, 0x0000000689f00000, 0x000000068a000000|  0%| F|  |TAMS 0x0000000689f00000, 0x0000000689f00000| Untracked 
| 146|0x000000068a000000, 0x000000068a000000, 0x000000068a100000|  0%| F|  |TAMS 0x000000068a000000, 0x000000068a000000| Untracked 
| 147|0x000000068a100000, 0x000000068a100000, 0x000000068a200000|  0%| F|  |TAMS 0x000000068a100000, 0x000000068a100000| Untracked 
| 148|0x000000068a200000, 0x000000068a200000, 0x000000068a300000|  0%| F|  |TAMS 0x000000068a200000, 0x000000068a200000| Untracked 
| 149|0x000000068a300000, 0x000000068a300000, 0x000000068a400000|  0%| F|  |TAMS 0x000000068a300000, 0x000000068a300000| Untracked 
| 150|0x000000068a400000, 0x000000068a4f87f8, 0x000000068a500000| 97%| S|CS|TAMS 0x000000068a400000, 0x000000068a400000| Complete 
| 151|0x000000068a500000, 0x000000068a600000, 0x000000068a600000|100%| S|CS|TAMS 0x000000068a500000, 0x000000068a500000| Complete 
| 152|0x000000068a600000, 0x000000068a700000, 0x000000068a700000|100%| S|CS|TAMS 0x000000068a600000, 0x000000068a600000| Complete 
| 153|0x000000068a700000, 0x000000068a800000, 0x000000068a800000|100%| S|CS|TAMS 0x000000068a700000, 0x000000068a700000| Complete 
| 154|0x000000068a800000, 0x000000068a800000, 0x000000068a900000|  0%| F|  |TAMS 0x000000068a800000, 0x000000068a800000| Untracked 
| 155|0x000000068a900000, 0x000000068a900000, 0x000000068aa00000|  0%| F|  |TAMS 0x000000068a900000, 0x000000068a900000| Untracked 
| 156|0x000000068aa00000, 0x000000068aa00000, 0x000000068ab00000|  0%| F|  |TAMS 0x000000068aa00000, 0x000000068aa00000| Untracked 
| 157|0x000000068ab00000, 0x000000068ab00000, 0x000000068ac00000|  0%| F|  |TAMS 0x000000068ab00000, 0x000000068ab00000| Untracked 
| 158|0x000000068ac00000, 0x000000068ac00000, 0x000000068ad00000|  0%| F|  |TAMS 0x000000068ac00000, 0x000000068ac00000| Untracked 
| 159|0x000000068ad00000, 0x000000068ad00000, 0x000000068ae00000|  0%| F|  |TAMS 0x000000068ad00000, 0x000000068ad00000| Untracked 
| 160|0x000000068ae00000, 0x000000068ae00000, 0x000000068af00000|  0%| F|  |TAMS 0x000000068ae00000, 0x000000068ae00000| Untracked 
| 161|0x000000068af00000, 0x000000068af00000, 0x000000068b000000|  0%| F|  |TAMS 0x000000068af00000, 0x000000068af00000| Untracked 
| 162|0x000000068b000000, 0x000000068b000000, 0x000000068b100000|  0%| F|  |TAMS 0x000000068b000000, 0x000000068b000000| Untracked 
| 163|0x000000068b100000, 0x000000068b100000, 0x000000068b200000|  0%| F|  |TAMS 0x000000068b100000, 0x000000068b100000| Untracked 
| 164|0x000000068b200000, 0x000000068b200000, 0x000000068b300000|  0%| F|  |TAMS 0x000000068b200000, 0x000000068b200000| Untracked 
| 165|0x000000068b300000, 0x000000068b300000, 0x000000068b400000|  0%| F|  |TAMS 0x000000068b300000, 0x000000068b300000| Untracked 
| 166|0x000000068b400000, 0x000000068b400000, 0x000000068b500000|  0%| F|  |TAMS 0x000000068b400000, 0x000000068b400000| Untracked 
| 167|0x000000068b500000, 0x000000068b500000, 0x000000068b600000|  0%| F|  |TAMS 0x000000068b500000, 0x000000068b500000| Untracked 
| 168|0x000000068b600000, 0x000000068b600000, 0x000000068b700000|  0%| F|  |TAMS 0x000000068b600000, 0x000000068b600000| Untracked 
| 169|0x000000068b700000, 0x000000068b700000, 0x000000068b800000|  0%| F|  |TAMS 0x000000068b700000, 0x000000068b700000| Untracked 
| 170|0x000000068b800000, 0x000000068b800000, 0x000000068b900000|  0%| F|  |TAMS 0x000000068b800000, 0x000000068b800000| Untracked 
| 171|0x000000068b900000, 0x000000068b900000, 0x000000068ba00000|  0%| F|  |TAMS 0x000000068b900000, 0x000000068b900000| Untracked 
| 172|0x000000068ba00000, 0x000000068ba00000, 0x000000068bb00000|  0%| F|  |TAMS 0x000000068ba00000, 0x000000068ba00000| Untracked 
| 173|0x000000068bb00000, 0x000000068bb00000, 0x000000068bc00000|  0%| F|  |TAMS 0x000000068bb00000, 0x000000068bb00000| Untracked 
| 174|0x000000068bc00000, 0x000000068bc00000, 0x000000068bd00000|  0%| F|  |TAMS 0x000000068bc00000, 0x000000068bc00000| Untracked 
| 175|0x000000068bd00000, 0x000000068bd00000, 0x000000068be00000|  0%| F|  |TAMS 0x000000068bd00000, 0x000000068bd00000| Untracked 
| 176|0x000000068be00000, 0x000000068be00000, 0x000000068bf00000|  0%| F|  |TAMS 0x000000068be00000, 0x000000068be00000| Untracked 
| 177|0x000000068bf00000, 0x000000068bf00000, 0x000000068c000000|  0%| F|  |TAMS 0x000000068bf00000, 0x000000068bf00000| Untracked 
| 178|0x000000068c000000, 0x000000068c000000, 0x000000068c100000|  0%| F|  |TAMS 0x000000068c000000, 0x000000068c000000| Untracked 
| 179|0x000000068c100000, 0x000000068c100000, 0x000000068c200000|  0%| F|  |TAMS 0x000000068c100000, 0x000000068c100000| Untracked 
| 180|0x000000068c200000, 0x000000068c200000, 0x000000068c300000|  0%| F|  |TAMS 0x000000068c200000, 0x000000068c200000| Untracked 
| 181|0x000000068c300000, 0x000000068c300000, 0x000000068c400000|  0%| F|  |TAMS 0x000000068c300000, 0x000000068c300000| Untracked 
| 182|0x000000068c400000, 0x000000068c400000, 0x000000068c500000|  0%| F|  |TAMS 0x000000068c400000, 0x000000068c400000| Untracked 
| 183|0x000000068c500000, 0x000000068c500000, 0x000000068c600000|  0%| F|  |TAMS 0x000000068c500000, 0x000000068c500000| Untracked 
| 184|0x000000068c600000, 0x000000068c600000, 0x000000068c700000|  0%| F|  |TAMS 0x000000068c600000, 0x000000068c600000| Untracked 
| 185|0x000000068c700000, 0x000000068c700000, 0x000000068c800000|  0%| F|  |TAMS 0x000000068c700000, 0x000000068c700000| Untracked 
| 186|0x000000068c800000, 0x000000068c800000, 0x000000068c900000|  0%| F|  |TAMS 0x000000068c800000, 0x000000068c800000| Untracked 
| 187|0x000000068c900000, 0x000000068c900000, 0x000000068ca00000|  0%| F|  |TAMS 0x000000068c900000, 0x000000068c900000| Untracked 
| 188|0x000000068ca00000, 0x000000068ca00000, 0x000000068cb00000|  0%| F|  |TAMS 0x000000068ca00000, 0x000000068ca00000| Untracked 
| 189|0x000000068cb00000, 0x000000068cb00000, 0x000000068cc00000|  0%| F|  |TAMS 0x000000068cb00000, 0x000000068cb00000| Untracked 
| 190|0x000000068cc00000, 0x000000068cc00000, 0x000000068cd00000|  0%| F|  |TAMS 0x000000068cc00000, 0x000000068cc00000| Untracked 
| 191|0x000000068cd00000, 0x000000068cd00000, 0x000000068ce00000|  0%| F|  |TAMS 0x000000068cd00000, 0x000000068cd00000| Untracked 
| 192|0x000000068ce00000, 0x000000068ce00000, 0x000000068cf00000|  0%| F|  |TAMS 0x000000068ce00000, 0x000000068ce00000| Untracked 
| 193|0x000000068cf00000, 0x000000068cf00000, 0x000000068d000000|  0%| F|  |TAMS 0x000000068cf00000, 0x000000068cf00000| Untracked 
| 194|0x000000068d000000, 0x000000068d000000, 0x000000068d100000|  0%| F|  |TAMS 0x000000068d000000, 0x000000068d000000| Untracked 
| 195|0x000000068d100000, 0x000000068d100000, 0x000000068d200000|  0%| F|  |TAMS 0x000000068d100000, 0x000000068d100000| Untracked 
| 196|0x000000068d200000, 0x000000068d200000, 0x000000068d300000|  0%| F|  |TAMS 0x000000068d200000, 0x000000068d200000| Untracked 
| 197|0x000000068d300000, 0x000000068d300000, 0x000000068d400000|  0%| F|  |TAMS 0x000000068d300000, 0x000000068d300000| Untracked 
| 198|0x000000068d400000, 0x000000068d400000, 0x000000068d500000|  0%| F|  |TAMS 0x000000068d400000, 0x000000068d400000| Untracked 
| 199|0x000000068d500000, 0x000000068d500000, 0x000000068d600000|  0%| F|  |TAMS 0x000000068d500000, 0x000000068d500000| Untracked 
| 200|0x000000068d600000, 0x000000068d600000, 0x000000068d700000|  0%| F|  |TAMS 0x000000068d600000, 0x000000068d600000| Untracked 
| 201|0x000000068d700000, 0x000000068d700000, 0x000000068d800000|  0%| F|  |TAMS 0x000000068d700000, 0x000000068d700000| Untracked 
| 202|0x000000068d800000, 0x000000068d800000, 0x000000068d900000|  0%| F|  |TAMS 0x000000068d800000, 0x000000068d800000| Untracked 
| 203|0x000000068d900000, 0x000000068d900000, 0x000000068da00000|  0%| F|  |TAMS 0x000000068d900000, 0x000000068d900000| Untracked 
| 204|0x000000068da00000, 0x000000068da00000, 0x000000068db00000|  0%| F|  |TAMS 0x000000068da00000, 0x000000068da00000| Untracked 
| 205|0x000000068db00000, 0x000000068db00000, 0x000000068dc00000|  0%| F|  |TAMS 0x000000068db00000, 0x000000068db00000| Untracked 
| 206|0x000000068dc00000, 0x000000068dc00000, 0x000000068dd00000|  0%| F|  |TAMS 0x000000068dc00000, 0x000000068dc00000| Untracked 
| 207|0x000000068dd00000, 0x000000068dd00000, 0x000000068de00000|  0%| F|  |TAMS 0x000000068dd00000, 0x000000068dd00000| Untracked 
| 208|0x000000068de00000, 0x000000068de00000, 0x000000068df00000|  0%| F|  |TAMS 0x000000068de00000, 0x000000068de00000| Untracked 
| 209|0x000000068df00000, 0x000000068df00000, 0x000000068e000000|  0%| F|  |TAMS 0x000000068df00000, 0x000000068df00000| Untracked 
| 210|0x000000068e000000, 0x000000068e000000, 0x000000068e100000|  0%| F|  |TAMS 0x000000068e000000, 0x000000068e000000| Untracked 
| 211|0x000000068e100000, 0x000000068e100000, 0x000000068e200000|  0%| F|  |TAMS 0x000000068e100000, 0x000000068e100000| Untracked 
| 212|0x000000068e200000, 0x000000068e200000, 0x000000068e300000|  0%| F|  |TAMS 0x000000068e200000, 0x000000068e200000| Untracked 
| 213|0x000000068e300000, 0x000000068e300000, 0x000000068e400000|  0%| F|  |TAMS 0x000000068e300000, 0x000000068e300000| Untracked 
| 214|0x000000068e400000, 0x000000068e400000, 0x000000068e500000|  0%| F|  |TAMS 0x000000068e400000, 0x000000068e400000| Untracked 
| 215|0x000000068e500000, 0x000000068e500000, 0x000000068e600000|  0%| F|  |TAMS 0x000000068e500000, 0x000000068e500000| Untracked 
| 216|0x000000068e600000, 0x000000068e600000, 0x000000068e700000|  0%| F|  |TAMS 0x000000068e600000, 0x000000068e600000| Untracked 
| 217|0x000000068e700000, 0x000000068e700000, 0x000000068e800000|  0%| F|  |TAMS 0x000000068e700000, 0x000000068e700000| Untracked 
| 218|0x000000068e800000, 0x000000068e800000, 0x000000068e900000|  0%| F|  |TAMS 0x000000068e800000, 0x000000068e800000| Untracked 
| 219|0x000000068e900000, 0x000000068e900000, 0x000000068ea00000|  0%| F|  |TAMS 0x000000068e900000, 0x000000068e900000| Untracked 
| 220|0x000000068ea00000, 0x000000068ea00000, 0x000000068eb00000|  0%| F|  |TAMS 0x000000068ea00000, 0x000000068ea00000| Untracked 
| 221|0x000000068eb00000, 0x000000068eb00000, 0x000000068ec00000|  0%| F|  |TAMS 0x000000068eb00000, 0x000000068eb00000| Untracked 
| 222|0x000000068ec00000, 0x000000068ec00000, 0x000000068ed00000|  0%| F|  |TAMS 0x000000068ec00000, 0x000000068ec00000| Untracked 
| 223|0x000000068ed00000, 0x000000068ed00000, 0x000000068ee00000|  0%| F|  |TAMS 0x000000068ed00000, 0x000000068ed00000| Untracked 
| 224|0x000000068ee00000, 0x000000068ee00000, 0x000000068ef00000|  0%| F|  |TAMS 0x000000068ee00000, 0x000000068ee00000| Untracked 
| 225|0x000000068ef00000, 0x000000068ef00000, 0x000000068f000000|  0%| F|  |TAMS 0x000000068ef00000, 0x000000068ef00000| Untracked 
| 226|0x000000068f000000, 0x000000068f000000, 0x000000068f100000|  0%| F|  |TAMS 0x000000068f000000, 0x000000068f000000| Untracked 
| 227|0x000000068f100000, 0x000000068f100000, 0x000000068f200000|  0%| F|  |TAMS 0x000000068f100000, 0x000000068f100000| Untracked 
| 228|0x000000068f200000, 0x000000068f200000, 0x000000068f300000|  0%| F|  |TAMS 0x000000068f200000, 0x000000068f200000| Untracked 
| 229|0x000000068f300000, 0x000000068f300000, 0x000000068f400000|  0%| F|  |TAMS 0x000000068f300000, 0x000000068f300000| Untracked 
| 230|0x000000068f400000, 0x000000068f400000, 0x000000068f500000|  0%| F|  |TAMS 0x000000068f400000, 0x000000068f400000| Untracked 
| 231|0x000000068f500000, 0x000000068f500000, 0x000000068f600000|  0%| F|  |TAMS 0x000000068f500000, 0x000000068f500000| Untracked 
| 232|0x000000068f600000, 0x000000068f600000, 0x000000068f700000|  0%| F|  |TAMS 0x000000068f600000, 0x000000068f600000| Untracked 
| 233|0x000000068f700000, 0x000000068f700000, 0x000000068f800000|  0%| F|  |TAMS 0x000000068f700000, 0x000000068f700000| Untracked 
| 234|0x000000068f800000, 0x000000068f800000, 0x000000068f900000|  0%| F|  |TAMS 0x000000068f800000, 0x000000068f800000| Untracked 
| 235|0x000000068f900000, 0x000000068f900000, 0x000000068fa00000|  0%| F|  |TAMS 0x000000068f900000, 0x000000068f900000| Untracked 
| 236|0x000000068fa00000, 0x000000068fa00000, 0x000000068fb00000|  0%| F|  |TAMS 0x000000068fa00000, 0x000000068fa00000| Untracked 
| 237|0x000000068fb00000, 0x000000068fb00000, 0x000000068fc00000|  0%| F|  |TAMS 0x000000068fb00000, 0x000000068fb00000| Untracked 
| 238|0x000000068fc00000, 0x000000068fc00000, 0x000000068fd00000|  0%| F|  |TAMS 0x000000068fc00000, 0x000000068fc00000| Untracked 
| 239|0x000000068fd00000, 0x000000068fd00000, 0x000000068fe00000|  0%| F|  |TAMS 0x000000068fd00000, 0x000000068fd00000| Untracked 
| 240|0x000000068fe00000, 0x000000068fe00000, 0x000000068ff00000|  0%| F|  |TAMS 0x000000068fe00000, 0x000000068fe00000| Untracked 
| 241|0x000000068ff00000, 0x000000068ff00000, 0x0000000690000000|  0%| F|  |TAMS 0x000000068ff00000, 0x000000068ff00000| Untracked 
| 242|0x0000000690000000, 0x0000000690000000, 0x0000000690100000|  0%| F|  |TAMS 0x0000000690000000, 0x0000000690000000| Untracked 
| 243|0x0000000690100000, 0x0000000690100000, 0x0000000690200000|  0%| F|  |TAMS 0x0000000690100000, 0x0000000690100000| Untracked 
| 244|0x0000000690200000, 0x0000000690200000, 0x0000000690300000|  0%| F|  |TAMS 0x0000000690200000, 0x0000000690200000| Untracked 
| 245|0x0000000690300000, 0x0000000690300000, 0x0000000690400000|  0%| F|  |TAMS 0x0000000690300000, 0x0000000690300000| Untracked 
| 246|0x0000000690400000, 0x0000000690400000, 0x0000000690500000|  0%| F|  |TAMS 0x0000000690400000, 0x0000000690400000| Untracked 
| 247|0x0000000690500000, 0x0000000690500000, 0x0000000690600000|  0%| F|  |TAMS 0x0000000690500000, 0x0000000690500000| Untracked 
| 248|0x0000000690600000, 0x0000000690600000, 0x0000000690700000|  0%| F|  |TAMS 0x0000000690600000, 0x0000000690600000| Untracked 
| 249|0x0000000690700000, 0x0000000690700000, 0x0000000690800000|  0%| F|  |TAMS 0x0000000690700000, 0x0000000690700000| Untracked 
| 250|0x0000000690800000, 0x0000000690800000, 0x0000000690900000|  0%| F|  |TAMS 0x0000000690800000, 0x0000000690800000| Untracked 
| 251|0x0000000690900000, 0x0000000690900000, 0x0000000690a00000|  0%| F|  |TAMS 0x0000000690900000, 0x0000000690900000| Untracked 
| 252|0x0000000690a00000, 0x0000000690a00000, 0x0000000690b00000|  0%| F|  |TAMS 0x0000000690a00000, 0x0000000690a00000| Untracked 
| 253|0x0000000690b00000, 0x0000000690b00000, 0x0000000690c00000|  0%| F|  |TAMS 0x0000000690b00000, 0x0000000690b00000| Untracked 
| 254|0x0000000690c00000, 0x0000000690c00000, 0x0000000690d00000|  0%| F|  |TAMS 0x0000000690c00000, 0x0000000690c00000| Untracked 
| 255|0x0000000690d00000, 0x0000000690d00000, 0x0000000690e00000|  0%| F|  |TAMS 0x0000000690d00000, 0x0000000690d00000| Untracked 
| 256|0x0000000690e00000, 0x0000000690e00000, 0x0000000690f00000|  0%| F|  |TAMS 0x0000000690e00000, 0x0000000690e00000| Untracked 
| 257|0x0000000690f00000, 0x0000000690f00000, 0x0000000691000000|  0%| F|  |TAMS 0x0000000690f00000, 0x0000000690f00000| Untracked 
| 258|0x0000000691000000, 0x0000000691000000, 0x0000000691100000|  0%| F|  |TAMS 0x0000000691000000, 0x0000000691000000| Untracked 
| 259|0x0000000691100000, 0x0000000691100000, 0x0000000691200000|  0%| F|  |TAMS 0x0000000691100000, 0x0000000691100000| Untracked 
| 260|0x0000000691200000, 0x0000000691200000, 0x0000000691300000|  0%| F|  |TAMS 0x0000000691200000, 0x0000000691200000| Untracked 
| 261|0x0000000691300000, 0x0000000691300000, 0x0000000691400000|  0%| F|  |TAMS 0x0000000691300000, 0x0000000691300000| Untracked 
| 262|0x0000000691400000, 0x0000000691400000, 0x0000000691500000|  0%| F|  |TAMS 0x0000000691400000, 0x0000000691400000| Untracked 
| 263|0x0000000691500000, 0x0000000691500000, 0x0000000691600000|  0%| F|  |TAMS 0x0000000691500000, 0x0000000691500000| Untracked 
| 264|0x0000000691600000, 0x0000000691600000, 0x0000000691700000|  0%| F|  |TAMS 0x0000000691600000, 0x0000000691600000| Untracked 
| 265|0x0000000691700000, 0x0000000691700000, 0x0000000691800000|  0%| F|  |TAMS 0x0000000691700000, 0x0000000691700000| Untracked 
| 266|0x0000000691800000, 0x0000000691800000, 0x0000000691900000|  0%| F|  |TAMS 0x0000000691800000, 0x0000000691800000| Untracked 
| 267|0x0000000691900000, 0x0000000691900000, 0x0000000691a00000|  0%| F|  |TAMS 0x0000000691900000, 0x0000000691900000| Untracked 
| 268|0x0000000691a00000, 0x0000000691a00000, 0x0000000691b00000|  0%| F|  |TAMS 0x0000000691a00000, 0x0000000691a00000| Untracked 
| 269|0x0000000691b00000, 0x0000000691b00000, 0x0000000691c00000|  0%| F|  |TAMS 0x0000000691b00000, 0x0000000691b00000| Untracked 
| 270|0x0000000691c00000, 0x0000000691c00000, 0x0000000691d00000|  0%| F|  |TAMS 0x0000000691c00000, 0x0000000691c00000| Untracked 
| 271|0x0000000691d00000, 0x0000000691d00000, 0x0000000691e00000|  0%| F|  |TAMS 0x0000000691d00000, 0x0000000691d00000| Untracked 
| 272|0x0000000691e00000, 0x0000000691e00000, 0x0000000691f00000|  0%| F|  |TAMS 0x0000000691e00000, 0x0000000691e00000| Untracked 
| 273|0x0000000691f00000, 0x0000000691f00000, 0x0000000692000000|  0%| F|  |TAMS 0x0000000691f00000, 0x0000000691f00000| Untracked 
| 274|0x0000000692000000, 0x0000000692000000, 0x0000000692100000|  0%| F|  |TAMS 0x0000000692000000, 0x0000000692000000| Untracked 
| 275|0x0000000692100000, 0x0000000692100000, 0x0000000692200000|  0%| F|  |TAMS 0x0000000692100000, 0x0000000692100000| Untracked 
| 276|0x0000000692200000, 0x0000000692200000, 0x0000000692300000|  0%| F|  |TAMS 0x0000000692200000, 0x0000000692200000| Untracked 
| 277|0x0000000692300000, 0x0000000692300000, 0x0000000692400000|  0%| F|  |TAMS 0x0000000692300000, 0x0000000692300000| Untracked 
| 278|0x0000000692400000, 0x0000000692400000, 0x0000000692500000|  0%| F|  |TAMS 0x0000000692400000, 0x0000000692400000| Untracked 
| 279|0x0000000692500000, 0x0000000692500000, 0x0000000692600000|  0%| F|  |TAMS 0x0000000692500000, 0x0000000692500000| Untracked 
| 280|0x0000000692600000, 0x0000000692600000, 0x0000000692700000|  0%| F|  |TAMS 0x0000000692600000, 0x0000000692600000| Untracked 
| 281|0x0000000692700000, 0x0000000692700000, 0x0000000692800000|  0%| F|  |TAMS 0x0000000692700000, 0x0000000692700000| Untracked 
| 282|0x0000000692800000, 0x0000000692800000, 0x0000000692900000|  0%| F|  |TAMS 0x0000000692800000, 0x0000000692800000| Untracked 
| 283|0x0000000692900000, 0x0000000692900000, 0x0000000692a00000|  0%| F|  |TAMS 0x0000000692900000, 0x0000000692900000| Untracked 
| 284|0x0000000692a00000, 0x0000000692a00000, 0x0000000692b00000|  0%| F|  |TAMS 0x0000000692a00000, 0x0000000692a00000| Untracked 
| 285|0x0000000692b00000, 0x0000000692b00000, 0x0000000692c00000|  0%| F|  |TAMS 0x0000000692b00000, 0x0000000692b00000| Untracked 
| 286|0x0000000692c00000, 0x0000000692c00000, 0x0000000692d00000|  0%| F|  |TAMS 0x0000000692c00000, 0x0000000692c00000| Untracked 
| 287|0x0000000692d00000, 0x0000000692d00000, 0x0000000692e00000|  0%| F|  |TAMS 0x0000000692d00000, 0x0000000692d00000| Untracked 
| 288|0x0000000692e00000, 0x0000000692e00000, 0x0000000692f00000|  0%| F|  |TAMS 0x0000000692e00000, 0x0000000692e00000| Untracked 
| 289|0x0000000692f00000, 0x0000000692f00000, 0x0000000693000000|  0%| F|  |TAMS 0x0000000692f00000, 0x0000000692f00000| Untracked 
| 290|0x0000000693000000, 0x0000000693000000, 0x0000000693100000|  0%| F|  |TAMS 0x0000000693000000, 0x0000000693000000| Untracked 
| 291|0x0000000693100000, 0x0000000693100000, 0x0000000693200000|  0%| F|  |TAMS 0x0000000693100000, 0x0000000693100000| Untracked 
| 292|0x0000000693200000, 0x0000000693200000, 0x0000000693300000|  0%| F|  |TAMS 0x0000000693200000, 0x0000000693200000| Untracked 
| 293|0x0000000693300000, 0x0000000693300000, 0x0000000693400000|  0%| F|  |TAMS 0x0000000693300000, 0x0000000693300000| Untracked 
| 294|0x0000000693400000, 0x0000000693400000, 0x0000000693500000|  0%| F|  |TAMS 0x0000000693400000, 0x0000000693400000| Untracked 
| 295|0x0000000693500000, 0x0000000693500000, 0x0000000693600000|  0%| F|  |TAMS 0x0000000693500000, 0x0000000693500000| Untracked 
| 296|0x0000000693600000, 0x0000000693600000, 0x0000000693700000|  0%| F|  |TAMS 0x0000000693600000, 0x0000000693600000| Untracked 
| 297|0x0000000693700000, 0x0000000693700000, 0x0000000693800000|  0%| F|  |TAMS 0x0000000693700000, 0x0000000693700000| Untracked 
| 298|0x0000000693800000, 0x0000000693800000, 0x0000000693900000|  0%| F|  |TAMS 0x0000000693800000, 0x0000000693800000| Untracked 
| 299|0x0000000693900000, 0x0000000693900000, 0x0000000693a00000|  0%| F|  |TAMS 0x0000000693900000, 0x0000000693900000| Untracked 
| 300|0x0000000693a00000, 0x0000000693a00000, 0x0000000693b00000|  0%| F|  |TAMS 0x0000000693a00000, 0x0000000693a00000| Untracked 
| 301|0x0000000693b00000, 0x0000000693b00000, 0x0000000693c00000|  0%| F|  |TAMS 0x0000000693b00000, 0x0000000693b00000| Untracked 
| 302|0x0000000693c00000, 0x0000000693c00000, 0x0000000693d00000|  0%| F|  |TAMS 0x0000000693c00000, 0x0000000693c00000| Untracked 
| 303|0x0000000693d00000, 0x0000000693d00000, 0x0000000693e00000|  0%| F|  |TAMS 0x0000000693d00000, 0x0000000693d00000| Untracked 
| 304|0x0000000693e00000, 0x0000000693e00000, 0x0000000693f00000|  0%| F|  |TAMS 0x0000000693e00000, 0x0000000693e00000| Untracked 
| 305|0x0000000693f00000, 0x0000000693f00000, 0x0000000694000000|  0%| F|  |TAMS 0x0000000693f00000, 0x0000000693f00000| Untracked 
| 306|0x0000000694000000, 0x0000000694000000, 0x0000000694100000|  0%| F|  |TAMS 0x0000000694000000, 0x0000000694000000| Untracked 
| 307|0x0000000694100000, 0x0000000694100000, 0x0000000694200000|  0%| F|  |TAMS 0x0000000694100000, 0x0000000694100000| Untracked 
| 308|0x0000000694200000, 0x0000000694200000, 0x0000000694300000|  0%| F|  |TAMS 0x0000000694200000, 0x0000000694200000| Untracked 
| 309|0x0000000694300000, 0x0000000694300000, 0x0000000694400000|  0%| F|  |TAMS 0x0000000694300000, 0x0000000694300000| Untracked 
| 310|0x0000000694400000, 0x0000000694400000, 0x0000000694500000|  0%| F|  |TAMS 0x0000000694400000, 0x0000000694400000| Untracked 
| 311|0x0000000694500000, 0x0000000694500000, 0x0000000694600000|  0%| F|  |TAMS 0x0000000694500000, 0x0000000694500000| Untracked 
| 312|0x0000000694600000, 0x0000000694600000, 0x0000000694700000|  0%| F|  |TAMS 0x0000000694600000, 0x0000000694600000| Untracked 
| 313|0x0000000694700000, 0x0000000694700000, 0x0000000694800000|  0%| F|  |TAMS 0x0000000694700000, 0x0000000694700000| Untracked 
| 314|0x0000000694800000, 0x0000000694800000, 0x0000000694900000|  0%| F|  |TAMS 0x0000000694800000, 0x0000000694800000| Untracked 
| 315|0x0000000694900000, 0x0000000694900000, 0x0000000694a00000|  0%| F|  |TAMS 0x0000000694900000, 0x0000000694900000| Untracked 
| 316|0x0000000694a00000, 0x0000000694a00000, 0x0000000694b00000|  0%| F|  |TAMS 0x0000000694a00000, 0x0000000694a00000| Untracked 
| 317|0x0000000694b00000, 0x0000000694b00000, 0x0000000694c00000|  0%| F|  |TAMS 0x0000000694b00000, 0x0000000694b00000| Untracked 
| 318|0x0000000694c00000, 0x0000000694c00000, 0x0000000694d00000|  0%| F|  |TAMS 0x0000000694c00000, 0x0000000694c00000| Untracked 
| 319|0x0000000694d00000, 0x0000000694d00000, 0x0000000694e00000|  0%| F|  |TAMS 0x0000000694d00000, 0x0000000694d00000| Untracked 
| 320|0x0000000694e00000, 0x0000000694e00000, 0x0000000694f00000|  0%| F|  |TAMS 0x0000000694e00000, 0x0000000694e00000| Untracked 
| 321|0x0000000694f00000, 0x0000000694f00000, 0x0000000695000000|  0%| F|  |TAMS 0x0000000694f00000, 0x0000000694f00000| Untracked 
| 322|0x0000000695000000, 0x0000000695000000, 0x0000000695100000|  0%| F|  |TAMS 0x0000000695000000, 0x0000000695000000| Untracked 
| 323|0x0000000695100000, 0x0000000695100000, 0x0000000695200000|  0%| F|  |TAMS 0x0000000695100000, 0x0000000695100000| Untracked 
| 324|0x0000000695200000, 0x0000000695200000, 0x0000000695300000|  0%| F|  |TAMS 0x0000000695200000, 0x0000000695200000| Untracked 
| 325|0x0000000695300000, 0x0000000695300000, 0x0000000695400000|  0%| F|  |TAMS 0x0000000695300000, 0x0000000695300000| Untracked 
| 326|0x0000000695400000, 0x0000000695400000, 0x0000000695500000|  0%| F|  |TAMS 0x0000000695400000, 0x0000000695400000| Untracked 
| 327|0x0000000695500000, 0x0000000695500000, 0x0000000695600000|  0%| F|  |TAMS 0x0000000695500000, 0x0000000695500000| Untracked 
| 328|0x0000000695600000, 0x0000000695600000, 0x0000000695700000|  0%| F|  |TAMS 0x0000000695600000, 0x0000000695600000| Untracked 
| 329|0x0000000695700000, 0x0000000695700000, 0x0000000695800000|  0%| F|  |TAMS 0x0000000695700000, 0x0000000695700000| Untracked 
| 330|0x0000000695800000, 0x0000000695800000, 0x0000000695900000|  0%| F|  |TAMS 0x0000000695800000, 0x0000000695800000| Untracked 
| 331|0x0000000695900000, 0x0000000695900000, 0x0000000695a00000|  0%| F|  |TAMS 0x0000000695900000, 0x0000000695900000| Untracked 
| 332|0x0000000695a00000, 0x0000000695a00000, 0x0000000695b00000|  0%| F|  |TAMS 0x0000000695a00000, 0x0000000695a00000| Untracked 
| 333|0x0000000695b00000, 0x0000000695b00000, 0x0000000695c00000|  0%| F|  |TAMS 0x0000000695b00000, 0x0000000695b00000| Untracked 
| 334|0x0000000695c00000, 0x0000000695c00000, 0x0000000695d00000|  0%| F|  |TAMS 0x0000000695c00000, 0x0000000695c00000| Untracked 
| 335|0x0000000695d00000, 0x0000000695d00000, 0x0000000695e00000|  0%| F|  |TAMS 0x0000000695d00000, 0x0000000695d00000| Untracked 
| 336|0x0000000695e00000, 0x0000000695e00000, 0x0000000695f00000|  0%| F|  |TAMS 0x0000000695e00000, 0x0000000695e00000| Untracked 
| 337|0x0000000695f00000, 0x0000000695f00000, 0x0000000696000000|  0%| F|  |TAMS 0x0000000695f00000, 0x0000000695f00000| Untracked 
| 338|0x0000000696000000, 0x0000000696000000, 0x0000000696100000|  0%| F|  |TAMS 0x0000000696000000, 0x0000000696000000| Untracked 
| 339|0x0000000696100000, 0x0000000696100000, 0x0000000696200000|  0%| F|  |TAMS 0x0000000696100000, 0x0000000696100000| Untracked 
| 340|0x0000000696200000, 0x0000000696200000, 0x0000000696300000|  0%| F|  |TAMS 0x0000000696200000, 0x0000000696200000| Untracked 
| 341|0x0000000696300000, 0x0000000696300000, 0x0000000696400000|  0%| F|  |TAMS 0x0000000696300000, 0x0000000696300000| Untracked 
| 342|0x0000000696400000, 0x0000000696400000, 0x0000000696500000|  0%| F|  |TAMS 0x0000000696400000, 0x0000000696400000| Untracked 
| 343|0x0000000696500000, 0x0000000696500000, 0x0000000696600000|  0%| F|  |TAMS 0x0000000696500000, 0x0000000696500000| Untracked 
| 344|0x0000000696600000, 0x0000000696600000, 0x0000000696700000|  0%| F|  |TAMS 0x0000000696600000, 0x0000000696600000| Untracked 
| 345|0x0000000696700000, 0x0000000696700000, 0x0000000696800000|  0%| F|  |TAMS 0x0000000696700000, 0x0000000696700000| Untracked 
| 346|0x0000000696800000, 0x0000000696800000, 0x0000000696900000|  0%| F|  |TAMS 0x0000000696800000, 0x0000000696800000| Untracked 
| 347|0x0000000696900000, 0x0000000696900000, 0x0000000696a00000|  0%| F|  |TAMS 0x0000000696900000, 0x0000000696900000| Untracked 
| 348|0x0000000696a00000, 0x0000000696a00000, 0x0000000696b00000|  0%| F|  |TAMS 0x0000000696a00000, 0x0000000696a00000| Untracked 
| 349|0x0000000696b00000, 0x0000000696b00000, 0x0000000696c00000|  0%| F|  |TAMS 0x0000000696b00000, 0x0000000696b00000| Untracked 
| 350|0x0000000696c00000, 0x0000000696c00000, 0x0000000696d00000|  0%| F|  |TAMS 0x0000000696c00000, 0x0000000696c00000| Untracked 
| 351|0x0000000696d00000, 0x0000000696d00000, 0x0000000696e00000|  0%| F|  |TAMS 0x0000000696d00000, 0x0000000696d00000| Untracked 
| 352|0x0000000696e00000, 0x0000000696e00000, 0x0000000696f00000|  0%| F|  |TAMS 0x0000000696e00000, 0x0000000696e00000| Untracked 
| 353|0x0000000696f00000, 0x0000000696f00000, 0x0000000697000000|  0%| F|  |TAMS 0x0000000696f00000, 0x0000000696f00000| Untracked 
| 354|0x0000000697000000, 0x0000000697000000, 0x0000000697100000|  0%| F|  |TAMS 0x0000000697000000, 0x0000000697000000| Untracked 
| 355|0x0000000697100000, 0x0000000697100000, 0x0000000697200000|  0%| F|  |TAMS 0x0000000697100000, 0x0000000697100000| Untracked 
| 356|0x0000000697200000, 0x0000000697200000, 0x0000000697300000|  0%| F|  |TAMS 0x0000000697200000, 0x0000000697200000| Untracked 
| 357|0x0000000697300000, 0x0000000697300000, 0x0000000697400000|  0%| F|  |TAMS 0x0000000697300000, 0x0000000697300000| Untracked 
| 358|0x0000000697400000, 0x0000000697400000, 0x0000000697500000|  0%| F|  |TAMS 0x0000000697400000, 0x0000000697400000| Untracked 
| 359|0x0000000697500000, 0x0000000697500000, 0x0000000697600000|  0%| F|  |TAMS 0x0000000697500000, 0x0000000697500000| Untracked 
| 360|0x0000000697600000, 0x0000000697600000, 0x0000000697700000|  0%| F|  |TAMS 0x0000000697600000, 0x0000000697600000| Untracked 
| 361|0x0000000697700000, 0x0000000697700000, 0x0000000697800000|  0%| F|  |TAMS 0x0000000697700000, 0x0000000697700000| Untracked 
| 362|0x0000000697800000, 0x0000000697800000, 0x0000000697900000|  0%| F|  |TAMS 0x0000000697800000, 0x0000000697800000| Untracked 
| 363|0x0000000697900000, 0x0000000697900000, 0x0000000697a00000|  0%| F|  |TAMS 0x0000000697900000, 0x0000000697900000| Untracked 
| 364|0x0000000697a00000, 0x0000000697a00000, 0x0000000697b00000|  0%| F|  |TAMS 0x0000000697a00000, 0x0000000697a00000| Untracked 
| 365|0x0000000697b00000, 0x0000000697b00000, 0x0000000697c00000|  0%| F|  |TAMS 0x0000000697b00000, 0x0000000697b00000| Untracked 
| 366|0x0000000697c00000, 0x0000000697c00000, 0x0000000697d00000|  0%| F|  |TAMS 0x0000000697c00000, 0x0000000697c00000| Untracked 
| 367|0x0000000697d00000, 0x0000000697d00000, 0x0000000697e00000|  0%| F|  |TAMS 0x0000000697d00000, 0x0000000697d00000| Untracked 
| 368|0x0000000697e00000, 0x0000000697e00000, 0x0000000697f00000|  0%| F|  |TAMS 0x0000000697e00000, 0x0000000697e00000| Untracked 
| 369|0x0000000697f00000, 0x0000000697f00000, 0x0000000698000000|  0%| F|  |TAMS 0x0000000697f00000, 0x0000000697f00000| Untracked 
| 370|0x0000000698000000, 0x0000000698000000, 0x0000000698100000|  0%| F|  |TAMS 0x0000000698000000, 0x0000000698000000| Untracked 
| 371|0x0000000698100000, 0x0000000698100000, 0x0000000698200000|  0%| F|  |TAMS 0x0000000698100000, 0x0000000698100000| Untracked 
| 372|0x0000000698200000, 0x0000000698200000, 0x0000000698300000|  0%| F|  |TAMS 0x0000000698200000, 0x0000000698200000| Untracked 
| 373|0x0000000698300000, 0x0000000698300000, 0x0000000698400000|  0%| F|  |TAMS 0x0000000698300000, 0x0000000698300000| Untracked 
| 374|0x0000000698400000, 0x0000000698400000, 0x0000000698500000|  0%| F|  |TAMS 0x0000000698400000, 0x0000000698400000| Untracked 
| 375|0x0000000698500000, 0x0000000698500000, 0x0000000698600000|  0%| F|  |TAMS 0x0000000698500000, 0x0000000698500000| Untracked 
| 376|0x0000000698600000, 0x0000000698600000, 0x0000000698700000|  0%| F|  |TAMS 0x0000000698600000, 0x0000000698600000| Untracked 
| 377|0x0000000698700000, 0x0000000698700000, 0x0000000698800000|  0%| F|  |TAMS 0x0000000698700000, 0x0000000698700000| Untracked 
| 378|0x0000000698800000, 0x0000000698800000, 0x0000000698900000|  0%| F|  |TAMS 0x0000000698800000, 0x0000000698800000| Untracked 
| 379|0x0000000698900000, 0x0000000698900000, 0x0000000698a00000|  0%| F|  |TAMS 0x0000000698900000, 0x0000000698900000| Untracked 
| 380|0x0000000698a00000, 0x0000000698a00000, 0x0000000698b00000|  0%| F|  |TAMS 0x0000000698a00000, 0x0000000698a00000| Untracked 
| 381|0x0000000698b00000, 0x0000000698b00000, 0x0000000698c00000|  0%| F|  |TAMS 0x0000000698b00000, 0x0000000698b00000| Untracked 
| 382|0x0000000698c00000, 0x0000000698c00000, 0x0000000698d00000|  0%| F|  |TAMS 0x0000000698c00000, 0x0000000698c00000| Untracked 
| 383|0x0000000698d00000, 0x0000000698d80800, 0x0000000698e00000| 50%| E|  |TAMS 0x0000000698d00000, 0x0000000698d00000| Complete 

Card table byte_map: [0x000001c9b57e0000,0x000001c9b63e0000] _byte_map_base: 0x000001c9b23d9000

Marking Bits (Prev, Next): (CMBitMap*) 0x000001c99b605358, (CMBitMap*) 0x000001c99b605398
 Prev Bits: [0x000001c9b6fe0000, 0x000001c9bcfa8000)
 Next Bits: [0x000001c9bcfb0000, 0x000001c9c2f78000)

Polling page: 0x000001c99b640000

Metaspace:

Usage:
  Non-class:     10.16 MB capacity,     9.12 MB ( 90%) used,     1.02 MB ( 10%) free+waste,    19.31 KB ( <1%) overhead. 
      Class:    842.00 KB capacity,   643.70 KB ( 76%) used,   189.30 KB ( 22%) free+waste,     9.00 KB (  1%) overhead. 
       Both:     10.98 MB capacity,     9.75 MB ( 89%) used,     1.20 MB ( 11%) free+waste,    28.31 KB ( <1%) overhead. 

Virtual space:
  Non-class space:       12.00 MB reserved,      10.25 MB ( 85%) committed 
      Class space:        1.00 GB reserved,     896.00 KB ( <1%) committed 
             Both:        1.01 GB reserved,      11.13 MB (  1%) committed 

Chunk freelists:
   Non-Class:  31.00 KB
       Class:  22.00 KB
        Both:  53.00 KB

MaxMetaspaceSize: 17179869184.00 GB
CompressedClassSpaceSize: 1.00 GB

CodeHeap 'non-profiled nmethods': size=120064Kb used=787Kb max_used=787Kb free=119276Kb
 bounds [0x000001c9acd00000, 0x000001c9acf70000, 0x000001c9b4240000]
CodeHeap 'profiled nmethods': size=120000Kb used=3329Kb max_used=3329Kb free=116670Kb
 bounds [0x000001c9a57d0000, 0x000001c9a5b20000, 0x000001c9acd00000]
CodeHeap 'non-nmethods': size=5696Kb used=1673Kb max_used=1705Kb free=4022Kb
 bounds [0x000001c9a5240000, 0x000001c9a54b0000, 0x000001c9a57d0000]
 total_blobs=3634 nmethods=1781 adapters=986
 compilation: enabled
              stopped_count=0, restarted_count=0
 full_count=0

Compilation events (20 events):
Event: 22.459 Thread 0x000001c9c62de800 1771       3       java.lang.Class::getDeclaredMethods (27 bytes)
Event: 22.460 Thread 0x000001c9c62de800 nmethod 1771 0x000001c9a5b0c510 code [0x000001c9a5b0c700, 0x000001c9a5b0caa0]
Event: 22.534 Thread 0x000001c9c62de800 1772   !   3       jdk.internal.ref.Cleaner::clean (35 bytes)
Event: 22.534 Thread 0x000001c9c62de800 nmethod 1772 0x000001c9a5b0cc10 code [0x000001c9a5b0ce40, 0x000001c9a5b0d490]
Event: 22.534 Thread 0x000001c9c62de800 1775       3       jdk.internal.misc.Unsafe::freeMemory (18 bytes)
Event: 22.534 Thread 0x000001c9c62de800 nmethod 1775 0x000001c9a5b0d710 code [0x000001c9a5b0d8e0, 0x000001c9a5b0dc20]
Event: 22.534 Thread 0x000001c9c62de800 1776       3       jdk.internal.misc.Unsafe::freeMemoryChecks (7 bytes)
Event: 22.534 Thread 0x000001c9c62d3000 1779       4       java.util.concurrent.atomic.AtomicLong::addAndGet (14 bytes)
Event: 22.534 Thread 0x000001c9c62de800 nmethod 1776 0x000001c9a5b0dd90 code [0x000001c9a5b0df40, 0x000001c9a5b0e1b8]
Event: 22.535 Thread 0x000001c9c62de800 1773  s    3       jdk.internal.ref.Cleaner::remove (89 bytes)
Event: 22.535 Thread 0x000001c9c62de800 nmethod 1773 0x000001c9a5b0e290 code [0x000001c9a5b0e460, 0x000001c9a5b0eb78]
Event: 22.535 Thread 0x000001c9c62de800 1774       3       java.nio.DirectByteBuffer$Deallocator::run (37 bytes)
Event: 22.535 Thread 0x000001c9c62d3000 nmethod 1779 0x000001c9acdc4b90 code [0x000001c9acdc4d20, 0x000001c9acdc4d98]
Event: 22.535 Thread 0x000001c9c62de800 nmethod 1774 0x000001c9a5b0ec90 code [0x000001c9a5b0ee80, 0x000001c9a5b0f2f0]
Event: 22.535 Thread 0x000001c9c62de800 1778       3       java.util.concurrent.atomic.AtomicLong::decrementAndGet (16 bytes)
Event: 22.535 Thread 0x000001c9c62de800 nmethod 1778 0x000001c9a5b0f490 code [0x000001c9a5b0f620, 0x000001c9a5b0f7b8]
Event: 22.535 Thread 0x000001c9c62de800 1780       3       java.nio.Bits::unreserveMemory (63 bytes)
Event: 22.536 Thread 0x000001c9c62de800 nmethod 1780 0x000001c9a5b0f890 code [0x000001c9a5b0fa40, 0x000001c9a5b0fd18]
Event: 22.536 Thread 0x000001c9c62de800 1781       3       java.lang.ref.ReferenceQueue::reallyPoll (65 bytes)
Event: 22.536 Thread 0x000001c9c62de800 nmethod 1781 0x000001c9a5b0fe90 code [0x000001c9a5b10060, 0x000001c9a5b10618]

GC Heap History (4 events):
Event: 1.475 GC heap before
{Heap before GC invocations=0 (full 0):
 garbage-first heap   total 393216K, used 22528K [0x0000000680e00000, 0x0000000800000000)
  region size 1024K, 22 young (22528K), 0 survivors (0K)
 Metaspace       used 7003K, capacity 9273K, committed 9472K, reserved 1058816K
  class space    used 439K, capacity 719K, committed 768K, reserved 1048576K
}
Event: 1.482 GC heap after
{Heap after GC invocations=1 (full 0):
 garbage-first heap   total 393216K, used 3203K [0x0000000680e00000, 0x0000000800000000)
  region size 1024K, 3 young (3072K), 3 survivors (3072K)
 Metaspace       used 7003K, capacity 9273K, committed 9472K, reserved 1058816K
  class space    used 439K, capacity 719K, committed 768K, reserved 1048576K
}
Event: 22.526 GC heap before
{Heap before GC invocations=1 (full 0):
 garbage-first heap   total 393216K, used 261251K [0x0000000680e00000, 0x0000000800000000)
  region size 1024K, 230 young (235520K), 3 survivors (3072K)
 Metaspace       used 9981K, capacity 11243K, committed 11392K, reserved 1060864K
  class space    used 643K, capacity 842K, committed 896K, reserved 1048576K
}
Event: 22.533 GC heap after
{Heap after GC invocations=2 (full 0):
 garbage-first heap   total 393216K, used 4196K [0x0000000680e00000, 0x0000000800000000)
  region size 1024K, 4 young (4096K), 4 survivors (4096K)
 Metaspace       used 9981K, capacity 11243K, committed 11392K, reserved 1060864K
  class space    used 643K, capacity 842K, committed 896K, reserved 1048576K
}

Deoptimization events (20 events):
Event: 9.306 Thread 0x000001c99b575000 DEOPT PACKING pc=0x000001c9a5a77776 sp=0x00000005aedff300
Event: 9.306 Thread 0x000001c99b575000 DEOPT UNPACKING pc=0x000001c9a528994e sp=0x00000005aedfe8b8 mode 0
Event: 9.624 Thread 0x000001c99b575000 DEOPT PACKING pc=0x000001c9a5a7747e sp=0x00000005aedff300
Event: 9.624 Thread 0x000001c99b575000 DEOPT UNPACKING pc=0x000001c9a528994e sp=0x00000005aedfe838 mode 0
Event: 14.881 Thread 0x000001c99b575000 Uncommon trap: trap_request=0xffffffbe fr.pc=0x000001c9acda18ec relative=0x00000000000002cc
Event: 14.881 Thread 0x000001c99b575000 Uncommon trap: reason=profile_predicate action=maybe_recompile pc=0x000001c9acda18ec method=sun.security.provider.HashDrbg.addBytes([BI[[B)V @ 36 c2
Event: 14.881 Thread 0x000001c99b575000 DEOPT PACKING pc=0x000001c9acda18ec sp=0x00000005aedfd360
Event: 14.881 Thread 0x000001c99b575000 DEOPT UNPACKING pc=0x000001c9a528942f sp=0x00000005aedfd2c0 mode 2
Event: 15.260 Thread 0x000001c99b575000 Uncommon trap: trap_request=0xffffffbe fr.pc=0x000001c9acda18ec relative=0x00000000000002cc
Event: 15.260 Thread 0x000001c99b575000 Uncommon trap: reason=profile_predicate action=maybe_recompile pc=0x000001c9acda18ec method=sun.security.provider.HashDrbg.addBytes([BI[[B)V @ 36 c2
Event: 15.260 Thread 0x000001c99b575000 DEOPT PACKING pc=0x000001c9acda18ec sp=0x00000005aedfd2f0
Event: 15.260 Thread 0x000001c99b575000 DEOPT UNPACKING pc=0x000001c9a528942f sp=0x00000005aedfd250 mode 2
Event: 15.260 Thread 0x000001c99b575000 Uncommon trap: trap_request=0xffffffbe fr.pc=0x000001c9acda18ec relative=0x00000000000002cc
Event: 15.260 Thread 0x000001c99b575000 Uncommon trap: reason=profile_predicate action=maybe_recompile pc=0x000001c9acda18ec method=sun.security.provider.HashDrbg.addBytes([BI[[B)V @ 36 c2
Event: 15.260 Thread 0x000001c99b575000 DEOPT PACKING pc=0x000001c9acda18ec sp=0x00000005aedfd2f0
Event: 15.260 Thread 0x000001c99b575000 DEOPT UNPACKING pc=0x000001c9a528942f sp=0x00000005aedfd250 mode 2
Event: 15.260 Thread 0x000001c99b575000 Uncommon trap: trap_request=0xffffffbe fr.pc=0x000001c9acda18ec relative=0x00000000000002cc
Event: 15.260 Thread 0x000001c99b575000 Uncommon trap: reason=profile_predicate action=maybe_recompile pc=0x000001c9acda18ec method=sun.security.provider.HashDrbg.addBytes([BI[[B)V @ 36 c2
Event: 15.260 Thread 0x000001c99b575000 DEOPT PACKING pc=0x000001c9acda18ec sp=0x00000005aedfd2f0
Event: 15.260 Thread 0x000001c99b575000 DEOPT UNPACKING pc=0x000001c9a528942f sp=0x00000005aedfd250 mode 2

Classes unloaded (0 events):
No events

Classes redefined (0 events):
No events

Internal exceptions (20 events):
Event: 7.310 Thread 0x000001c99b575000 Exception <a 'sun/nio/fs/WindowsException'{0x00000006946edd00}> (0x00000006946edd00) 
thrown [t:/workspace/open/src/hotspot/share/prims/jni.cpp, line 598]
Event: 7.310 Thread 0x000001c99b575000 Exception <a 'sun/nio/fs/WindowsException'{0x00000006946ede98}> (0x00000006946ede98) 
thrown [t:/workspace/open/src/hotspot/share/prims/jni.cpp, line 598]
Event: 7.312 Thread 0x000001c99b575000 Exception <a 'sun/nio/fs/WindowsException'{0x00000006946f3930}> (0x00000006946f3930) 
thrown [t:/workspace/open/src/hotspot/share/prims/jni.cpp, line 598]
Event: 7.312 Thread 0x000001c99b575000 Exception <a 'sun/nio/fs/WindowsException'{0x00000006946f3ac8}> (0x00000006946f3ac8) 
thrown [t:/workspace/open/src/hotspot/share/prims/jni.cpp, line 598]
Event: 7.314 Thread 0x000001c99b575000 Exception <a 'sun/nio/fs/WindowsException'{0x00000006946f9560}> (0x00000006946f9560) 
thrown [t:/workspace/open/src/hotspot/share/prims/jni.cpp, line 598]
Event: 7.314 Thread 0x000001c99b575000 Exception <a 'sun/nio/fs/WindowsException'{0x00000006946f96f8}> (0x00000006946f96f8) 
thrown [t:/workspace/open/src/hotspot/share/prims/jni.cpp, line 598]
Event: 7.339 Thread 0x000001c99b575000 Exception <a 'sun/nio/fs/WindowsException'{0x00000006946ff190}> (0x00000006946ff190) 
thrown [t:/workspace/open/src/hotspot/share/prims/jni.cpp, line 598]
Event: 7.339 Thread 0x000001c99b575000 Exception <a 'sun/nio/fs/WindowsException'{0x00000006946ff328}> (0x00000006946ff328) 
thrown [t:/workspace/open/src/hotspot/share/prims/jni.cpp, line 598]
Event: 7.760 Thread 0x000001c99b575000 Exception <a 'sun/nio/fs/WindowsException'{0x0000000694028d98}> (0x0000000694028d98) 
thrown [t:/workspace/open/src/hotspot/share/prims/jni.cpp, line 598]
Event: 7.760 Thread 0x000001c99b575000 Exception <a 'sun/nio/fs/WindowsException'{0x0000000694028f40}> (0x0000000694028f40) 
thrown [t:/workspace/open/src/hotspot/share/prims/jni.cpp, line 598]
Event: 14.858 Thread 0x000001c99b575000 Exception <a 'sun/nio/fs/WindowsException'{0x000000068fa90cf0}> (0x000000068fa90cf0) 
thrown [t:/workspace/open/src/hotspot/share/prims/jni.cpp, line 598]
Event: 14.858 Thread 0x000001c99b575000 Exception <a 'sun/nio/fs/WindowsException'{0x000000068fa90e88}> (0x000000068fa90e88) 
thrown [t:/workspace/open/src/hotspot/share/prims/jni.cpp, line 598]
Event: 14.859 Thread 0x000001c99b575000 Exception <a 'sun/nio/fs/WindowsException'{0x000000068fa96920}> (0x000000068fa96920) 
thrown [t:/workspace/open/src/hotspot/share/prims/jni.cpp, line 598]
Event: 14.859 Thread 0x000001c99b575000 Exception <a 'sun/nio/fs/WindowsException'{0x000000068fa96ab8}> (0x000000068fa96ab8) 
thrown [t:/workspace/open/src/hotspot/share/prims/jni.cpp, line 598]
Event: 14.860 Thread 0x000001c99b575000 Exception <a 'sun/nio/fs/WindowsException'{0x000000068fa9c550}> (0x000000068fa9c550) 
thrown [t:/workspace/open/src/hotspot/share/prims/jni.cpp, line 598]
Event: 14.860 Thread 0x000001c99b575000 Exception <a 'sun/nio/fs/WindowsException'{0x000000068fa9c6e8}> (0x000000068fa9c6e8) 
thrown [t:/workspace/open/src/hotspot/share/prims/jni.cpp, line 598]
Event: 14.874 Thread 0x000001c99b575000 Exception <a 'sun/nio/fs/WindowsException'{0x000000068faa2180}> (0x000000068faa2180) 
thrown [t:/workspace/open/src/hotspot/share/prims/jni.cpp, line 598]
Event: 14.874 Thread 0x000001c99b575000 Exception <a 'sun/nio/fs/WindowsException'{0x000000068faa2318}> (0x000000068faa2318) 
thrown [t:/workspace/open/src/hotspot/share/prims/jni.cpp, line 598]
Event: 15.264 Thread 0x000001c99b575000 Exception <a 'sun/nio/fs/WindowsException'{0x000000068f5cf890}> (0x000000068f5cf890) 
thrown [t:/workspace/open/src/hotspot/share/prims/jni.cpp, line 598]
Event: 15.264 Thread 0x000001c99b575000 Exception <a 'sun/nio/fs/WindowsException'{0x000000068f5cfa38}> (0x000000068f5cfa38) 
thrown [t:/workspace/open/src/hotspot/share/prims/jni.cpp, line 598]

Events (20 events):
Event: 13.523 loading class jdk/internal/reflect/ClassFileAssembler
Event: 13.523 loading class jdk/internal/reflect/ClassFileAssembler done
Event: 13.523 loading class jdk/internal/reflect/UTF8
Event: 13.523 loading class jdk/internal/reflect/UTF8 done
Event: 13.524 loading class jdk/internal/reflect/Label
Event: 13.524 loading class jdk/internal/reflect/Label done
Event: 13.524 loading class jdk/internal/reflect/Label$PatchInfo
Event: 13.524 loading class jdk/internal/reflect/Label$PatchInfo done
Event: 13.524 loading class jdk/internal/reflect/MethodAccessorGenerator$1
Event: 13.524 loading class jdk/internal/reflect/MethodAccessorGenerator$1 done
Event: 13.524 loading class jdk/internal/reflect/ClassDefiner
Event: 13.524 loading class jdk/internal/reflect/ClassDefiner done
Event: 13.524 loading class jdk/internal/reflect/ClassDefiner$1
Event: 13.524 loading class jdk/internal/reflect/ClassDefiner$1 done
Event: 14.093 Loaded shared library C:\Users\Ryan\AppData\Local\Temp\lwjglRyan\3.2.3-build-13\lwjgl.dll
Event: 14.098 Loaded shared library C:\Users\Ryan\AppData\Local\Temp\lwjglRyan\3.2.3-build-13\lwjgl.dll
Event: 14.102 Loaded shared library C:\Users\Ryan\AppData\Local\Temp\lwjglRyan\3.2.3-build-13\lwjgl.dll
Event: 14.105 Loaded shared library C:\Users\Ryan\AppData\Local\Temp\lwjglRyan\3.2.3-build-13\lwjgl.dll
Event: 22.526 Executing VM operation: G1CollectForAllocation
Event: 22.533 Executing VM operation: G1CollectForAllocation done


Dynamic libraries:
0x00007ff6368d0000 - 0x00007ff6368df000 	C:\Program Files\Java\jdk-13.0.1\bin\java.exe
0x00007ff800f60000 - 0x00007ff801150000 	C:\WINDOWS\SYSTEM32\ntdll.dll
0x00007fffd0c10000 - 0x00007fffd0c25000 	C:\Program Files (x86)\AVG\Antivirus\aswhook.dll
0x00007ff8002f0000 - 0x00007ff8003a2000 	C:\WINDOWS\System32\KERNEL32.DLL
0x00007ffffea40000 - 0x00007ffffece3000 	C:\WINDOWS\System32\KERNELBASE.dll
0x00007ffffdf10000 - 0x00007ffffe00a000 	C:\WINDOWS\System32\ucrtbase.dll
0x00007ffffa5d0000 - 0x00007ffffa5e8000 	C:\Program Files\Java\jdk-13.0.1\bin\jli.dll
0x00007ff800080000 - 0x00007ff800123000 	C:\WINDOWS\System32\ADVAPI32.dll
0x00007fffffce0000 - 0x00007fffffd7e000 	C:\WINDOWS\System32\msvcrt.dll
0x00007fffff820000 - 0x00007fffff8b7000 	C:\WINDOWS\System32\sechost.dll
0x00007ff800870000 - 0x00007ff800990000 	C:\WINDOWS\System32\RPCRT4.dll
0x00007fffffd80000 - 0x00007ffffff14000 	C:\WINDOWS\System32\USER32.dll
0x00007ffffe070000 - 0x00007ffffe091000 	C:\WINDOWS\System32\win32u.dll
0x00007ff800050000 - 0x00007ff800076000 	C:\WINDOWS\System32\GDI32.dll
0x00007ffffee40000 - 0x00007ffffefd4000 	C:\WINDOWS\System32\gdi32full.dll
0x00007ffffe1a0000 - 0x00007ffffe23e000 	C:\WINDOWS\System32\msvcp_win.dll
0x00007fffedde0000 - 0x00007fffeddf5000 	C:\Program Files\Java\jdk-13.0.1\bin\VCRUNTIME140.dll
0x00007ffff49d0000 - 0x00007ffff4c55000 	C:\WINDOWS\WinSxS\amd64_microsoft.windows.common-controls_6595b64144ccf1df_6.0.18362.657_none_e6c5b579130e3898\COMCTL32.dll
0x00007fffff8c0000 - 0x00007fffffbf6000 	C:\WINDOWS\System32\combase.dll
0x00007ffffe240000 - 0x00007ffffe2c0000 	C:\WINDOWS\System32\bcryptPrimitives.dll
0x00007ffff81b0000 - 0x00007ffff81ba000 	C:\WINDOWS\SYSTEM32\VERSION.dll
0x00007ff8003b0000 - 0x00007ff8003de000 	C:\WINDOWS\System32\IMM32.DLL
0x00007fffdb6e0000 - 0x00007fffdb77b000 	C:\Program Files\Java\jdk-13.0.1\bin\msvcp140.dll
0x00007fff9ce30000 - 0x00007fff9d996000 	C:\Program Files\Java\jdk-13.0.1\bin\server\jvm.dll
0x00007ff800040000 - 0x00007ff800048000 	C:\WINDOWS\System32\PSAPI.DLL
0x00007fffefc80000 - 0x00007fffefc89000 	C:\WINDOWS\SYSTEM32\WSOCK32.dll
0x00007ff800eb0000 - 0x00007ff800f1f000 	C:\WINDOWS\System32\WS2_32.dll
0x00007ffffb620000 - 0x00007ffffb644000 	C:\WINDOWS\SYSTEM32\WINMM.dll
0x00007ffffb5f0000 - 0x00007ffffb61d000 	C:\WINDOWS\SYSTEM32\WINMMBASE.dll
0x00007ffffe0a0000 - 0x00007ffffe0ea000 	C:\WINDOWS\System32\cfgmgr32.dll
0x00007ffffde30000 - 0x00007ffffde41000 	C:\WINDOWS\System32\kernel.appcore.dll
0x00007ffffa4b0000 - 0x00007ffffa4c0000 	C:\Program Files\Java\jdk-13.0.1\bin\verify.dll
0x00007ffff53f0000 - 0x00007ffff55e4000 	C:\WINDOWS\SYSTEM32\DBGHELP.DLL
0x00007ffff53c0000 - 0x00007ffff53ea000 	C:\WINDOWS\SYSTEM32\dbgcore.DLL
0x00007fffedbe0000 - 0x00007fffedc06000 	C:\Program Files\Java\jdk-13.0.1\bin\java.dll
0x00007ffff1d20000 - 0x00007ffff1d2e000 	C:\Program Files\Java\jdk-13.0.1\bin\instrument.dll
0x00007fffe80c0000 - 0x00007fffe80d7000 	C:\Program Files\Java\jdk-13.0.1\bin\zip.dll
0x00007fffeddd0000 - 0x00007fffeddda000 	C:\Program Files\Java\jdk-13.0.1\bin\jimage.dll
0x00007fffff130000 - 0x00007fffff815000 	C:\WINDOWS\System32\SHELL32.dll
0x00007ff800990000 - 0x00007ff800a39000 	C:\WINDOWS\System32\shcore.dll
0x00007ffffe2c0000 - 0x00007ffffea3f000 	C:\WINDOWS\System32\windows.storage.dll
0x00007ffffdea0000 - 0x00007ffffdebf000 	C:\WINDOWS\System32\profapi.dll
0x00007ffffde50000 - 0x00007ffffde9a000 	C:\WINDOWS\System32\powrprof.dll
0x00007ffffde20000 - 0x00007ffffde30000 	C:\WINDOWS\System32\UMPDC.dll
0x00007fffffc00000 - 0x00007fffffc52000 	C:\WINDOWS\System32\shlwapi.dll
0x00007ff800000000 - 0x00007ff800017000 	C:\WINDOWS\System32\cryptsp.dll
0x00007fffe7f50000 - 0x00007fffe7f69000 	C:\Program Files\Java\jdk-13.0.1\bin\net.dll
0x00007ffff44a0000 - 0x00007ffff4590000 	C:\WINDOWS\SYSTEM32\WINHTTP.dll
0x00007ffffd690000 - 0x00007ffffd6f7000 	C:\WINDOWS\system32\mswsock.dll
0x00007fffe7f30000 - 0x00007fffe7f43000 	C:\Program Files\Java\jdk-13.0.1\bin\nio.dll
0x00007fffe7d10000 - 0x00007fffe7d2a000 	D:\Code Software\Intellij\IntelliJ IDEA Community Edition 2019.3\bin\breakgen64.dll
0x00007fffd5110000 - 0x00007fffd5174000 	C:\Users\Ryan\AppData\Local\Temp\lwjglRyan\3.2.3-build-13\lwjgl.dll
0x00007fffd4ef0000 - 0x00007fffd4f52000 	C:\Users\Ryan\AppData\Local\Temp\lwjglRyan\3.2.3-build-13\glfw.dll
0x00007ffffbe50000 - 0x00007ffffbee9000 	C:\WINDOWS\system32\uxtheme.dll
0x00007fffdc950000 - 0x00007fffdc993000 	C:\WINDOWS\SYSTEM32\dinput8.dll
0x00007fffdf960000 - 0x00007fffdf971000 	C:\WINDOWS\SYSTEM32\xinput1_4.dll
0x00007ffffdc20000 - 0x00007ffffdc4a000 	C:\WINDOWS\SYSTEM32\DEVOBJ.dll
0x00007ffffc530000 - 0x00007ffffc55d000 	C:\WINDOWS\SYSTEM32\dwmapi.dll
0x00007ffff0360000 - 0x00007ffff047a000 	C:\WINDOWS\SYSTEM32\inputhost.dll
0x00007ffffb650000 - 0x00007ffffb724000 	C:\WINDOWS\SYSTEM32\CoreMessaging.dll
0x00007ffff9be0000 - 0x00007ffff9f0a000 	C:\WINDOWS\SYSTEM32\CoreUIComponents.dll
0x00007ffffc8d0000 - 0x00007ffffc9bf000 	C:\WINDOWS\SYSTEM32\PROPSYS.dll
0x00007ff8006f0000 - 0x00007ff8007b4000 	C:\WINDOWS\System32\OLEAUT32.dll
0x00007ffff9a40000 - 0x00007ffff9b93000 	C:\WINDOWS\SYSTEM32\wintypes.dll
0x00007ffffce80000 - 0x00007ffffceb1000 	C:\WINDOWS\SYSTEM32\ntmarta.dll
0x00007ff800440000 - 0x00007ff800575000 	C:\WINDOWS\System32\MSCTF.dll
0x00007ffffca30000 - 0x00007ffffca3e000 	C:\WINDOWS\SYSTEM32\HID.DLL
0x00007ff800a40000 - 0x00007ff800eb0000 	C:\WINDOWS\System32\SETUPAPI.DLL
0x00007ffffdee0000 - 0x00007ffffdf06000 	C:\WINDOWS\System32\bcrypt.dll
0x00007ffffe010000 - 0x00007ffffe06c000 	C:\WINDOWS\System32\WINTRUST.dll
0x00007ffffdec0000 - 0x00007ffffded2000 	C:\WINDOWS\System32\MSASN1.dll
0x00007ffffecf0000 - 0x00007ffffee39000 	C:\WINDOWS\System32\CRYPT32.dll
0x00007fffb3930000 - 0x00007fffb3a86000 	C:\WINDOWS\SYSTEM32\opengl32.dll
0x00007fffedb30000 - 0x00007fffedb5c000 	C:\WINDOWS\SYSTEM32\GLU32.dll
0x00007ffffca90000 - 0x00007ffffcab0000 	C:\WINDOWS\SYSTEM32\dxcore.dll
0x00007fffdcd10000 - 0x00007fffdcd38000 	C:\WINDOWS\System32\DriverStore\FileRepository\u0346830.inf_amd64_35731e557194973d\B345901\atig6pxx.dll
0x00007fff99dd0000 - 0x00007fff9ce25000 	C:\WINDOWS\System32\DriverStore\FileRepository\u0346830.inf_amd64_35731e557194973d\B345901\atio6axx.dll
0x00007ff800590000 - 0x00007ff8006e6000 	C:\WINDOWS\System32\ole32.dll
0x00007fffc5c00000 - 0x00007fffc5c23000 	C:\WINDOWS\SYSTEM32\dxva2.dll
0x00007fffd43d0000 - 0x00007fffd4409000 	C:\WINDOWS\System32\DriverStore\FileRepository\u0346830.inf_amd64_35731e557194973d\B345901\atig6txx.dll
0x00007fffaa7c0000 - 0x00007fffaa968000 	C:\WINDOWS\SYSTEM32\atiadlxx.dll
0x00007ffff0870000 - 0x00007ffff090e000 	C:\WINDOWS\System32\TextInputFramework.dll
0x00007ffff45f0000 - 0x00007ffff4896000 	C:\WINDOWS\System32\iertutil.dll
0x00007fffd4370000 - 0x00007fffd43c9000 	C:\Users\Ryan\AppData\Local\Temp\lwjglRyan\3.2.3-build-13\lwjgl_opengl.dll
0x00007fffd42e0000 - 0x00007fffd4367000 	C:\Users\Ryan\AppData\Local\Temp\lwjglRyan\3.2.3-build-13\lwjgl_nanovg.dll
0x00007fffa4ec0000 - 0x00007fffa557f000 	C:\Users\Ryan\AppData\Local\Temp\lwjglRyan\3.2.3-build-13\assimp.dll
0x00007fffd4260000 - 0x00007fffd42d7000 	C:\Users\Ryan\AppData\Local\Temp\lwjglRyan\3.2.3-build-13\lwjgl_stb.dll
0x00007ffffd1a0000 - 0x00007ffffd1d3000 	C:\WINDOWS\system32\rsaenh.dll
0x00007ffffdd10000 - 0x00007ffffdd35000 	C:\WINDOWS\SYSTEM32\USERENV.dll
0x00007ffffd860000 - 0x00007ffffd86c000 	C:\WINDOWS\SYSTEM32\CRYPTBASE.dll
0x00007ffffd3a0000 - 0x00007ffffd3da000 	C:\WINDOWS\SYSTEM32\IPHLPAPI.DLL
0x00007ff800580000 - 0x00007ff800588000 	C:\WINDOWS\System32\NSI.dll
0x00007ffff6840000 - 0x00007ffff6856000 	C:\WINDOWS\SYSTEM32\dhcpcsvc6.DLL
0x00007ffff6820000 - 0x00007ffff683c000 	C:\WINDOWS\SYSTEM32\dhcpcsvc.DLL
0x00007ffffd3e0000 - 0x00007ffffd4aa000 	C:\WINDOWS\SYSTEM32\DNSAPI.dll
0x00007fffce230000 - 0x00007fffce33b000 	C:\Users\Ryan\AppData\Local\Temp\lwjglRyan\3.2.3-build-13\OpenAL.dll
0x00007ff8007c0000 - 0x00007ff800862000 	C:\WINDOWS\System32\clbcatq.dll
0x00007ffff5020000 - 0x00007ffff5092000 	C:\WINDOWS\System32\MMDevApi.dll
0x00007fffefdc0000 - 0x00007fffeff1d000 	C:\WINDOWS\SYSTEM32\AUDIOSES.DLL
0x00007ffffc190000 - 0x00007ffffc1a4000 	C:\WINDOWS\SYSTEM32\resourcepolicyclient.dll

dbghelp: loaded successfully - version: 4.0.5 - missing functions: none
symbol engine: initialized successfully - sym options: 0x614 - pdb path: .;C:\Program Files\Java\jdk-13.0.1\bin;C:\WINDOWS\SYSTEM32;C:\Program Files (x86)\AVG\Antivirus;C:\WINDOWS\WinSxS\amd64_microsoft.windows.common-controls_6595b64144ccf1df_6.0.18362.657_none_e6c5b579130e3898;C:\Program Files\Java\jdk-13.0.1\bin\server;D:\Code Software\Intellij\IntelliJ IDEA Community Edition 2019.3\bin;C:\Users\Ryan\AppData\Local\Temp\lwjglRyan\3.2.3-build-13;C:\WINDOWS\System32\DriverStore\FileRepository\u0346830.inf_amd64_35731e557194973d\B345901

VM Arguments:
jvm_args: -javaagent:D:\Code Software\Intellij\IntelliJ IDEA Community Edition 2019.3\lib\idea_rt.jar=50549:D:\Code Software\Intellij\IntelliJ IDEA Community Edition 2019.3\bin -Dfile.encoding=UTF-8 
java_command: org.kakara.engine.test.Main
java_class_path (initial): D:\Kakara\Kakara\engine\target\test-classes;D:\Kakara\Kakara\engine\target\classes;C:\Users\Ryan\.m2\repository\org\slf4j\slf4j-api\1.7.29\slf4j-api-1.7.29.jar;C:\Users\Ryan\.m2\repository\org\slf4j\slf4j-simple\1.7.29\slf4j-simple-1.7.29.jar;C:\Users\Ryan\.m2\repository\org\lwjgl\lwjgl\3.2.3\lwjgl-3.2.3.jar;C:\Users\Ryan\.m2\repository\org\lwjgl\lwjgl-assimp\3.2.3\lwjgl-assimp-3.2.3.jar;C:\Users\Ryan\.m2\repository\org\lwjgl\lwjgl-bgfx\3.2.3\lwjgl-bgfx-3.2.3.jar;C:\Users\Ryan\.m2\repository\org\lwjgl\lwjgl-glfw\3.2.3\lwjgl-glfw-3.2.3.jar;C:\Users\Ryan\.m2\repository\org\lwjgl\lwjgl-nanovg\3.2.3\lwjgl-nanovg-3.2.3.jar;C:\Users\Ryan\.m2\repository\org\lwjgl\lwjgl-nuklear\3.2.3\lwjgl-nuklear-3.2.3.jar;C:\Users\Ryan\.m2\repository\org\lwjgl\lwjgl-openal\3.2.3\lwjgl-openal-3.2.3.jar;C:\Users\Ryan\.m2\repository\org\lwjgl\lwjgl-opengl\3.2.3\lwjgl-opengl-3.2.3.jar;C:\Users\Ryan\.m2\repository\org\lwjgl\lwjgl-par\3.2.3\lwjgl-par-3.2.3.jar;C:\Users\Ryan\.m2\repository\org\lwjgl\lwjgl-stb\3.2.3\lwjgl-stb-3.2.3.jar;C:\Users\Ryan\.m2\repository\org\lwjgl\lwjgl-vulkan\3.2.3\lwjgl-vulkan-3.2.3.jar;C:\Users\Ryan\.m2\repository\org\lwjgl\lwjgl\3.2.3\lwjgl-3.2.3-natives-windows.jar;C:\Users\Ryan\.m2\repository\org\lwjgl\lwjgl-assimp\3.2.3\lwjgl-assimp-3.2.3-natives-windows.jar;C:\Users\Ryan\.m2\repository\org\lwjgl\lwjgl-bgfx\3.2.3\lwjgl-bgfx-3.2.3-natives-windows.jar;C:\Users\Ryan\.m2\repository\org\lwjgl\lwjgl-glfw\3.2.3\lwjgl-glfw-3.2.3-natives-windows.jar;C:\Users\Ryan\.m2\repository\org\lwjgl\lwjgl-nanovg\3.2.3\lwjgl-nanovg-3.2.3-natives-windows.jar;C:\Users\Ryan\.m2\repository\org\lwjgl\lwjgl-nuklear\3.2.3\lwjgl-nuklear-3.2.3-natives-windows.jar;C:\Users\Ryan\.m2\repository\org\lwjgl\lwjgl-openal\3.2.3\lwjgl-openal-3.2.3-natives-windows.jar;C:\Users\Ryan\.m2\repository\org\lwjgl\lwjgl-opengl\3.2.3\lwjgl-opengl-3.2.3-natives-windows.jar;C:\Users\Ryan\.m2\repository\org\lwjgl\lwjgl-par\3.2.3\lwjgl-par-3.2.3-natives-windows.jar;C:\Users\Ryan\.m2\repo
Launcher Type: SUN_STANDARD

[Global flags]
     intx CICompilerCount                          = 3                                         {product} {ergonomic}
     uint ConcGCThreads                            = 2                                         {product} {ergonomic}
     uint G1ConcRefinementThreads                  = 6                                         {product} {ergonomic}
   size_t G1HeapRegionSize                         = 1048576                                   {product} {ergonomic}
    uintx GCDrainStackTargetSize                   = 64                                        {product} {ergonomic}
   size_t InitialHeapSize                          = 402653184                                 {product} {ergonomic}
   size_t MarkStackSize                            = 4194304                                   {product} {ergonomic}
   size_t MaxHeapSize                              = 6427770880                                {product} {ergonomic}
   size_t MaxNewSize                               = 3856662528                                {product} {ergonomic}
   size_t MinHeapDeltaBytes                        = 1048576                                   {product} {ergonomic}
   size_t MinHeapSize                              = 8388608                                   {product} {ergonomic}
    uintx NonNMethodCodeHeapSize                   = 5830732                                {pd product} {ergonomic}
    uintx NonProfiledCodeHeapSize                  = 122913754                              {pd product} {ergonomic}
    uintx ProfiledCodeHeapSize                     = 122913754                              {pd product} {ergonomic}
    uintx ReservedCodeCacheSize                    = 251658240                              {pd product} {ergonomic}
     bool SegmentedCodeCache                       = true                                      {product} {ergonomic}
   size_t SoftMaxHeapSize                          = 6427770880                             {manageable} {ergonomic}
     bool UseCompressedClassPointers               = true                                 {lp64_product} {ergonomic}
     bool UseCompressedOops                        = true                                 {lp64_product} {ergonomic}
     bool UseG1GC                                  = true                                      {product} {ergonomic}
     bool UseLargePagesIndividualAllocation        = false                                  {pd product} {ergonomic}

Logging:
Log output configuration:
 #0: stdout all=warning uptime,level,tags
 #1: stderr all=off uptime,level,tags

Environment Variables:
PATH=C:\Program Files\Java\jdk-13.0.1\bin;C:\Program Files (x86)\Razer Chroma SDK\bin;C:\Program Files\Razer Chroma SDK\bin;C:\Program Files\Java\jdk-13.0.1\bin;C:\Windows\system32;C:\Windows;C:\Windows\System32\Wbem;C:\Windows\System32\WindowsPowerShell\v1.0\;C:\Windows\system32\config\systemprofile\AppData\Local\Microsoft\WindowsApps;C:\Program Files (x86)\GtkSharp\2.12\bin;C:\WINDOWS\system32;C:\WINDOWS;C:\WINDOWS\System32\Wbem;C:\WINDOWS\System32\WindowsPowerShell\v1.0\;C:\WINDOWS\System32\OpenSSH\;C:\Program Files\dotnet\;C:\Program Files\Git\cmd;D:\Tools\apache-maven-3.6.1\bin;D:\Stupid Junk\;C:\Program Files (x86)\NVIDIA Corporation\PhysX\Common;C:\Program Files\NVIDIA Corporation\NVIDIA NvDLISR;C:\Users\Ryan\AppData\Local\Programs\Python\Python37-32\Scripts\;C:\Users\Ryan\AppData\Local\Programs\Python\Python37-32\;C:\Users\Ryan\AppData\Local\Microsoft\WindowsApps;C:\Users\Ryan\AppData\Local\GitHubDesktop\bin;C:\Users\Ryan\AppData\Local\Microsoft\WindowsApps;;C:\Users\Ryan\AppData\Local\Programs\Microsoft VS Code\bin;C:\Users\Ryan\AppData\Roaming\npm
USERNAME=Ryan
OS=Windows_NT
PROCESSOR_IDENTIFIER=AMD64 Family 21 Model 2 Stepping 0, AuthenticAMD



---------------  S Y S T E M  ---------------

OS: Windows 10 , 64 bit Build 18362 (10.0.18362.329)

CPU:total 6 (initial active 6) (6 cores per cpu, 1 threads per core) family 21 model 2 stepping 0, cmov, cx8, fxsr, mmx, sse, sse2, sse3, ssse3, sse4.1, sse4.2, popcnt, avx, aes, clmul, mmxext, 3dnowpref, lzcnt, sse4a, tsc, tscinvbit, tscinv, bmi1, fma

Memory: 4k page, system-wide physical 24516M (14835M free)
TotalPageFile size 28100M (AvailPageFile size 14206M)
current process WorkingSet (physical memory assigned to process): 712M, peak: 716M
current process commit charge ("private bytes"): 1473M, peak: 1511M

vm_info: Java HotSpot(TM) 64-Bit Server VM (13.0.1+9) for windows-amd64 JRE (13.0.1+9), built on Oct  6 2019 12:37:49 by "mach5one" with unknown MS VC++:1916

END.
