#
# A fatal error has been detected by the Java Runtime Environment:
#
#  EXCEPTION_ACCESS_VIOLATION (0xc0000005) at pc=0x00007fffd15c5755, pid=10568, tid=4000
#
# JRE version: Java(TM) SE Runtime Environment (13.0.1+9) (build 13.0.1+9)
# Java VM: Java HotSpot(TM) 64-Bit Server VM (13.0.1+9, mixed mode, sharing, tiered, compressed oops, g1 gc, windows-amd64)
# Problematic frame:
# C  [lwjgl_nanovg.dll+0x15755]
#
# No core dump will be written. Minidumps are not enabled by default on client versions of Windows
#
# If you would like to submit a bug report, please visit:
#   http://bugreport.java.com/bugreport/crash.jsp
# The crash happened outside the Java Virtual Machine in native code.
# See problematic frame for where to report the bug.
#

---------------  S U M M A R Y ------------

Command Line: -javaagent:D:\Code Software\Intellij\IntelliJ IDEA Community Edition 2019.3\lib\idea_rt.jar=50982:D:\Code Software\Intellij\IntelliJ IDEA Community Edition 2019.3\bin -Dfile.encoding=UTF-8 org.kakara.engine.test.Main

Host: AMD FX(tm)-6300 Six-Core Processor             , 6 cores, 23G,  Windows 10 , 64 bit Build 18362 (10.0.18362.329)
Time: Mon Mar  2 11:49:13 2020 US Mountain Standard Time elapsed time: 2 seconds (0d 0h 0m 2s)

---------------  T H R E A D  ---------------

Current thread (0x0000019798ab5000):  JavaThread "main" [_thread_in_native, id=4000, stack(0x0000003a57400000,0x0000003a57500000)]

Stack: [0x0000003a57400000,0x0000003a57500000],  sp=0x0000003a574ff158,  free space=1020k
Native frames: (J=compiled Java code, j=interpreted, Vv=VM code, C=native code)
C  [lwjgl_nanovg.dll+0x15755]

Java frames: (J=compiled Java code, j=interpreted, Vv=VM code)
j  org.lwjgl.nanovg.NanoVG.nnvgCreateFontMem(JJJII)I+0
j  org.lwjgl.nanovg.NanoVG.nvgCreateFontMem(JLjava/lang/CharSequence;Ljava/nio/ByteBuffer;I)I+51
j  org.kakara.engine.ui.text.Font.init(Lorg/kakara/engine/ui/HUD;)V+24
j  org.kakara.engine.ui.HUD.addFont(Lorg/kakara/engine/ui/Font;)V+14
j  org.kakara.engine.test.MainGameScene.<init>(Lorg/kakara/engine/GameHandler;)V+770
j  org.kakara.engine.test.KakaraTest.start(Lorg/kakara/engine/GameHandler;)V+11
j  org.kakara.engine.GameEngine.init()V+29
j  org.kakara.engine.GameEngine.run()V+1
j  org.kakara.engine.test.Main.main([Ljava/lang/String;)V+35
v  ~StubRoutines::call_stub

siginfo: EXCEPTION_ACCESS_VIOLATION (0xc0000005), reading address 0x0000000000000014


Register to memory mapping:

RIP=0x00007fffd15c5755 lwjgl_nanovg.dll
RAX=0x0000000000000001 is an unknown value
RBX=0x0 is NULL
RCX=0x0000000000000010 is an unknown value
RDX=0x0000000000000010 is an unknown value
RSP=0x0000003a574ff158 is pointing into the stack for thread: 0x0000019798ab5000
RBP=0x0000003a574ff1c0 is pointing into the stack for thread: 0x0000019798ab5000
RSI=0x00000197ccb6f900 points into unknown readable memory: 60 af 87 cc 97 01 00 00
RDI=0x0000000000000010 is an unknown value
R8 =0x00007fffd1613658 lwjgl_nanovg.dll
R9 =0x0 is NULL
R10=0x80fcfef8fefefefc is an unknown value
R11=0x00000197ccb6fa10 points into unknown readable memory: ff ff ff ff ff ff ff ff
R12=0x0 is NULL
R13=0x0000000000000100 is an unknown value
R14=0x00000000000237c4 is an unknown value
R15=0x00000197c3e51fc1 points into unknown readable memory: 52 6f 62 6f 74 6f 2d


Registers:
RAX=0x0000000000000001, RBX=0x0000000000000000, RCX=0x0000000000000010, RDX=0x0000000000000010
RSP=0x0000003a574ff158, RBP=0x0000003a574ff1c0, RSI=0x00000197ccb6f900, RDI=0x0000000000000010
R8 =0x00007fffd1613658, R9 =0x0000000000000000, R10=0x80fcfef8fefefefc, R11=0x00000197ccb6fa10
R12=0x0000000000000000, R13=0x0000000000000100, R14=0x00000000000237c4, R15=0x00000197c3e51fc1
RIP=0x00007fffd15c5755, EFLAGS=0x0000000000010246

Top of Stack: (sp=0x0000003a574ff158)
0x0000003a574ff158:   00007fffd15c599a 0000000000000000
0x0000003a574ff168:   0000000000000005 0000019798ab57f0
0x0000003a574ff178:   0000004000000003 0000a038dd730686
0x0000003a574ff188:   0000019798ab5000 0000000000000000
0x0000003a574ff198:   0000000000000000 00000197c3e51fc1
0x0000003a574ff1a8:   00000000000237c4 00000197cd868030
0x0000003a574ff1b8:   0000000000000000 00000197c3e51fc1
0x0000003a574ff1c8:   00000000000237c4 0000000000000100
0x0000003a574ff1d8:   0000000000000000 00000197ccb6f900
0x0000003a574ff1e8:   0000000000000000 0000000000000010
0x0000003a574ff1f8:   00007fffd15cb3c5 0000000000000010
0x0000003a574ff208:   00000197cc87af60 3ff0000000000000
0x0000003a574ff218:   00000197cd868030 0000019798ab5000
0x0000003a574ff228:   0000003a574ff348 00000197cd868030
0x0000003a574ff238:   00000197a27df4f7 00000197cd868030
0x0000003a574ff248:   0000003a574ff2f0 0000000000000010 

Instructions: (pc=0x00007fffd15c5755)
0x00007fffd15c5655:   f0 45 3b d1 7c 04 32 c0 eb 0d 49 8b 03 49 63 ca
0x00007fffd15c5665:   41 ff c2 0f b6 04 01 0f b6 f8 8b d7 0f af d3 41
0x00007fffd15c5675:   03 d2 41 3b d1 7f 04 85 d2 79 03 41 8b d1 45 33
0x00007fffd15c5685:   d2 41 89 53 08 84 c0 74 2c 4c 8b c7 41 3b d1 7c
0x00007fffd15c5695:   04 32 c0 eb 0c 49 8b 03 48 63 ca ff c2 0f b6 04
0x00007fffd15c56a5:   01 41 c1 e2 08 0f b6 c0 44 0b d0 49 83 e8 01 75
0x00007fffd15c56b5:   db 41 89 53 08 45 33 c0 85 ff 74 2c 48 8b df 41
0x00007fffd15c56c5:   3b d1 7c 04 32 c0 eb 0c 49 8b 03 48 63 ca ff c2
0x00007fffd15c56d5:   0f b6 04 01 41 c1 e0 08 0f b6 c0 44 0b c0 48 83
0x00007fffd15c56e5:   eb 01 75 db 41 89 53 08 8d 46 01 48 c7 04 24 00
0x00007fffd15c56f5:   00 00 00 0f af c7 41 8d 4a 02 45 2b c2 48 c7 44
0x00007fffd15c5705:   24 08 00 00 00 00 03 c8 78 21 45 85 c0 78 1c 41
0x00007fffd15c5715:   3b c9 7f 17 44 2b c9 45 3b c1 7f 0f 48 63 c1 49
0x00007fffd15c5725:   03 03 48 89 04 24 44 89 44 24 0c 0f 10 04 24 48
0x00007fffd15c5735:   8b 5c 24 20 48 8b c5 48 8b 74 24 30 0f 11 45 00
0x00007fffd15c5745:   48 8b 6c 24 28 48 83 c4 10 5f c3 48 89 5c 24 08
0x00007fffd15c5755:   44 0f b6 59 04 45 33 c9 0f b6 41 05 4c 8b d1 41
0x00007fffd15c5765:   c1 e3 08 44 03 d8 74 5c 41 0f be 18 0f 1f 40 00
0x00007fffd15c5775:   66 66 66 0f 1f 84 00 00 00 00 00 41 8b c1 c1 e0
0x00007fffd15c5785:   04 83 c0 0c 8b d0 42 0f b6 04 10 3b c3 75 2d 42
0x00007fffd15c5795:   0f b6 4c 12 01 41 0f be 40 01 3b c8 75 1e 42 0f
0x00007fffd15c57a5:   b6 4c 12 02 41 0f be 40 02 3b c8 75 0f 42 0f b6
0x00007fffd15c57b5:   4c 12 03 41 0f be 40 03 3b c8 74 10 41 ff c1 45
0x00007fffd15c57c5:   3b cb 7c b7 33 c0 48 8b 5c 24 08 c3 42 0f b6 4c
0x00007fffd15c57d5:   12 09 42 0f b6 44 12 08 48 8b 5c 24 08 c1 e0 08
0x00007fffd15c57e5:   03 c1 42 0f b6 4c 12 0a c1 e0 08 03 c1 42 0f b6
0x00007fffd15c57f5:   4c 12 0b c1 e0 08 03 c1 c3 cc cc 48 89 5c 24 10
0x00007fffd15c5805:   48 89 6c 24 18 56 57 41 56 48 83 ec 40 45 33 f6
0x00007fffd15c5815:   49 8b c0 48 8b f2 4c 89 74 24 60 48 8b f9 48 8b
0x00007fffd15c5825:   d0 48 8d 4c 24 20 41 8b ee 45 8d 46 12 e8 09 fc
0x00007fffd15c5835:   ff ff 41 8b de 0f 10 00 0f 11 44 24 20 8b 44 24
0x00007fffd15c5845:   2c 39 44 24 28 7d 17 48 8d 4c 24 20 e8 3a fa ff 


Stack slot to memory mapping:
stack at sp + 0 slots: 0x00007fffd15c599a lwjgl_nanovg.dll
stack at sp + 1 slots: 0x0 is NULL
stack at sp + 2 slots: 0x0000000000000005 is an unknown value
stack at sp + 3 slots: 0x0000019798ab57f0 points into unknown readable memory: f0 5a 5d 9d ff 7f 00 00
stack at sp + 4 slots: 0x0000004000000003 is an unknown value
stack at sp + 5 slots: 0x0000a038dd730686 is an unknown value
stack at sp + 6 slots: 0x0000019798ab5000 is a thread
stack at sp + 7 slots: 0x0 is NULL


---------------  P R O C E S S  ---------------

Threads class SMR info:
_java_thread_list=0x00000197cc9dd0f0, length=11, elements={
0x0000019798ab5000, 0x00000197c3829800, 0x00000197c382c800, 0x00000197c383f800,
0x00000197c3840800, 0x00000197c3849000, 0x00000197c3852800, 0x00000197c385a000,
0x00000197c37fc800, 0x00000197c3cbd800, 0x00000197c3cbe800
}

Java Threads: ( => current thread )
=>0x0000019798ab5000 JavaThread "main" [_thread_in_native, id=4000, stack(0x0000003a57400000,0x0000003a57500000)]
  0x00000197c3829800 JavaThread "Reference Handler" daemon [_thread_blocked, id=1308, stack(0x0000003a57b00000,0x0000003a57c00000)]
  0x00000197c382c800 JavaThread "Finalizer" daemon [_thread_blocked, id=8012, stack(0x0000003a57c00000,0x0000003a57d00000)]
  0x00000197c383f800 JavaThread "Signal Dispatcher" daemon [_thread_blocked, id=7564, stack(0x0000003a57d00000,0x0000003a57e00000)]
  0x00000197c3840800 JavaThread "Attach Listener" daemon [_thread_blocked, id=8308, stack(0x0000003a57e00000,0x0000003a57f00000)]
  0x00000197c3849000 JavaThread "C2 CompilerThread0" daemon [_thread_blocked, id=7028, stack(0x0000003a57f00000,0x0000003a58000000)]
  0x00000197c3852800 JavaThread "C1 CompilerThread0" daemon [_thread_blocked, id=3724, stack(0x0000003a58000000,0x0000003a58100000)]
  0x00000197c385a000 JavaThread "Sweeper thread" daemon [_thread_blocked, id=11708, stack(0x0000003a58100000,0x0000003a58200000)]
  0x00000197c37fc800 JavaThread "Common-Cleaner" daemon [_thread_blocked, id=4676, stack(0x0000003a58200000,0x0000003a58300000)]
  0x00000197c3cbd800 JavaThread "Monitor Ctrl-Break" daemon [_thread_in_native, id=11584, stack(0x0000003a58300000,0x0000003a58400000)]
  0x00000197c3cbe800 JavaThread "Service Thread" daemon [_thread_blocked, id=8604, stack(0x0000003a58400000,0x0000003a58500000)]

Other Threads:
  0x00000197c3802800 VMThread "VM Thread" [stack: 0x0000003a57a00000,0x0000003a57b00000] [id=7444]
  0x00000197c3ccb800 WatcherThread [stack: 0x0000003a58500000,0x0000003a58600000] [id=14276]
  0x0000019798b44800 GCTaskThread "GC Thread#0" [stack: 0x0000003a57500000,0x0000003a57600000] [id=5048]
  0x00000197cc6fa800 GCTaskThread "GC Thread#1" [stack: 0x0000003a58900000,0x0000003a58a00000] [id=1852]
  0x00000197cc79c000 GCTaskThread "GC Thread#2" [stack: 0x0000003a58a00000,0x0000003a58b00000] [id=4036]
  0x00000197cc79c800 GCTaskThread "GC Thread#3" [stack: 0x0000003a58b00000,0x0000003a58c00000] [id=10856]
  0x00000197cc79d000 GCTaskThread "GC Thread#4" [stack: 0x0000003a58c00000,0x0000003a58d00000] [id=7236]
  0x00000197cc9d8000 GCTaskThread "GC Thread#5" [stack: 0x0000003a58d00000,0x0000003a58e00000] [id=5588]
  0x0000019798b77800 ConcurrentGCThread "G1 Main Marker" [stack: 0x0000003a57600000,0x0000003a57700000] [id=1848]
  0x0000019798b79000 ConcurrentGCThread "G1 Conc#0" [stack: 0x0000003a57700000,0x0000003a57800000] [id=4596]
  0x00000197c2928800 ConcurrentGCThread "G1 Refine#0" [stack: 0x0000003a57800000,0x0000003a57900000] [id=9792]
  0x00000197c292a800 ConcurrentGCThread "G1 Young RemSet Sampling" [stack: 0x0000003a57900000,0x0000003a57a00000] [id=11608]

Threads with active compile tasks:

VM state:not at safepoint (normal execution)

VM Mutex/Monitor currently owned by a thread: None

Heap address: 0x0000000680e00000, size: 6130 MB, Compressed Oops mode: Zero based, Oop shift amount: 3
Narrow klass base: 0x0000000800000000, Narrow klass shift: 3
Compressed class space size: 1073741824 Address: 0x0000000800b40000

Heap:
 garbage-first heap   total 393216K, used 15488K [0x0000000680e00000, 0x0000000800000000)
  region size 1024K, 11 young (11264K), 3 survivors (3072K)
 Metaspace       used 7985K, capacity 9711K, committed 9728K, reserved 1058816K
  class space    used 527K, capacity 760K, committed 768K, reserved 1048576K
Heap Regions: E=young(eden), S=young(survivor), O=old, HS=humongous(starts), HC=humongous(continues), CS=collection set, F=free, A=archive, TAMS=top-at-mark-start (previous, next)
|   0|0x0000000680e00000, 0x0000000680e20200, 0x0000000680f00000| 12%| O|  |TAMS 0x0000000680e00000, 0x0000000680e00000| Untracked 
|   1|0x0000000680f00000, 0x0000000681000000, 0x0000000681000000|100%|HS|  |TAMS 0x0000000680f00000, 0x0000000680f00000| Complete 
|   2|0x0000000681000000, 0x0000000681100000, 0x0000000681100000|100%|HC|  |TAMS 0x0000000681000000, 0x0000000681000000| Complete 
|   3|0x0000000681100000, 0x0000000681200000, 0x0000000681200000|100%|HC|  |TAMS 0x0000000681100000, 0x0000000681100000| Complete 
|   4|0x0000000681200000, 0x0000000681300000, 0x0000000681300000|100%|HC|  |TAMS 0x0000000681200000, 0x0000000681200000| Complete 
|   5|0x0000000681300000, 0x0000000681400000, 0x0000000681400000|100%|HC|  |TAMS 0x0000000681300000, 0x0000000681300000| Complete 
|   6|0x0000000681400000, 0x0000000681400000, 0x0000000681500000|  0%| F|  |TAMS 0x0000000681400000, 0x0000000681400000| Untracked 
|   7|0x0000000681500000, 0x0000000681500000, 0x0000000681600000|  0%| F|  |TAMS 0x0000000681500000, 0x0000000681500000| Untracked 
|   8|0x0000000681600000, 0x0000000681600000, 0x0000000681700000|  0%| F|  |TAMS 0x0000000681600000, 0x0000000681600000| Untracked 
|   9|0x0000000681700000, 0x0000000681700000, 0x0000000681800000|  0%| F|  |TAMS 0x0000000681700000, 0x0000000681700000| Untracked 
|  10|0x0000000681800000, 0x0000000681800000, 0x0000000681900000|  0%| F|  |TAMS 0x0000000681800000, 0x0000000681800000| Untracked 
|  11|0x0000000681900000, 0x0000000681900000, 0x0000000681a00000|  0%| F|  |TAMS 0x0000000681900000, 0x0000000681900000| Untracked 
|  12|0x0000000681a00000, 0x0000000681a00000, 0x0000000681b00000|  0%| F|  |TAMS 0x0000000681a00000, 0x0000000681a00000| Untracked 
|  13|0x0000000681b00000, 0x0000000681b00000, 0x0000000681c00000|  0%| F|  |TAMS 0x0000000681b00000, 0x0000000681b00000| Untracked 
|  14|0x0000000681c00000, 0x0000000681c00000, 0x0000000681d00000|  0%| F|  |TAMS 0x0000000681c00000, 0x0000000681c00000| Untracked 
|  15|0x0000000681d00000, 0x0000000681d00000, 0x0000000681e00000|  0%| F|  |TAMS 0x0000000681d00000, 0x0000000681d00000| Untracked 
|  16|0x0000000681e00000, 0x0000000681e00000, 0x0000000681f00000|  0%| F|  |TAMS 0x0000000681e00000, 0x0000000681e00000| Untracked 
|  17|0x0000000681f00000, 0x0000000681f00000, 0x0000000682000000|  0%| F|  |TAMS 0x0000000681f00000, 0x0000000681f00000| Untracked 
|  18|0x0000000682000000, 0x0000000682000000, 0x0000000682100000|  0%| F|  |TAMS 0x0000000682000000, 0x0000000682000000| Untracked 
|  19|0x0000000682100000, 0x0000000682100000, 0x0000000682200000|  0%| F|  |TAMS 0x0000000682100000, 0x0000000682100000| Untracked 
|  20|0x0000000682200000, 0x0000000682200000, 0x0000000682300000|  0%| F|  |TAMS 0x0000000682200000, 0x0000000682200000| Untracked 
|  21|0x0000000682300000, 0x0000000682300000, 0x0000000682400000|  0%| F|  |TAMS 0x0000000682300000, 0x0000000682300000| Untracked 
|  22|0x0000000682400000, 0x0000000682400000, 0x0000000682500000|  0%| F|  |TAMS 0x0000000682400000, 0x0000000682400000| Untracked 
|  23|0x0000000682500000, 0x0000000682500000, 0x0000000682600000|  0%| F|  |TAMS 0x0000000682500000, 0x0000000682500000| Untracked 
|  24|0x0000000682600000, 0x0000000682600000, 0x0000000682700000|  0%| F|  |TAMS 0x0000000682600000, 0x0000000682600000| Untracked 
|  25|0x0000000682700000, 0x0000000682700000, 0x0000000682800000|  0%| F|  |TAMS 0x0000000682700000, 0x0000000682700000| Untracked 
|  26|0x0000000682800000, 0x0000000682800000, 0x0000000682900000|  0%| F|  |TAMS 0x0000000682800000, 0x0000000682800000| Untracked 
|  27|0x0000000682900000, 0x0000000682900000, 0x0000000682a00000|  0%| F|  |TAMS 0x0000000682900000, 0x0000000682900000| Untracked 
|  28|0x0000000682a00000, 0x0000000682a00000, 0x0000000682b00000|  0%| F|  |TAMS 0x0000000682a00000, 0x0000000682a00000| Untracked 
|  29|0x0000000682b00000, 0x0000000682b00000, 0x0000000682c00000|  0%| F|  |TAMS 0x0000000682b00000, 0x0000000682b00000| Untracked 
|  30|0x0000000682c00000, 0x0000000682c00000, 0x0000000682d00000|  0%| F|  |TAMS 0x0000000682c00000, 0x0000000682c00000| Untracked 
|  31|0x0000000682d00000, 0x0000000682d00000, 0x0000000682e00000|  0%| F|  |TAMS 0x0000000682d00000, 0x0000000682d00000| Untracked 
|  32|0x0000000682e00000, 0x0000000682e00000, 0x0000000682f00000|  0%| F|  |TAMS 0x0000000682e00000, 0x0000000682e00000| Untracked 
|  33|0x0000000682f00000, 0x0000000682f00000, 0x0000000683000000|  0%| F|  |TAMS 0x0000000682f00000, 0x0000000682f00000| Untracked 
|  34|0x0000000683000000, 0x0000000683000000, 0x0000000683100000|  0%| F|  |TAMS 0x0000000683000000, 0x0000000683000000| Untracked 
|  35|0x0000000683100000, 0x0000000683100000, 0x0000000683200000|  0%| F|  |TAMS 0x0000000683100000, 0x0000000683100000| Untracked 
|  36|0x0000000683200000, 0x0000000683200000, 0x0000000683300000|  0%| F|  |TAMS 0x0000000683200000, 0x0000000683200000| Untracked 
|  37|0x0000000683300000, 0x0000000683300000, 0x0000000683400000|  0%| F|  |TAMS 0x0000000683300000, 0x0000000683300000| Untracked 
|  38|0x0000000683400000, 0x0000000683400000, 0x0000000683500000|  0%| F|  |TAMS 0x0000000683400000, 0x0000000683400000| Untracked 
|  39|0x0000000683500000, 0x0000000683500000, 0x0000000683600000|  0%| F|  |TAMS 0x0000000683500000, 0x0000000683500000| Untracked 
|  40|0x0000000683600000, 0x0000000683600000, 0x0000000683700000|  0%| F|  |TAMS 0x0000000683600000, 0x0000000683600000| Untracked 
|  41|0x0000000683700000, 0x0000000683700000, 0x0000000683800000|  0%| F|  |TAMS 0x0000000683700000, 0x0000000683700000| Untracked 
|  42|0x0000000683800000, 0x0000000683800000, 0x0000000683900000|  0%| F|  |TAMS 0x0000000683800000, 0x0000000683800000| Untracked 
|  43|0x0000000683900000, 0x0000000683900000, 0x0000000683a00000|  0%| F|  |TAMS 0x0000000683900000, 0x0000000683900000| Untracked 
|  44|0x0000000683a00000, 0x0000000683a00000, 0x0000000683b00000|  0%| F|  |TAMS 0x0000000683a00000, 0x0000000683a00000| Untracked 
|  45|0x0000000683b00000, 0x0000000683b00000, 0x0000000683c00000|  0%| F|  |TAMS 0x0000000683b00000, 0x0000000683b00000| Untracked 
|  46|0x0000000683c00000, 0x0000000683c00000, 0x0000000683d00000|  0%| F|  |TAMS 0x0000000683c00000, 0x0000000683c00000| Untracked 
|  47|0x0000000683d00000, 0x0000000683d00000, 0x0000000683e00000|  0%| F|  |TAMS 0x0000000683d00000, 0x0000000683d00000| Untracked 
|  48|0x0000000683e00000, 0x0000000683e00000, 0x0000000683f00000|  0%| F|  |TAMS 0x0000000683e00000, 0x0000000683e00000| Untracked 
|  49|0x0000000683f00000, 0x0000000683f00000, 0x0000000684000000|  0%| F|  |TAMS 0x0000000683f00000, 0x0000000683f00000| Untracked 
|  50|0x0000000684000000, 0x0000000684000000, 0x0000000684100000|  0%| F|  |TAMS 0x0000000684000000, 0x0000000684000000| Untracked 
|  51|0x0000000684100000, 0x0000000684100000, 0x0000000684200000|  0%| F|  |TAMS 0x0000000684100000, 0x0000000684100000| Untracked 
|  52|0x0000000684200000, 0x0000000684200000, 0x0000000684300000|  0%| F|  |TAMS 0x0000000684200000, 0x0000000684200000| Untracked 
|  53|0x0000000684300000, 0x0000000684300000, 0x0000000684400000|  0%| F|  |TAMS 0x0000000684300000, 0x0000000684300000| Untracked 
|  54|0x0000000684400000, 0x0000000684400000, 0x0000000684500000|  0%| F|  |TAMS 0x0000000684400000, 0x0000000684400000| Untracked 
|  55|0x0000000684500000, 0x0000000684500000, 0x0000000684600000|  0%| F|  |TAMS 0x0000000684500000, 0x0000000684500000| Untracked 
|  56|0x0000000684600000, 0x0000000684600000, 0x0000000684700000|  0%| F|  |TAMS 0x0000000684600000, 0x0000000684600000| Untracked 
|  57|0x0000000684700000, 0x0000000684700000, 0x0000000684800000|  0%| F|  |TAMS 0x0000000684700000, 0x0000000684700000| Untracked 
|  58|0x0000000684800000, 0x0000000684800000, 0x0000000684900000|  0%| F|  |TAMS 0x0000000684800000, 0x0000000684800000| Untracked 
|  59|0x0000000684900000, 0x0000000684900000, 0x0000000684a00000|  0%| F|  |TAMS 0x0000000684900000, 0x0000000684900000| Untracked 
|  60|0x0000000684a00000, 0x0000000684a00000, 0x0000000684b00000|  0%| F|  |TAMS 0x0000000684a00000, 0x0000000684a00000| Untracked 
|  61|0x0000000684b00000, 0x0000000684b00000, 0x0000000684c00000|  0%| F|  |TAMS 0x0000000684b00000, 0x0000000684b00000| Untracked 
|  62|0x0000000684c00000, 0x0000000684c00000, 0x0000000684d00000|  0%| F|  |TAMS 0x0000000684c00000, 0x0000000684c00000| Untracked 
|  63|0x0000000684d00000, 0x0000000684d00000, 0x0000000684e00000|  0%| F|  |TAMS 0x0000000684d00000, 0x0000000684d00000| Untracked 
|  64|0x0000000684e00000, 0x0000000684e00000, 0x0000000684f00000|  0%| F|  |TAMS 0x0000000684e00000, 0x0000000684e00000| Untracked 
|  65|0x0000000684f00000, 0x0000000684f00000, 0x0000000685000000|  0%| F|  |TAMS 0x0000000684f00000, 0x0000000684f00000| Untracked 
|  66|0x0000000685000000, 0x0000000685000000, 0x0000000685100000|  0%| F|  |TAMS 0x0000000685000000, 0x0000000685000000| Untracked 
|  67|0x0000000685100000, 0x0000000685100000, 0x0000000685200000|  0%| F|  |TAMS 0x0000000685100000, 0x0000000685100000| Untracked 
|  68|0x0000000685200000, 0x0000000685200000, 0x0000000685300000|  0%| F|  |TAMS 0x0000000685200000, 0x0000000685200000| Untracked 
|  69|0x0000000685300000, 0x0000000685300000, 0x0000000685400000|  0%| F|  |TAMS 0x0000000685300000, 0x0000000685300000| Untracked 
|  70|0x0000000685400000, 0x0000000685400000, 0x0000000685500000|  0%| F|  |TAMS 0x0000000685400000, 0x0000000685400000| Untracked 
|  71|0x0000000685500000, 0x0000000685500000, 0x0000000685600000|  0%| F|  |TAMS 0x0000000685500000, 0x0000000685500000| Untracked 
|  72|0x0000000685600000, 0x0000000685600000, 0x0000000685700000|  0%| F|  |TAMS 0x0000000685600000, 0x0000000685600000| Untracked 
|  73|0x0000000685700000, 0x0000000685700000, 0x0000000685800000|  0%| F|  |TAMS 0x0000000685700000, 0x0000000685700000| Untracked 
|  74|0x0000000685800000, 0x0000000685800000, 0x0000000685900000|  0%| F|  |TAMS 0x0000000685800000, 0x0000000685800000| Untracked 
|  75|0x0000000685900000, 0x0000000685900000, 0x0000000685a00000|  0%| F|  |TAMS 0x0000000685900000, 0x0000000685900000| Untracked 
|  76|0x0000000685a00000, 0x0000000685a00000, 0x0000000685b00000|  0%| F|  |TAMS 0x0000000685a00000, 0x0000000685a00000| Untracked 
|  77|0x0000000685b00000, 0x0000000685b00000, 0x0000000685c00000|  0%| F|  |TAMS 0x0000000685b00000, 0x0000000685b00000| Untracked 
|  78|0x0000000685c00000, 0x0000000685c00000, 0x0000000685d00000|  0%| F|  |TAMS 0x0000000685c00000, 0x0000000685c00000| Untracked 
|  79|0x0000000685d00000, 0x0000000685d00000, 0x0000000685e00000|  0%| F|  |TAMS 0x0000000685d00000, 0x0000000685d00000| Untracked 
|  80|0x0000000685e00000, 0x0000000685e00000, 0x0000000685f00000|  0%| F|  |TAMS 0x0000000685e00000, 0x0000000685e00000| Untracked 
|  81|0x0000000685f00000, 0x0000000685f00000, 0x0000000686000000|  0%| F|  |TAMS 0x0000000685f00000, 0x0000000685f00000| Untracked 
|  82|0x0000000686000000, 0x0000000686000000, 0x0000000686100000|  0%| F|  |TAMS 0x0000000686000000, 0x0000000686000000| Untracked 
|  83|0x0000000686100000, 0x0000000686100000, 0x0000000686200000|  0%| F|  |TAMS 0x0000000686100000, 0x0000000686100000| Untracked 
|  84|0x0000000686200000, 0x0000000686200000, 0x0000000686300000|  0%| F|  |TAMS 0x0000000686200000, 0x0000000686200000| Untracked 
|  85|0x0000000686300000, 0x0000000686300000, 0x0000000686400000|  0%| F|  |TAMS 0x0000000686300000, 0x0000000686300000| Untracked 
|  86|0x0000000686400000, 0x0000000686400000, 0x0000000686500000|  0%| F|  |TAMS 0x0000000686400000, 0x0000000686400000| Untracked 
|  87|0x0000000686500000, 0x0000000686500000, 0x0000000686600000|  0%| F|  |TAMS 0x0000000686500000, 0x0000000686500000| Untracked 
|  88|0x0000000686600000, 0x0000000686600000, 0x0000000686700000|  0%| F|  |TAMS 0x0000000686600000, 0x0000000686600000| Untracked 
|  89|0x0000000686700000, 0x0000000686700000, 0x0000000686800000|  0%| F|  |TAMS 0x0000000686700000, 0x0000000686700000| Untracked 
|  90|0x0000000686800000, 0x0000000686800000, 0x0000000686900000|  0%| F|  |TAMS 0x0000000686800000, 0x0000000686800000| Untracked 
|  91|0x0000000686900000, 0x0000000686900000, 0x0000000686a00000|  0%| F|  |TAMS 0x0000000686900000, 0x0000000686900000| Untracked 
|  92|0x0000000686a00000, 0x0000000686a00000, 0x0000000686b00000|  0%| F|  |TAMS 0x0000000686a00000, 0x0000000686a00000| Untracked 
|  93|0x0000000686b00000, 0x0000000686b00000, 0x0000000686c00000|  0%| F|  |TAMS 0x0000000686b00000, 0x0000000686b00000| Untracked 
|  94|0x0000000686c00000, 0x0000000686c00000, 0x0000000686d00000|  0%| F|  |TAMS 0x0000000686c00000, 0x0000000686c00000| Untracked 
|  95|0x0000000686d00000, 0x0000000686d00000, 0x0000000686e00000|  0%| F|  |TAMS 0x0000000686d00000, 0x0000000686d00000| Untracked 
|  96|0x0000000686e00000, 0x0000000686e00000, 0x0000000686f00000|  0%| F|  |TAMS 0x0000000686e00000, 0x0000000686e00000| Untracked 
|  97|0x0000000686f00000, 0x0000000686f00000, 0x0000000687000000|  0%| F|  |TAMS 0x0000000686f00000, 0x0000000686f00000| Untracked 
|  98|0x0000000687000000, 0x0000000687000000, 0x0000000687100000|  0%| F|  |TAMS 0x0000000687000000, 0x0000000687000000| Untracked 
|  99|0x0000000687100000, 0x0000000687100000, 0x0000000687200000|  0%| F|  |TAMS 0x0000000687100000, 0x0000000687100000| Untracked 
| 100|0x0000000687200000, 0x0000000687200000, 0x0000000687300000|  0%| F|  |TAMS 0x0000000687200000, 0x0000000687200000| Untracked 
| 101|0x0000000687300000, 0x0000000687300000, 0x0000000687400000|  0%| F|  |TAMS 0x0000000687300000, 0x0000000687300000| Untracked 
| 102|0x0000000687400000, 0x0000000687400000, 0x0000000687500000|  0%| F|  |TAMS 0x0000000687400000, 0x0000000687400000| Untracked 
| 103|0x0000000687500000, 0x0000000687500000, 0x0000000687600000|  0%| F|  |TAMS 0x0000000687500000, 0x0000000687500000| Untracked 
| 104|0x0000000687600000, 0x0000000687600000, 0x0000000687700000|  0%| F|  |TAMS 0x0000000687600000, 0x0000000687600000| Untracked 
| 105|0x0000000687700000, 0x0000000687700000, 0x0000000687800000|  0%| F|  |TAMS 0x0000000687700000, 0x0000000687700000| Untracked 
| 106|0x0000000687800000, 0x0000000687800000, 0x0000000687900000|  0%| F|  |TAMS 0x0000000687800000, 0x0000000687800000| Untracked 
| 107|0x0000000687900000, 0x0000000687900000, 0x0000000687a00000|  0%| F|  |TAMS 0x0000000687900000, 0x0000000687900000| Untracked 
| 108|0x0000000687a00000, 0x0000000687a00000, 0x0000000687b00000|  0%| F|  |TAMS 0x0000000687a00000, 0x0000000687a00000| Untracked 
| 109|0x0000000687b00000, 0x0000000687b00000, 0x0000000687c00000|  0%| F|  |TAMS 0x0000000687b00000, 0x0000000687b00000| Untracked 
| 110|0x0000000687c00000, 0x0000000687c00000, 0x0000000687d00000|  0%| F|  |TAMS 0x0000000687c00000, 0x0000000687c00000| Untracked 
| 111|0x0000000687d00000, 0x0000000687d00000, 0x0000000687e00000|  0%| F|  |TAMS 0x0000000687d00000, 0x0000000687d00000| Untracked 
| 112|0x0000000687e00000, 0x0000000687e00000, 0x0000000687f00000|  0%| F|  |TAMS 0x0000000687e00000, 0x0000000687e00000| Untracked 
| 113|0x0000000687f00000, 0x0000000687f00000, 0x0000000688000000|  0%| F|  |TAMS 0x0000000687f00000, 0x0000000687f00000| Untracked 
| 114|0x0000000688000000, 0x0000000688000000, 0x0000000688100000|  0%| F|  |TAMS 0x0000000688000000, 0x0000000688000000| Untracked 
| 115|0x0000000688100000, 0x0000000688100000, 0x0000000688200000|  0%| F|  |TAMS 0x0000000688100000, 0x0000000688100000| Untracked 
| 116|0x0000000688200000, 0x0000000688200000, 0x0000000688300000|  0%| F|  |TAMS 0x0000000688200000, 0x0000000688200000| Untracked 
| 117|0x0000000688300000, 0x0000000688300000, 0x0000000688400000|  0%| F|  |TAMS 0x0000000688300000, 0x0000000688300000| Untracked 
| 118|0x0000000688400000, 0x0000000688400000, 0x0000000688500000|  0%| F|  |TAMS 0x0000000688400000, 0x0000000688400000| Untracked 
| 119|0x0000000688500000, 0x0000000688500000, 0x0000000688600000|  0%| F|  |TAMS 0x0000000688500000, 0x0000000688500000| Untracked 
| 120|0x0000000688600000, 0x0000000688600000, 0x0000000688700000|  0%| F|  |TAMS 0x0000000688600000, 0x0000000688600000| Untracked 
| 121|0x0000000688700000, 0x0000000688700000, 0x0000000688800000|  0%| F|  |TAMS 0x0000000688700000, 0x0000000688700000| Untracked 
| 122|0x0000000688800000, 0x0000000688800000, 0x0000000688900000|  0%| F|  |TAMS 0x0000000688800000, 0x0000000688800000| Untracked 
| 123|0x0000000688900000, 0x0000000688900000, 0x0000000688a00000|  0%| F|  |TAMS 0x0000000688900000, 0x0000000688900000| Untracked 
| 124|0x0000000688a00000, 0x0000000688a00000, 0x0000000688b00000|  0%| F|  |TAMS 0x0000000688a00000, 0x0000000688a00000| Untracked 
| 125|0x0000000688b00000, 0x0000000688b00000, 0x0000000688c00000|  0%| F|  |TAMS 0x0000000688b00000, 0x0000000688b00000| Untracked 
| 126|0x0000000688c00000, 0x0000000688c00000, 0x0000000688d00000|  0%| F|  |TAMS 0x0000000688c00000, 0x0000000688c00000| Untracked 
| 127|0x0000000688d00000, 0x0000000688d00000, 0x0000000688e00000|  0%| F|  |TAMS 0x0000000688d00000, 0x0000000688d00000| Untracked 
| 128|0x0000000688e00000, 0x0000000688e00000, 0x0000000688f00000|  0%| F|  |TAMS 0x0000000688e00000, 0x0000000688e00000| Untracked 
| 129|0x0000000688f00000, 0x0000000688f00000, 0x0000000689000000|  0%| F|  |TAMS 0x0000000688f00000, 0x0000000688f00000| Untracked 
| 130|0x0000000689000000, 0x0000000689000000, 0x0000000689100000|  0%| F|  |TAMS 0x0000000689000000, 0x0000000689000000| Untracked 
| 131|0x0000000689100000, 0x0000000689100000, 0x0000000689200000|  0%| F|  |TAMS 0x0000000689100000, 0x0000000689100000| Untracked 
| 132|0x0000000689200000, 0x0000000689200000, 0x0000000689300000|  0%| F|  |TAMS 0x0000000689200000, 0x0000000689200000| Untracked 
| 133|0x0000000689300000, 0x0000000689300000, 0x0000000689400000|  0%| F|  |TAMS 0x0000000689300000, 0x0000000689300000| Untracked 
| 134|0x0000000689400000, 0x0000000689400000, 0x0000000689500000|  0%| F|  |TAMS 0x0000000689400000, 0x0000000689400000| Untracked 
| 135|0x0000000689500000, 0x0000000689500000, 0x0000000689600000|  0%| F|  |TAMS 0x0000000689500000, 0x0000000689500000| Untracked 
| 136|0x0000000689600000, 0x0000000689600000, 0x0000000689700000|  0%| F|  |TAMS 0x0000000689600000, 0x0000000689600000| Untracked 
| 137|0x0000000689700000, 0x0000000689700000, 0x0000000689800000|  0%| F|  |TAMS 0x0000000689700000, 0x0000000689700000| Untracked 
| 138|0x0000000689800000, 0x0000000689800000, 0x0000000689900000|  0%| F|  |TAMS 0x0000000689800000, 0x0000000689800000| Untracked 
| 139|0x0000000689900000, 0x0000000689900000, 0x0000000689a00000|  0%| F|  |TAMS 0x0000000689900000, 0x0000000689900000| Untracked 
| 140|0x0000000689a00000, 0x0000000689a00000, 0x0000000689b00000|  0%| F|  |TAMS 0x0000000689a00000, 0x0000000689a00000| Untracked 
| 141|0x0000000689b00000, 0x0000000689b00000, 0x0000000689c00000|  0%| F|  |TAMS 0x0000000689b00000, 0x0000000689b00000| Untracked 
| 142|0x0000000689c00000, 0x0000000689c00000, 0x0000000689d00000|  0%| F|  |TAMS 0x0000000689c00000, 0x0000000689c00000| Untracked 
| 143|0x0000000689d00000, 0x0000000689d00000, 0x0000000689e00000|  0%| F|  |TAMS 0x0000000689d00000, 0x0000000689d00000| Untracked 
| 144|0x0000000689e00000, 0x0000000689e00000, 0x0000000689f00000|  0%| F|  |TAMS 0x0000000689e00000, 0x0000000689e00000| Untracked 
| 145|0x0000000689f00000, 0x0000000689f00000, 0x000000068a000000|  0%| F|  |TAMS 0x0000000689f00000, 0x0000000689f00000| Untracked 
| 146|0x000000068a000000, 0x000000068a000000, 0x000000068a100000|  0%| F|  |TAMS 0x000000068a000000, 0x000000068a000000| Untracked 
| 147|0x000000068a100000, 0x000000068a100000, 0x000000068a200000|  0%| F|  |TAMS 0x000000068a100000, 0x000000068a100000| Untracked 
| 148|0x000000068a200000, 0x000000068a200000, 0x000000068a300000|  0%| F|  |TAMS 0x000000068a200000, 0x000000068a200000| Untracked 
| 149|0x000000068a300000, 0x000000068a300000, 0x000000068a400000|  0%| F|  |TAMS 0x000000068a300000, 0x000000068a300000| Untracked 
| 150|0x000000068a400000, 0x000000068a400000, 0x000000068a500000|  0%| F|  |TAMS 0x000000068a400000, 0x000000068a400000| Untracked 
| 151|0x000000068a500000, 0x000000068a500000, 0x000000068a600000|  0%| F|  |TAMS 0x000000068a500000, 0x000000068a500000| Untracked 
| 152|0x000000068a600000, 0x000000068a600000, 0x000000068a700000|  0%| F|  |TAMS 0x000000068a600000, 0x000000068a600000| Untracked 
| 153|0x000000068a700000, 0x000000068a700000, 0x000000068a800000|  0%| F|  |TAMS 0x000000068a700000, 0x000000068a700000| Untracked 
| 154|0x000000068a800000, 0x000000068a800000, 0x000000068a900000|  0%| F|  |TAMS 0x000000068a800000, 0x000000068a800000| Untracked 
| 155|0x000000068a900000, 0x000000068a900000, 0x000000068aa00000|  0%| F|  |TAMS 0x000000068a900000, 0x000000068a900000| Untracked 
| 156|0x000000068aa00000, 0x000000068aa00000, 0x000000068ab00000|  0%| F|  |TAMS 0x000000068aa00000, 0x000000068aa00000| Untracked 
| 157|0x000000068ab00000, 0x000000068ab00000, 0x000000068ac00000|  0%| F|  |TAMS 0x000000068ab00000, 0x000000068ab00000| Untracked 
| 158|0x000000068ac00000, 0x000000068ac00000, 0x000000068ad00000|  0%| F|  |TAMS 0x000000068ac00000, 0x000000068ac00000| Untracked 
| 159|0x000000068ad00000, 0x000000068ad00000, 0x000000068ae00000|  0%| F|  |TAMS 0x000000068ad00000, 0x000000068ad00000| Untracked 
| 160|0x000000068ae00000, 0x000000068ae00000, 0x000000068af00000|  0%| F|  |TAMS 0x000000068ae00000, 0x000000068ae00000| Untracked 
| 161|0x000000068af00000, 0x000000068af00000, 0x000000068b000000|  0%| F|  |TAMS 0x000000068af00000, 0x000000068af00000| Untracked 
| 162|0x000000068b000000, 0x000000068b000000, 0x000000068b100000|  0%| F|  |TAMS 0x000000068b000000, 0x000000068b000000| Untracked 
| 163|0x000000068b100000, 0x000000068b100000, 0x000000068b200000|  0%| F|  |TAMS 0x000000068b100000, 0x000000068b100000| Untracked 
| 164|0x000000068b200000, 0x000000068b200000, 0x000000068b300000|  0%| F|  |TAMS 0x000000068b200000, 0x000000068b200000| Untracked 
| 165|0x000000068b300000, 0x000000068b300000, 0x000000068b400000|  0%| F|  |TAMS 0x000000068b300000, 0x000000068b300000| Untracked 
| 166|0x000000068b400000, 0x000000068b400000, 0x000000068b500000|  0%| F|  |TAMS 0x000000068b400000, 0x000000068b400000| Untracked 
| 167|0x000000068b500000, 0x000000068b500000, 0x000000068b600000|  0%| F|  |TAMS 0x000000068b500000, 0x000000068b500000| Untracked 
| 168|0x000000068b600000, 0x000000068b600000, 0x000000068b700000|  0%| F|  |TAMS 0x000000068b600000, 0x000000068b600000| Untracked 
| 169|0x000000068b700000, 0x000000068b700000, 0x000000068b800000|  0%| F|  |TAMS 0x000000068b700000, 0x000000068b700000| Untracked 
| 170|0x000000068b800000, 0x000000068b800000, 0x000000068b900000|  0%| F|  |TAMS 0x000000068b800000, 0x000000068b800000| Untracked 
| 171|0x000000068b900000, 0x000000068b900000, 0x000000068ba00000|  0%| F|  |TAMS 0x000000068b900000, 0x000000068b900000| Untracked 
| 172|0x000000068ba00000, 0x000000068ba00000, 0x000000068bb00000|  0%| F|  |TAMS 0x000000068ba00000, 0x000000068ba00000| Untracked 
| 173|0x000000068bb00000, 0x000000068bb00000, 0x000000068bc00000|  0%| F|  |TAMS 0x000000068bb00000, 0x000000068bb00000| Untracked 
| 174|0x000000068bc00000, 0x000000068bc00000, 0x000000068bd00000|  0%| F|  |TAMS 0x000000068bc00000, 0x000000068bc00000| Untracked 
| 175|0x000000068bd00000, 0x000000068bd00000, 0x000000068be00000|  0%| F|  |TAMS 0x000000068bd00000, 0x000000068bd00000| Untracked 
| 176|0x000000068be00000, 0x000000068be00000, 0x000000068bf00000|  0%| F|  |TAMS 0x000000068be00000, 0x000000068be00000| Untracked 
| 177|0x000000068bf00000, 0x000000068bf00000, 0x000000068c000000|  0%| F|  |TAMS 0x000000068bf00000, 0x000000068bf00000| Untracked 
| 178|0x000000068c000000, 0x000000068c000000, 0x000000068c100000|  0%| F|  |TAMS 0x000000068c000000, 0x000000068c000000| Untracked 
| 179|0x000000068c100000, 0x000000068c100000, 0x000000068c200000|  0%| F|  |TAMS 0x000000068c100000, 0x000000068c100000| Untracked 
| 180|0x000000068c200000, 0x000000068c200000, 0x000000068c300000|  0%| F|  |TAMS 0x000000068c200000, 0x000000068c200000| Untracked 
| 181|0x000000068c300000, 0x000000068c300000, 0x000000068c400000|  0%| F|  |TAMS 0x000000068c300000, 0x000000068c300000| Untracked 
| 182|0x000000068c400000, 0x000000068c400000, 0x000000068c500000|  0%| F|  |TAMS 0x000000068c400000, 0x000000068c400000| Untracked 
| 183|0x000000068c500000, 0x000000068c500000, 0x000000068c600000|  0%| F|  |TAMS 0x000000068c500000, 0x000000068c500000| Untracked 
| 184|0x000000068c600000, 0x000000068c600000, 0x000000068c700000|  0%| F|  |TAMS 0x000000068c600000, 0x000000068c600000| Untracked 
| 185|0x000000068c700000, 0x000000068c700000, 0x000000068c800000|  0%| F|  |TAMS 0x000000068c700000, 0x000000068c700000| Untracked 
| 186|0x000000068c800000, 0x000000068c800000, 0x000000068c900000|  0%| F|  |TAMS 0x000000068c800000, 0x000000068c800000| Untracked 
| 187|0x000000068c900000, 0x000000068c900000, 0x000000068ca00000|  0%| F|  |TAMS 0x000000068c900000, 0x000000068c900000| Untracked 
| 188|0x000000068ca00000, 0x000000068ca00000, 0x000000068cb00000|  0%| F|  |TAMS 0x000000068ca00000, 0x000000068ca00000| Untracked 
| 189|0x000000068cb00000, 0x000000068cb00000, 0x000000068cc00000|  0%| F|  |TAMS 0x000000068cb00000, 0x000000068cb00000| Untracked 
| 190|0x000000068cc00000, 0x000000068cc00000, 0x000000068cd00000|  0%| F|  |TAMS 0x000000068cc00000, 0x000000068cc00000| Untracked 
| 191|0x000000068cd00000, 0x000000068cd00000, 0x000000068ce00000|  0%| F|  |TAMS 0x000000068cd00000, 0x000000068cd00000| Untracked 
| 192|0x000000068ce00000, 0x000000068ce00000, 0x000000068cf00000|  0%| F|  |TAMS 0x000000068ce00000, 0x000000068ce00000| Untracked 
| 193|0x000000068cf00000, 0x000000068cf00000, 0x000000068d000000|  0%| F|  |TAMS 0x000000068cf00000, 0x000000068cf00000| Untracked 
| 194|0x000000068d000000, 0x000000068d000000, 0x000000068d100000|  0%| F|  |TAMS 0x000000068d000000, 0x000000068d000000| Untracked 
| 195|0x000000068d100000, 0x000000068d100000, 0x000000068d200000|  0%| F|  |TAMS 0x000000068d100000, 0x000000068d100000| Untracked 
| 196|0x000000068d200000, 0x000000068d200000, 0x000000068d300000|  0%| F|  |TAMS 0x000000068d200000, 0x000000068d200000| Untracked 
| 197|0x000000068d300000, 0x000000068d300000, 0x000000068d400000|  0%| F|  |TAMS 0x000000068d300000, 0x000000068d300000| Untracked 
| 198|0x000000068d400000, 0x000000068d400000, 0x000000068d500000|  0%| F|  |TAMS 0x000000068d400000, 0x000000068d400000| Untracked 
| 199|0x000000068d500000, 0x000000068d500000, 0x000000068d600000|  0%| F|  |TAMS 0x000000068d500000, 0x000000068d500000| Untracked 
| 200|0x000000068d600000, 0x000000068d600000, 0x000000068d700000|  0%| F|  |TAMS 0x000000068d600000, 0x000000068d600000| Untracked 
| 201|0x000000068d700000, 0x000000068d700000, 0x000000068d800000|  0%| F|  |TAMS 0x000000068d700000, 0x000000068d700000| Untracked 
| 202|0x000000068d800000, 0x000000068d800000, 0x000000068d900000|  0%| F|  |TAMS 0x000000068d800000, 0x000000068d800000| Untracked 
| 203|0x000000068d900000, 0x000000068d900000, 0x000000068da00000|  0%| F|  |TAMS 0x000000068d900000, 0x000000068d900000| Untracked 
| 204|0x000000068da00000, 0x000000068da00000, 0x000000068db00000|  0%| F|  |TAMS 0x000000068da00000, 0x000000068da00000| Untracked 
| 205|0x000000068db00000, 0x000000068db00000, 0x000000068dc00000|  0%| F|  |TAMS 0x000000068db00000, 0x000000068db00000| Untracked 
| 206|0x000000068dc00000, 0x000000068dc00000, 0x000000068dd00000|  0%| F|  |TAMS 0x000000068dc00000, 0x000000068dc00000| Untracked 
| 207|0x000000068dd00000, 0x000000068dd00000, 0x000000068de00000|  0%| F|  |TAMS 0x000000068dd00000, 0x000000068dd00000| Untracked 
| 208|0x000000068de00000, 0x000000068de00000, 0x000000068df00000|  0%| F|  |TAMS 0x000000068de00000, 0x000000068de00000| Untracked 
| 209|0x000000068df00000, 0x000000068df00000, 0x000000068e000000|  0%| F|  |TAMS 0x000000068df00000, 0x000000068df00000| Untracked 
| 210|0x000000068e000000, 0x000000068e000000, 0x000000068e100000|  0%| F|  |TAMS 0x000000068e000000, 0x000000068e000000| Untracked 
| 211|0x000000068e100000, 0x000000068e100000, 0x000000068e200000|  0%| F|  |TAMS 0x000000068e100000, 0x000000068e100000| Untracked 
| 212|0x000000068e200000, 0x000000068e200000, 0x000000068e300000|  0%| F|  |TAMS 0x000000068e200000, 0x000000068e200000| Untracked 
| 213|0x000000068e300000, 0x000000068e300000, 0x000000068e400000|  0%| F|  |TAMS 0x000000068e300000, 0x000000068e300000| Untracked 
| 214|0x000000068e400000, 0x000000068e400000, 0x000000068e500000|  0%| F|  |TAMS 0x000000068e400000, 0x000000068e400000| Untracked 
| 215|0x000000068e500000, 0x000000068e500000, 0x000000068e600000|  0%| F|  |TAMS 0x000000068e500000, 0x000000068e500000| Untracked 
| 216|0x000000068e600000, 0x000000068e600000, 0x000000068e700000|  0%| F|  |TAMS 0x000000068e600000, 0x000000068e600000| Untracked 
| 217|0x000000068e700000, 0x000000068e700000, 0x000000068e800000|  0%| F|  |TAMS 0x000000068e700000, 0x000000068e700000| Untracked 
| 218|0x000000068e800000, 0x000000068e800000, 0x000000068e900000|  0%| F|  |TAMS 0x000000068e800000, 0x000000068e800000| Untracked 
| 219|0x000000068e900000, 0x000000068e900000, 0x000000068ea00000|  0%| F|  |TAMS 0x000000068e900000, 0x000000068e900000| Untracked 
| 220|0x000000068ea00000, 0x000000068ea00000, 0x000000068eb00000|  0%| F|  |TAMS 0x000000068ea00000, 0x000000068ea00000| Untracked 
| 221|0x000000068eb00000, 0x000000068eb00000, 0x000000068ec00000|  0%| F|  |TAMS 0x000000068eb00000, 0x000000068eb00000| Untracked 
| 222|0x000000068ec00000, 0x000000068ec00000, 0x000000068ed00000|  0%| F|  |TAMS 0x000000068ec00000, 0x000000068ec00000| Untracked 
| 223|0x000000068ed00000, 0x000000068ed00000, 0x000000068ee00000|  0%| F|  |TAMS 0x000000068ed00000, 0x000000068ed00000| Untracked 
| 224|0x000000068ee00000, 0x000000068ee00000, 0x000000068ef00000|  0%| F|  |TAMS 0x000000068ee00000, 0x000000068ee00000| Untracked 
| 225|0x000000068ef00000, 0x000000068ef00000, 0x000000068f000000|  0%| F|  |TAMS 0x000000068ef00000, 0x000000068ef00000| Untracked 
| 226|0x000000068f000000, 0x000000068f000000, 0x000000068f100000|  0%| F|  |TAMS 0x000000068f000000, 0x000000068f000000| Untracked 
| 227|0x000000068f100000, 0x000000068f100000, 0x000000068f200000|  0%| F|  |TAMS 0x000000068f100000, 0x000000068f100000| Untracked 
| 228|0x000000068f200000, 0x000000068f200000, 0x000000068f300000|  0%| F|  |TAMS 0x000000068f200000, 0x000000068f200000| Untracked 
| 229|0x000000068f300000, 0x000000068f300000, 0x000000068f400000|  0%| F|  |TAMS 0x000000068f300000, 0x000000068f300000| Untracked 
| 230|0x000000068f400000, 0x000000068f400000, 0x000000068f500000|  0%| F|  |TAMS 0x000000068f400000, 0x000000068f400000| Untracked 
| 231|0x000000068f500000, 0x000000068f500000, 0x000000068f600000|  0%| F|  |TAMS 0x000000068f500000, 0x000000068f500000| Untracked 
| 232|0x000000068f600000, 0x000000068f600000, 0x000000068f700000|  0%| F|  |TAMS 0x000000068f600000, 0x000000068f600000| Untracked 
| 233|0x000000068f700000, 0x000000068f700000, 0x000000068f800000|  0%| F|  |TAMS 0x000000068f700000, 0x000000068f700000| Untracked 
| 234|0x000000068f800000, 0x000000068f800000, 0x000000068f900000|  0%| F|  |TAMS 0x000000068f800000, 0x000000068f800000| Untracked 
| 235|0x000000068f900000, 0x000000068f900000, 0x000000068fa00000|  0%| F|  |TAMS 0x000000068f900000, 0x000000068f900000| Untracked 
| 236|0x000000068fa00000, 0x000000068fa00000, 0x000000068fb00000|  0%| F|  |TAMS 0x000000068fa00000, 0x000000068fa00000| Untracked 
| 237|0x000000068fb00000, 0x000000068fb00000, 0x000000068fc00000|  0%| F|  |TAMS 0x000000068fb00000, 0x000000068fb00000| Untracked 
| 238|0x000000068fc00000, 0x000000068fc00000, 0x000000068fd00000|  0%| F|  |TAMS 0x000000068fc00000, 0x000000068fc00000| Untracked 
| 239|0x000000068fd00000, 0x000000068fd00000, 0x000000068fe00000|  0%| F|  |TAMS 0x000000068fd00000, 0x000000068fd00000| Untracked 
| 240|0x000000068fe00000, 0x000000068fe00000, 0x000000068ff00000|  0%| F|  |TAMS 0x000000068fe00000, 0x000000068fe00000| Untracked 
| 241|0x000000068ff00000, 0x000000068ff00000, 0x0000000690000000|  0%| F|  |TAMS 0x000000068ff00000, 0x000000068ff00000| Untracked 
| 242|0x0000000690000000, 0x0000000690000000, 0x0000000690100000|  0%| F|  |TAMS 0x0000000690000000, 0x0000000690000000| Untracked 
| 243|0x0000000690100000, 0x0000000690100000, 0x0000000690200000|  0%| F|  |TAMS 0x0000000690100000, 0x0000000690100000| Untracked 
| 244|0x0000000690200000, 0x0000000690200000, 0x0000000690300000|  0%| F|  |TAMS 0x0000000690200000, 0x0000000690200000| Untracked 
| 245|0x0000000690300000, 0x0000000690300000, 0x0000000690400000|  0%| F|  |TAMS 0x0000000690300000, 0x0000000690300000| Untracked 
| 246|0x0000000690400000, 0x0000000690400000, 0x0000000690500000|  0%| F|  |TAMS 0x0000000690400000, 0x0000000690400000| Untracked 
| 247|0x0000000690500000, 0x0000000690500000, 0x0000000690600000|  0%| F|  |TAMS 0x0000000690500000, 0x0000000690500000| Untracked 
| 248|0x0000000690600000, 0x0000000690600000, 0x0000000690700000|  0%| F|  |TAMS 0x0000000690600000, 0x0000000690600000| Untracked 
| 249|0x0000000690700000, 0x0000000690700000, 0x0000000690800000|  0%| F|  |TAMS 0x0000000690700000, 0x0000000690700000| Untracked 
| 250|0x0000000690800000, 0x0000000690800000, 0x0000000690900000|  0%| F|  |TAMS 0x0000000690800000, 0x0000000690800000| Untracked 
| 251|0x0000000690900000, 0x0000000690900000, 0x0000000690a00000|  0%| F|  |TAMS 0x0000000690900000, 0x0000000690900000| Untracked 
| 252|0x0000000690a00000, 0x0000000690a00000, 0x0000000690b00000|  0%| F|  |TAMS 0x0000000690a00000, 0x0000000690a00000| Untracked 
| 253|0x0000000690b00000, 0x0000000690b00000, 0x0000000690c00000|  0%| F|  |TAMS 0x0000000690b00000, 0x0000000690b00000| Untracked 
| 254|0x0000000690c00000, 0x0000000690c00000, 0x0000000690d00000|  0%| F|  |TAMS 0x0000000690c00000, 0x0000000690c00000| Untracked 
| 255|0x0000000690d00000, 0x0000000690d00000, 0x0000000690e00000|  0%| F|  |TAMS 0x0000000690d00000, 0x0000000690d00000| Untracked 
| 256|0x0000000690e00000, 0x0000000690e00000, 0x0000000690f00000|  0%| F|  |TAMS 0x0000000690e00000, 0x0000000690e00000| Untracked 
| 257|0x0000000690f00000, 0x0000000690f00000, 0x0000000691000000|  0%| F|  |TAMS 0x0000000690f00000, 0x0000000690f00000| Untracked 
| 258|0x0000000691000000, 0x0000000691000000, 0x0000000691100000|  0%| F|  |TAMS 0x0000000691000000, 0x0000000691000000| Untracked 
| 259|0x0000000691100000, 0x0000000691100000, 0x0000000691200000|  0%| F|  |TAMS 0x0000000691100000, 0x0000000691100000| Untracked 
| 260|0x0000000691200000, 0x0000000691200000, 0x0000000691300000|  0%| F|  |TAMS 0x0000000691200000, 0x0000000691200000| Untracked 
| 261|0x0000000691300000, 0x0000000691300000, 0x0000000691400000|  0%| F|  |TAMS 0x0000000691300000, 0x0000000691300000| Untracked 
| 262|0x0000000691400000, 0x0000000691400000, 0x0000000691500000|  0%| F|  |TAMS 0x0000000691400000, 0x0000000691400000| Untracked 
| 263|0x0000000691500000, 0x0000000691500000, 0x0000000691600000|  0%| F|  |TAMS 0x0000000691500000, 0x0000000691500000| Untracked 
| 264|0x0000000691600000, 0x0000000691600000, 0x0000000691700000|  0%| F|  |TAMS 0x0000000691600000, 0x0000000691600000| Untracked 
| 265|0x0000000691700000, 0x0000000691700000, 0x0000000691800000|  0%| F|  |TAMS 0x0000000691700000, 0x0000000691700000| Untracked 
| 266|0x0000000691800000, 0x0000000691800000, 0x0000000691900000|  0%| F|  |TAMS 0x0000000691800000, 0x0000000691800000| Untracked 
| 267|0x0000000691900000, 0x0000000691900000, 0x0000000691a00000|  0%| F|  |TAMS 0x0000000691900000, 0x0000000691900000| Untracked 
| 268|0x0000000691a00000, 0x0000000691a00000, 0x0000000691b00000|  0%| F|  |TAMS 0x0000000691a00000, 0x0000000691a00000| Untracked 
| 269|0x0000000691b00000, 0x0000000691b00000, 0x0000000691c00000|  0%| F|  |TAMS 0x0000000691b00000, 0x0000000691b00000| Untracked 
| 270|0x0000000691c00000, 0x0000000691c00000, 0x0000000691d00000|  0%| F|  |TAMS 0x0000000691c00000, 0x0000000691c00000| Untracked 
| 271|0x0000000691d00000, 0x0000000691d00000, 0x0000000691e00000|  0%| F|  |TAMS 0x0000000691d00000, 0x0000000691d00000| Untracked 
| 272|0x0000000691e00000, 0x0000000691e00000, 0x0000000691f00000|  0%| F|  |TAMS 0x0000000691e00000, 0x0000000691e00000| Untracked 
| 273|0x0000000691f00000, 0x0000000691f00000, 0x0000000692000000|  0%| F|  |TAMS 0x0000000691f00000, 0x0000000691f00000| Untracked 
| 274|0x0000000692000000, 0x0000000692000000, 0x0000000692100000|  0%| F|  |TAMS 0x0000000692000000, 0x0000000692000000| Untracked 
| 275|0x0000000692100000, 0x0000000692100000, 0x0000000692200000|  0%| F|  |TAMS 0x0000000692100000, 0x0000000692100000| Untracked 
| 276|0x0000000692200000, 0x0000000692200000, 0x0000000692300000|  0%| F|  |TAMS 0x0000000692200000, 0x0000000692200000| Untracked 
| 277|0x0000000692300000, 0x0000000692300000, 0x0000000692400000|  0%| F|  |TAMS 0x0000000692300000, 0x0000000692300000| Untracked 
| 278|0x0000000692400000, 0x0000000692400000, 0x0000000692500000|  0%| F|  |TAMS 0x0000000692400000, 0x0000000692400000| Untracked 
| 279|0x0000000692500000, 0x0000000692500000, 0x0000000692600000|  0%| F|  |TAMS 0x0000000692500000, 0x0000000692500000| Untracked 
| 280|0x0000000692600000, 0x0000000692600000, 0x0000000692700000|  0%| F|  |TAMS 0x0000000692600000, 0x0000000692600000| Untracked 
| 281|0x0000000692700000, 0x0000000692700000, 0x0000000692800000|  0%| F|  |TAMS 0x0000000692700000, 0x0000000692700000| Untracked 
| 282|0x0000000692800000, 0x0000000692800000, 0x0000000692900000|  0%| F|  |TAMS 0x0000000692800000, 0x0000000692800000| Untracked 
| 283|0x0000000692900000, 0x0000000692900000, 0x0000000692a00000|  0%| F|  |TAMS 0x0000000692900000, 0x0000000692900000| Untracked 
| 284|0x0000000692a00000, 0x0000000692a00000, 0x0000000692b00000|  0%| F|  |TAMS 0x0000000692a00000, 0x0000000692a00000| Untracked 
| 285|0x0000000692b00000, 0x0000000692b00000, 0x0000000692c00000|  0%| F|  |TAMS 0x0000000692b00000, 0x0000000692b00000| Untracked 
| 286|0x0000000692c00000, 0x0000000692c00000, 0x0000000692d00000|  0%| F|  |TAMS 0x0000000692c00000, 0x0000000692c00000| Untracked 
| 287|0x0000000692d00000, 0x0000000692d00000, 0x0000000692e00000|  0%| F|  |TAMS 0x0000000692d00000, 0x0000000692d00000| Untracked 
| 288|0x0000000692e00000, 0x0000000692e00000, 0x0000000692f00000|  0%| F|  |TAMS 0x0000000692e00000, 0x0000000692e00000| Untracked 
| 289|0x0000000692f00000, 0x0000000692f00000, 0x0000000693000000|  0%| F|  |TAMS 0x0000000692f00000, 0x0000000692f00000| Untracked 
| 290|0x0000000693000000, 0x0000000693000000, 0x0000000693100000|  0%| F|  |TAMS 0x0000000693000000, 0x0000000693000000| Untracked 
| 291|0x0000000693100000, 0x0000000693100000, 0x0000000693200000|  0%| F|  |TAMS 0x0000000693100000, 0x0000000693100000| Untracked 
| 292|0x0000000693200000, 0x0000000693200000, 0x0000000693300000|  0%| F|  |TAMS 0x0000000693200000, 0x0000000693200000| Untracked 
| 293|0x0000000693300000, 0x0000000693300000, 0x0000000693400000|  0%| F|  |TAMS 0x0000000693300000, 0x0000000693300000| Untracked 
| 294|0x0000000693400000, 0x0000000693400000, 0x0000000693500000|  0%| F|  |TAMS 0x0000000693400000, 0x0000000693400000| Untracked 
| 295|0x0000000693500000, 0x0000000693500000, 0x0000000693600000|  0%| F|  |TAMS 0x0000000693500000, 0x0000000693500000| Untracked 
| 296|0x0000000693600000, 0x0000000693600000, 0x0000000693700000|  0%| F|  |TAMS 0x0000000693600000, 0x0000000693600000| Untracked 
| 297|0x0000000693700000, 0x0000000693700000, 0x0000000693800000|  0%| F|  |TAMS 0x0000000693700000, 0x0000000693700000| Untracked 
| 298|0x0000000693800000, 0x0000000693800000, 0x0000000693900000|  0%| F|  |TAMS 0x0000000693800000, 0x0000000693800000| Untracked 
| 299|0x0000000693900000, 0x0000000693900000, 0x0000000693a00000|  0%| F|  |TAMS 0x0000000693900000, 0x0000000693900000| Untracked 
| 300|0x0000000693a00000, 0x0000000693a00000, 0x0000000693b00000|  0%| F|  |TAMS 0x0000000693a00000, 0x0000000693a00000| Untracked 
| 301|0x0000000693b00000, 0x0000000693b00000, 0x0000000693c00000|  0%| F|  |TAMS 0x0000000693b00000, 0x0000000693b00000| Untracked 
| 302|0x0000000693c00000, 0x0000000693c00000, 0x0000000693d00000|  0%| F|  |TAMS 0x0000000693c00000, 0x0000000693c00000| Untracked 
| 303|0x0000000693d00000, 0x0000000693d00000, 0x0000000693e00000|  0%| F|  |TAMS 0x0000000693d00000, 0x0000000693d00000| Untracked 
| 304|0x0000000693e00000, 0x0000000693e00000, 0x0000000693f00000|  0%| F|  |TAMS 0x0000000693e00000, 0x0000000693e00000| Untracked 
| 305|0x0000000693f00000, 0x0000000693f00000, 0x0000000694000000|  0%| F|  |TAMS 0x0000000693f00000, 0x0000000693f00000| Untracked 
| 306|0x0000000694000000, 0x0000000694000000, 0x0000000694100000|  0%| F|  |TAMS 0x0000000694000000, 0x0000000694000000| Untracked 
| 307|0x0000000694100000, 0x0000000694100000, 0x0000000694200000|  0%| F|  |TAMS 0x0000000694100000, 0x0000000694100000| Untracked 
| 308|0x0000000694200000, 0x0000000694200000, 0x0000000694300000|  0%| F|  |TAMS 0x0000000694200000, 0x0000000694200000| Untracked 
| 309|0x0000000694300000, 0x0000000694300000, 0x0000000694400000|  0%| F|  |TAMS 0x0000000694300000, 0x0000000694300000| Untracked 
| 310|0x0000000694400000, 0x0000000694400000, 0x0000000694500000|  0%| F|  |TAMS 0x0000000694400000, 0x0000000694400000| Untracked 
| 311|0x0000000694500000, 0x0000000694500000, 0x0000000694600000|  0%| F|  |TAMS 0x0000000694500000, 0x0000000694500000| Untracked 
| 312|0x0000000694600000, 0x0000000694600000, 0x0000000694700000|  0%| F|  |TAMS 0x0000000694600000, 0x0000000694600000| Untracked 
| 313|0x0000000694700000, 0x0000000694700000, 0x0000000694800000|  0%| F|  |TAMS 0x0000000694700000, 0x0000000694700000| Untracked 
| 314|0x0000000694800000, 0x0000000694800000, 0x0000000694900000|  0%| F|  |TAMS 0x0000000694800000, 0x0000000694800000| Untracked 
| 315|0x0000000694900000, 0x0000000694900000, 0x0000000694a00000|  0%| F|  |TAMS 0x0000000694900000, 0x0000000694900000| Untracked 
| 316|0x0000000694a00000, 0x0000000694a00000, 0x0000000694b00000|  0%| F|  |TAMS 0x0000000694a00000, 0x0000000694a00000| Untracked 
| 317|0x0000000694b00000, 0x0000000694b00000, 0x0000000694c00000|  0%| F|  |TAMS 0x0000000694b00000, 0x0000000694b00000| Untracked 
| 318|0x0000000694c00000, 0x0000000694c00000, 0x0000000694d00000|  0%| F|  |TAMS 0x0000000694c00000, 0x0000000694c00000| Untracked 
| 319|0x0000000694d00000, 0x0000000694d00000, 0x0000000694e00000|  0%| F|  |TAMS 0x0000000694d00000, 0x0000000694d00000| Untracked 
| 320|0x0000000694e00000, 0x0000000694e00000, 0x0000000694f00000|  0%| F|  |TAMS 0x0000000694e00000, 0x0000000694e00000| Untracked 
| 321|0x0000000694f00000, 0x0000000694f00000, 0x0000000695000000|  0%| F|  |TAMS 0x0000000694f00000, 0x0000000694f00000| Untracked 
| 322|0x0000000695000000, 0x0000000695000000, 0x0000000695100000|  0%| F|  |TAMS 0x0000000695000000, 0x0000000695000000| Untracked 
| 323|0x0000000695100000, 0x0000000695100000, 0x0000000695200000|  0%| F|  |TAMS 0x0000000695100000, 0x0000000695100000| Untracked 
| 324|0x0000000695200000, 0x0000000695200000, 0x0000000695300000|  0%| F|  |TAMS 0x0000000695200000, 0x0000000695200000| Untracked 
| 325|0x0000000695300000, 0x0000000695300000, 0x0000000695400000|  0%| F|  |TAMS 0x0000000695300000, 0x0000000695300000| Untracked 
| 326|0x0000000695400000, 0x0000000695400000, 0x0000000695500000|  0%| F|  |TAMS 0x0000000695400000, 0x0000000695400000| Untracked 
| 327|0x0000000695500000, 0x0000000695500000, 0x0000000695600000|  0%| F|  |TAMS 0x0000000695500000, 0x0000000695500000| Untracked 
| 328|0x0000000695600000, 0x0000000695600000, 0x0000000695700000|  0%| F|  |TAMS 0x0000000695600000, 0x0000000695600000| Untracked 
| 329|0x0000000695700000, 0x0000000695700000, 0x0000000695800000|  0%| F|  |TAMS 0x0000000695700000, 0x0000000695700000| Untracked 
| 330|0x0000000695800000, 0x0000000695800000, 0x0000000695900000|  0%| F|  |TAMS 0x0000000695800000, 0x0000000695800000| Untracked 
| 331|0x0000000695900000, 0x0000000695900000, 0x0000000695a00000|  0%| F|  |TAMS 0x0000000695900000, 0x0000000695900000| Untracked 
| 332|0x0000000695a00000, 0x0000000695a00000, 0x0000000695b00000|  0%| F|  |TAMS 0x0000000695a00000, 0x0000000695a00000| Untracked 
| 333|0x0000000695b00000, 0x0000000695b00000, 0x0000000695c00000|  0%| F|  |TAMS 0x0000000695b00000, 0x0000000695b00000| Untracked 
| 334|0x0000000695c00000, 0x0000000695c00000, 0x0000000695d00000|  0%| F|  |TAMS 0x0000000695c00000, 0x0000000695c00000| Untracked 
| 335|0x0000000695d00000, 0x0000000695d00000, 0x0000000695e00000|  0%| F|  |TAMS 0x0000000695d00000, 0x0000000695d00000| Untracked 
| 336|0x0000000695e00000, 0x0000000695e00000, 0x0000000695f00000|  0%| F|  |TAMS 0x0000000695e00000, 0x0000000695e00000| Untracked 
| 337|0x0000000695f00000, 0x0000000695f00000, 0x0000000696000000|  0%| F|  |TAMS 0x0000000695f00000, 0x0000000695f00000| Untracked 
| 338|0x0000000696000000, 0x0000000696000000, 0x0000000696100000|  0%| F|  |TAMS 0x0000000696000000, 0x0000000696000000| Untracked 
| 339|0x0000000696100000, 0x0000000696100000, 0x0000000696200000|  0%| F|  |TAMS 0x0000000696100000, 0x0000000696100000| Untracked 
| 340|0x0000000696200000, 0x0000000696200000, 0x0000000696300000|  0%| F|  |TAMS 0x0000000696200000, 0x0000000696200000| Untracked 
| 341|0x0000000696300000, 0x0000000696300000, 0x0000000696400000|  0%| F|  |TAMS 0x0000000696300000, 0x0000000696300000| Untracked 
| 342|0x0000000696400000, 0x0000000696400000, 0x0000000696500000|  0%| F|  |TAMS 0x0000000696400000, 0x0000000696400000| Untracked 
| 343|0x0000000696500000, 0x0000000696500000, 0x0000000696600000|  0%| F|  |TAMS 0x0000000696500000, 0x0000000696500000| Untracked 
| 344|0x0000000696600000, 0x0000000696600000, 0x0000000696700000|  0%| F|  |TAMS 0x0000000696600000, 0x0000000696600000| Untracked 
| 345|0x0000000696700000, 0x0000000696700000, 0x0000000696800000|  0%| F|  |TAMS 0x0000000696700000, 0x0000000696700000| Untracked 
| 346|0x0000000696800000, 0x0000000696800000, 0x0000000696900000|  0%| F|  |TAMS 0x0000000696800000, 0x0000000696800000| Untracked 
| 347|0x0000000696900000, 0x0000000696900000, 0x0000000696a00000|  0%| F|  |TAMS 0x0000000696900000, 0x0000000696900000| Untracked 
| 348|0x0000000696a00000, 0x0000000696a00000, 0x0000000696b00000|  0%| F|  |TAMS 0x0000000696a00000, 0x0000000696a00000| Untracked 
| 349|0x0000000696b00000, 0x0000000696b00000, 0x0000000696c00000|  0%| F|  |TAMS 0x0000000696b00000, 0x0000000696b00000| Untracked 
| 350|0x0000000696c00000, 0x0000000696c00000, 0x0000000696d00000|  0%| F|  |TAMS 0x0000000696c00000, 0x0000000696c00000| Untracked 
| 351|0x0000000696d00000, 0x0000000696d00000, 0x0000000696e00000|  0%| F|  |TAMS 0x0000000696d00000, 0x0000000696d00000| Untracked 
| 352|0x0000000696e00000, 0x0000000696e00000, 0x0000000696f00000|  0%| F|  |TAMS 0x0000000696e00000, 0x0000000696e00000| Untracked 
| 353|0x0000000696f00000, 0x0000000696f00000, 0x0000000697000000|  0%| F|  |TAMS 0x0000000696f00000, 0x0000000696f00000| Untracked 
| 354|0x0000000697000000, 0x0000000697000000, 0x0000000697100000|  0%| F|  |TAMS 0x0000000697000000, 0x0000000697000000| Untracked 
| 355|0x0000000697100000, 0x0000000697100000, 0x0000000697200000|  0%| F|  |TAMS 0x0000000697100000, 0x0000000697100000| Untracked 
| 356|0x0000000697200000, 0x0000000697200000, 0x0000000697300000|  0%| F|  |TAMS 0x0000000697200000, 0x0000000697200000| Untracked 
| 357|0x0000000697300000, 0x0000000697300000, 0x0000000697400000|  0%| F|  |TAMS 0x0000000697300000, 0x0000000697300000| Untracked 
| 358|0x0000000697400000, 0x0000000697400000, 0x0000000697500000|  0%| F|  |TAMS 0x0000000697400000, 0x0000000697400000| Untracked 
| 359|0x0000000697500000, 0x0000000697600000, 0x0000000697600000|100%| S|CS|TAMS 0x0000000697500000, 0x0000000697500000| Complete 
| 360|0x0000000697600000, 0x0000000697700000, 0x0000000697700000|100%| S|CS|TAMS 0x0000000697600000, 0x0000000697600000| Complete 
| 361|0x0000000697700000, 0x0000000697800000, 0x0000000697800000|100%| S|CS|TAMS 0x0000000697700000, 0x0000000697700000| Complete 
| 362|0x0000000697800000, 0x0000000697800000, 0x0000000697900000|  0%| F|  |TAMS 0x0000000697800000, 0x0000000697800000| Untracked 
| 363|0x0000000697900000, 0x0000000697900000, 0x0000000697a00000|  0%| F|  |TAMS 0x0000000697900000, 0x0000000697900000| Untracked 
| 364|0x0000000697a00000, 0x0000000697a00000, 0x0000000697b00000|  0%| F|  |TAMS 0x0000000697a00000, 0x0000000697a00000| Untracked 
| 365|0x0000000697b00000, 0x0000000697b00000, 0x0000000697c00000|  0%| F|  |TAMS 0x0000000697b00000, 0x0000000697b00000| Untracked 
| 366|0x0000000697c00000, 0x0000000697c00000, 0x0000000697d00000|  0%| F|  |TAMS 0x0000000697c00000, 0x0000000697c00000| Untracked 
| 367|0x0000000697d00000, 0x0000000697d00000, 0x0000000697e00000|  0%| F|  |TAMS 0x0000000697d00000, 0x0000000697d00000| Untracked 
| 368|0x0000000697e00000, 0x0000000697e00000, 0x0000000697f00000|  0%| F|  |TAMS 0x0000000697e00000, 0x0000000697e00000| Untracked 
| 369|0x0000000697f00000, 0x0000000697f00000, 0x0000000698000000|  0%| F|  |TAMS 0x0000000697f00000, 0x0000000697f00000| Untracked 
| 370|0x0000000698000000, 0x0000000698000000, 0x0000000698100000|  0%| F|  |TAMS 0x0000000698000000, 0x0000000698000000| Untracked 
| 371|0x0000000698100000, 0x0000000698100000, 0x0000000698200000|  0%| F|  |TAMS 0x0000000698100000, 0x0000000698100000| Untracked 
| 372|0x0000000698200000, 0x0000000698200000, 0x0000000698300000|  0%| F|  |TAMS 0x0000000698200000, 0x0000000698200000| Untracked 
| 373|0x0000000698300000, 0x0000000698300000, 0x0000000698400000|  0%| F|  |TAMS 0x0000000698300000, 0x0000000698300000| Untracked 
| 374|0x0000000698400000, 0x0000000698400000, 0x0000000698500000|  0%| F|  |TAMS 0x0000000698400000, 0x0000000698400000| Untracked 
| 375|0x0000000698500000, 0x0000000698500000, 0x0000000698600000|  0%| F|  |TAMS 0x0000000698500000, 0x0000000698500000| Untracked 
| 376|0x0000000698600000, 0x000000069868a460, 0x0000000698700000| 54%| E|  |TAMS 0x0000000698600000, 0x0000000698600000| Complete 
| 377|0x0000000698700000, 0x0000000698800000, 0x0000000698800000|100%| E|CS|TAMS 0x0000000698700000, 0x0000000698700000| Complete 
| 378|0x0000000698800000, 0x0000000698900000, 0x0000000698900000|100%| E|CS|TAMS 0x0000000698800000, 0x0000000698800000| Complete 
| 379|0x0000000698900000, 0x0000000698a00000, 0x0000000698a00000|100%| E|CS|TAMS 0x0000000698900000, 0x0000000698900000| Complete 
| 380|0x0000000698a00000, 0x0000000698b00000, 0x0000000698b00000|100%| E|CS|TAMS 0x0000000698a00000, 0x0000000698a00000| Complete 
| 381|0x0000000698b00000, 0x0000000698c00000, 0x0000000698c00000|100%| E|CS|TAMS 0x0000000698b00000, 0x0000000698b00000| Complete 
| 382|0x0000000698c00000, 0x0000000698d00000, 0x0000000698d00000|100%| E|CS|TAMS 0x0000000698c00000, 0x0000000698c00000| Complete 
| 383|0x0000000698d00000, 0x0000000698e00000, 0x0000000698e00000|100%| E|CS|TAMS 0x0000000698d00000, 0x0000000698d00000| Complete 

Card table byte_map: [0x00000197b2d50000,0x00000197b3950000] _byte_map_base: 0x00000197af949000

Marking Bits (Prev, Next): (CMBitMap*) 0x0000019798b45358, (CMBitMap*) 0x0000019798b45398
 Prev Bits: [0x00000197b4550000, 0x00000197ba518000)
 Next Bits: [0x00000197ba520000, 0x00000197c04e8000)

Polling page: 0x0000019798960000

Metaspace:

Usage:
  Non-class:      8.74 MB capacity,     7.28 MB ( 83%) used,     1.44 MB ( 16%) free+waste,    15.69 KB ( <1%) overhead. 
      Class:    760.00 KB capacity,   527.18 KB ( 69%) used,   225.07 KB ( 30%) free+waste,     7.75 KB (  1%) overhead. 
       Both:      9.48 MB capacity,     7.80 MB ( 82%) used,     1.66 MB ( 18%) free+waste,    23.44 KB ( <1%) overhead. 

Virtual space:
  Non-class space:       10.00 MB reserved,       8.75 MB ( 88%) committed 
      Class space:        1.00 GB reserved,     768.00 KB ( <1%) committed 
             Both:        1.01 GB reserved,       9.50 MB ( <1%) committed 

Chunk freelists:
   Non-Class:  9.00 KB
       Class:  8.00 KB
        Both:  17.00 KB

MaxMetaspaceSize: 17179869184.00 GB
CompressedClassSpaceSize: 1.00 GB

CodeHeap 'non-profiled nmethods': size=120064Kb used=382Kb max_used=382Kb free=119681Kb
 bounds [0x00000197aa290000, 0x00000197aa500000, 0x00000197b17d0000]
CodeHeap 'profiled nmethods': size=120000Kb used=2079Kb max_used=2079Kb free=117920Kb
 bounds [0x00000197a2d60000, 0x00000197a2fd0000, 0x00000197aa290000]
CodeHeap 'non-nmethods': size=5696Kb used=1661Kb max_used=1661Kb free=4034Kb
 bounds [0x00000197a27d0000, 0x00000197a2a40000, 0x00000197a2d60000]
 total_blobs=2779 nmethods=1171 adapters=971
 compilation: enabled
              stopped_count=0, restarted_count=0
 full_count=0

Compilation events (20 events):
Event: 2.558 Thread 0x00000197c3852800 nmethod 1161 0x00000197a2f62e90 code [0x00000197a2f63040, 0x00000197a2f632b0]
Event: 2.558 Thread 0x00000197c3852800 1162       3       java.security.MessageDigest$Delegate::engineDigest (8 bytes)
Event: 2.558 Thread 0x00000197c3852800 nmethod 1162 0x00000197a2f63390 code [0x00000197a2f63540, 0x00000197a2f63790]
Event: 2.558 Thread 0x00000197c3852800 1163   !   3       sun.security.provider.DigestBase::engineDigest (39 bytes)
Event: 2.559 Thread 0x00000197c3852800 nmethod 1163 0x00000197a2f63890 code [0x00000197a2f63a80, 0x00000197a2f63f30]
Event: 2.559 Thread 0x00000197c3852800 1164       3       sun.security.provider.AbstractDrbg::engineNextBytes (15 bytes)
Event: 2.559 Thread 0x00000197c3852800 nmethod 1164 0x00000197a2f64110 code [0x00000197a2f642e0, 0x00000197a2f645c0]
Event: 2.559 Thread 0x00000197c3852800 1167       3       java.util.UUID::<init> (109 bytes)
Event: 2.559 Thread 0x00000197c3852800 nmethod 1167 0x00000197a2f64710 code [0x00000197a2f648e0, 0x00000197a2f64cb8]
Event: 2.559 Thread 0x00000197c3852800 1165       3       java.security.DrbgParameters::nextBytes (11 bytes)
Event: 2.559 Thread 0x00000197c3852800 nmethod 1165 0x00000197a2f64e90 code [0x00000197a2f65040, 0x00000197a2f65230]
Event: 2.560 Thread 0x00000197c3852800 1166   !   3       sun.security.provider.HashDrbg::hashGen (143 bytes)
Event: 2.560 Thread 0x00000197c3852800 nmethod 1166 0x00000197a2f65310 code [0x00000197a2f655a0, 0x00000197a2f66700]
Event: 2.563 Thread 0x00000197c3852800 1168       3       jdk.internal.loader.ClassLoaders$BootClassLoader::loadClassOrNull (11 bytes)
Event: 2.563 Thread 0x00000197c3852800 nmethod 1168 0x00000197a2f66c90 code [0x00000197a2f66e60, 0x00000197a2f67220]
Event: 2.563 Thread 0x00000197c3852800 1169       3       java.lang.System$2::findBootstrapClassOrNull (6 bytes)
Event: 2.564 Thread 0x00000197c3852800 nmethod 1169 0x00000197a2f67390 code [0x00000197a2f67560, 0x00000197a2f678a0]
Event: 2.564 Thread 0x00000197c3852800 1170       3       java.lang.ClassLoader::findBootstrapClassOrNull (16 bytes)
Event: 2.564 Thread 0x00000197c3852800 nmethod 1170 0x00000197a2f67990 code [0x00000197a2f67b60, 0x00000197a2f67dc0]
Event: 2.567 Thread 0x00000197c3849000 nmethod 1158% 0x00000197aa2eee10 code [0x00000197aa2eefa0, 0x00000197aa2ef798]

GC Heap History (2 events):
Event: 1.458 GC heap before
{Heap before GC invocations=0 (full 0):
 garbage-first heap   total 393216K, used 21504K [0x0000000680e00000, 0x0000000800000000)
  region size 1024K, 22 young (22528K), 0 survivors (0K)
 Metaspace       used 6996K, capacity 9273K, committed 9472K, reserved 1058816K
  class space    used 438K, capacity 719K, committed 768K, reserved 1048576K
}
Event: 1.465 GC heap after
{Heap after GC invocations=1 (full 0):
 garbage-first heap   total 393216K, used 3200K [0x0000000680e00000, 0x0000000800000000)
  region size 1024K, 3 young (3072K), 3 survivors (3072K)
 Metaspace       used 6996K, capacity 9273K, committed 9472K, reserved 1058816K
  class space    used 438K, capacity 719K, committed 768K, reserved 1048576K
}

Deoptimization events (20 events):
Event: 1.249 Thread 0x0000019798ab5000 Uncommon trap: trap_request=0xffffff45 fr.pc=0x00000197aa2c85b0 relative=0x0000000000000410
Event: 1.249 Thread 0x0000019798ab5000 Uncommon trap: reason=unstable_if action=reinterpret pc=0x00000197aa2c85b0 method=java.lang.AbstractStringBuilder.isLatin1()Z @ 10 c2
Event: 1.249 Thread 0x0000019798ab5000 DEOPT PACKING pc=0x00000197aa2c85b0 sp=0x0000003a574ff2f0
Event: 1.249 Thread 0x0000019798ab5000 DEOPT UNPACKING pc=0x00000197a281942f sp=0x0000003a574ff260 mode 2
Event: 1.448 Thread 0x0000019798ab5000 Uncommon trap: trap_request=0xffffffde fr.pc=0x00000197aa2d06ec relative=0x000000000000042c
Event: 1.448 Thread 0x0000019798ab5000 Uncommon trap: reason=class_check action=maybe_recompile pc=0x00000197aa2d06ec method=java.util.HashMap.getNode(ILjava/lang/Object;)Ljava/util/HashMap$Node; @ 126 c2
Event: 1.448 Thread 0x0000019798ab5000 DEOPT PACKING pc=0x00000197aa2d06ec sp=0x0000003a574fd0a0
Event: 1.448 Thread 0x0000019798ab5000 DEOPT UNPACKING pc=0x00000197a281942f sp=0x0000003a574fcfb8 mode 2
Event: 1.491 Thread 0x0000019798ab5000 Uncommon trap: trap_request=0xffffff54 fr.pc=0x00000197aa2e0508 relative=0x0000000000000068
Event: 1.491 Thread 0x0000019798ab5000 Uncommon trap: reason=speculate_null_assert action=make_not_entrant pc=0x00000197aa2e0508 method=sun.misc.Unsafe.getLong(Ljava/lang/Object;J)J @ 5 c2
Event: 1.491 Thread 0x0000019798ab5000 DEOPT PACKING pc=0x00000197aa2e0508 sp=0x0000003a574ff100
Event: 1.491 Thread 0x0000019798ab5000 DEOPT UNPACKING pc=0x00000197a281942f sp=0x0000003a574ff088 mode 2
Event: 1.507 Thread 0x0000019798ab5000 Uncommon trap: trap_request=0xffffff45 fr.pc=0x00000197aa29e718 relative=0x0000000000000818
Event: 1.507 Thread 0x0000019798ab5000 Uncommon trap: reason=unstable_if action=reinterpret pc=0x00000197aa29e718 method=java.util.HashMap.putVal(ILjava/lang/Object;Ljava/lang/Object;ZZ)Ljava/lang/Object; @ 181 c2
Event: 1.507 Thread 0x0000019798ab5000 DEOPT PACKING pc=0x00000197aa29e718 sp=0x0000003a574fe220
Event: 1.508 Thread 0x0000019798ab5000 DEOPT UNPACKING pc=0x00000197a281942f sp=0x0000003a574fe1b0 mode 2
Event: 2.030 Thread 0x0000019798ab5000 Uncommon trap: trap_request=0xffffff45 fr.pc=0x00000197aa2de39c relative=0x00000000000001dc
Event: 2.030 Thread 0x0000019798ab5000 Uncommon trap: reason=unstable_if action=reinterpret pc=0x00000197aa2de39c method=java.io.WinNTFileSystem.normalize(Ljava/lang/String;)Ljava/lang/String; @ 128 c2
Event: 2.030 Thread 0x0000019798ab5000 DEOPT PACKING pc=0x00000197aa2de39c sp=0x0000003a574fe110
Event: 2.030 Thread 0x0000019798ab5000 DEOPT UNPACKING pc=0x00000197a281942f sp=0x0000003a574fe098 mode 2

Classes unloaded (0 events):
No events

Classes redefined (0 events):
No events

Internal exceptions (20 events):
Event: 1.239 Thread 0x0000019798ab5000 Exception <a 'java/lang/NoSuchMethodError'{0x0000000697a1dca0}: 'int java.lang.invoke.DirectMethodHandle$Holder.invokeSpecialIFC(java.lang.Object, java.lang.Object, int)'> (0x0000000697a1dca0) 
thrown [t:/workspace/open/src/hotspot/share/interpreter/linkResolver.cpp, line 767]
Event: 1.279 Thread 0x0000019798ab5000 Exception <a 'java/lang/NoSuchMethodError'{0x0000000697ac79b8}: 'java.lang.Object java.lang.invoke.Invokers$Holder.linkToTargetMethod(java.lang.Object, int, java.lang.Object)'> (0x0000000697ac79b8) 
thrown [t:/workspace/open/src/hotspot/share/interpreter/linkResolver.cpp, line 767]
Event: 1.303 Thread 0x0000019798ab5000 Exception <a 'sun/nio/fs/WindowsException'{0x0000000697926aa8}> (0x0000000697926aa8) 
thrown [t:/workspace/open/src/hotspot/share/prims/jni.cpp, line 598]
Event: 1.303 Thread 0x0000019798ab5000 Exception <a 'sun/nio/fs/WindowsException'{0x0000000697926e48}> (0x0000000697926e48) 
thrown [t:/workspace/open/src/hotspot/share/prims/jni.cpp, line 598]
Event: 1.398 Thread 0x0000019798ab5000 Exception <a 'sun/nio/fs/WindowsException'{0x00000006979f06a8}> (0x00000006979f06a8) 
thrown [t:/workspace/open/src/hotspot/share/prims/jni.cpp, line 598]
Event: 1.398 Thread 0x0000019798ab5000 Exception <a 'sun/nio/fs/WindowsException'{0x00000006979f0a28}> (0x00000006979f0a28) 
thrown [t:/workspace/open/src/hotspot/share/prims/jni.cpp, line 598]
Event: 1.404 Thread 0x0000019798ab5000 Exception <a 'sun/nio/fs/WindowsException'{0x0000000697817428}> (0x0000000697817428) 
thrown [t:/workspace/open/src/hotspot/share/prims/jni.cpp, line 598]
Event: 1.404 Thread 0x0000019798ab5000 Exception <a 'sun/nio/fs/WindowsException'{0x00000006978175c0}> (0x00000006978175c0) 
thrown [t:/workspace/open/src/hotspot/share/prims/jni.cpp, line 598]
Event: 1.409 Thread 0x0000019798ab5000 Exception <a 'sun/nio/fs/WindowsException'{0x0000000697837f80}> (0x0000000697837f80) 
thrown [t:/workspace/open/src/hotspot/share/prims/jni.cpp, line 598]
Event: 1.409 Thread 0x0000019798ab5000 Exception <a 'sun/nio/fs/WindowsException'{0x0000000697838118}> (0x0000000697838118) 
thrown [t:/workspace/open/src/hotspot/share/prims/jni.cpp, line 598]
Event: 1.409 Thread 0x0000019798ab5000 Exception <a 'sun/nio/fs/WindowsException'{0x000000069783d660}> (0x000000069783d660) 
thrown [t:/workspace/open/src/hotspot/share/prims/jni.cpp, line 598]
Event: 1.410 Thread 0x0000019798ab5000 Exception <a 'sun/nio/fs/WindowsException'{0x000000069783d7f8}> (0x000000069783d7f8) 
thrown [t:/workspace/open/src/hotspot/share/prims/jni.cpp, line 598]
Event: 1.421 Thread 0x0000019798ab5000 Exception <a 'sun/nio/fs/WindowsException'{0x0000000697842d40}> (0x0000000697842d40) 
thrown [t:/workspace/open/src/hotspot/share/prims/jni.cpp, line 598]
Event: 1.421 Thread 0x0000019798ab5000 Exception <a 'sun/nio/fs/WindowsException'{0x0000000697842ed8}> (0x0000000697842ed8) 
thrown [t:/workspace/open/src/hotspot/share/prims/jni.cpp, line 598]
Event: 1.442 Thread 0x0000019798ab5000 Exception <a 'sun/nio/fs/WindowsException'{0x00000006978a2a30}> (0x00000006978a2a30) 
thrown [t:/workspace/open/src/hotspot/share/prims/jni.cpp, line 598]
Event: 1.442 Thread 0x0000019798ab5000 Exception <a 'sun/nio/fs/WindowsException'{0x00000006978a2bc8}> (0x00000006978a2bc8) 
thrown [t:/workspace/open/src/hotspot/share/prims/jni.cpp, line 598]
Event: 1.454 Thread 0x0000019798ab5000 Exception <a 'sun/nio/fs/WindowsException'{0x00000006978f25f8}> (0x00000006978f25f8) 
thrown [t:/workspace/open/src/hotspot/share/prims/jni.cpp, line 598]
Event: 1.454 Thread 0x0000019798ab5000 Exception <a 'sun/nio/fs/WindowsException'{0x00000006978f2978}> (0x00000006978f2978) 
thrown [t:/workspace/open/src/hotspot/share/prims/jni.cpp, line 598]
Event: 1.513 Thread 0x0000019798ab5000 Exception <a 'java/lang/NoSuchMethodError'{0x0000000698dfcb38}: 'java.lang.Object java.lang.invoke.DirectMethodHandle$Holder.invokeStaticInit(java.lang.Object, int, int, int, int)'> (0x0000000698dfcb38) 
thrown [t:/workspace/open/src/hotspot/share/interpreter/linkResolver.cpp, line 767]
Event: 2.043 Thread 0x0000019798ab5000 Exception <a 'java/lang/NoSuchMethodError'{0x0000000698c3bc20}: 'java.lang.Object java.lang.invoke.DirectMethodHandle$Holder.invokeStaticInit(java.lang.Object, java.lang.Object, int, int, int, int)'> (0x0000000698c3bc20) 
thrown [t:/workspace/open/src/hotspot/share/interpreter/linkResolver.cpp, line 767]

Events (20 events):
Event: 2.565 loading class org/kakara/engine/ui/components/Rectangle
Event: 2.565 loading class org/kakara/engine/ui/components/Rectangle done
Event: 2.565 loading class org/kakara/engine/ui/RGBA
Event: 2.565 loading class org/kakara/engine/ui/RGBA done
Event: 2.566 loading class org/kakara/engine/test/MainGameScene$1
Event: 2.566 loading class org/kakara/engine/test/MainGameScene$1 done
Event: 2.566 loading class org/kakara/engine/ui/events/HUDClickEvent
Event: 2.566 loading class org/kakara/engine/ui/events/HUDClickEvent done
Event: 2.566 loading class org/kakara/engine/test/MainGameScene$2
Event: 2.566 loading class org/kakara/engine/test/MainGameScene$2 done
Event: 2.566 loading class org/kakara/engine/ui/events/HUDHoverEnterEvent
Event: 2.566 loading class org/kakara/engine/ui/events/HUDHoverEnterEvent done
Event: 2.567 loading class org/kakara/engine/test/MainGameScene$3
Event: 2.567 loading class org/kakara/engine/test/MainGameScene$3 done
Event: 2.567 loading class org/kakara/engine/ui/events/HUDHoverLeaveEvent
Event: 2.567 loading class org/kakara/engine/ui/events/HUDHoverLeaveEvent done
Event: 2.567 loading class org/kakara/engine/ui/Font
Event: 2.567 loading class org/kakara/engine/ui/Font done
Event: 2.569 loading class org/lwjgl/nanovg/NanoVG
Event: 2.569 loading class org/lwjgl/nanovg/NanoVG done


Dynamic libraries:
0x00007ff6368d0000 - 0x00007ff6368df000 	C:\Program Files\Java\jdk-13.0.1\bin\java.exe
0x00007ff800f60000 - 0x00007ff801150000 	C:\WINDOWS\SYSTEM32\ntdll.dll
0x00007fffd0c10000 - 0x00007fffd0c25000 	C:\Program Files (x86)\AVG\Antivirus\aswhook.dll
0x00007ff8002f0000 - 0x00007ff8003a2000 	C:\WINDOWS\System32\KERNEL32.DLL
0x00007ffffea40000 - 0x00007ffffece3000 	C:\WINDOWS\System32\KERNELBASE.dll
0x00007ffffdf10000 - 0x00007ffffe00a000 	C:\WINDOWS\System32\ucrtbase.dll
0x00007ffffa5d0000 - 0x00007ffffa5e8000 	C:\Program Files\Java\jdk-13.0.1\bin\jli.dll
0x00007ff800080000 - 0x00007ff800123000 	C:\WINDOWS\System32\ADVAPI32.dll
0x00007fffffce0000 - 0x00007fffffd7e000 	C:\WINDOWS\System32\msvcrt.dll
0x00007fffff820000 - 0x00007fffff8b7000 	C:\WINDOWS\System32\sechost.dll
0x00007ff800870000 - 0x00007ff800990000 	C:\WINDOWS\System32\RPCRT4.dll
0x00007fffffd80000 - 0x00007ffffff14000 	C:\WINDOWS\System32\USER32.dll
0x00007ffffe070000 - 0x00007ffffe091000 	C:\WINDOWS\System32\win32u.dll
0x00007ff800050000 - 0x00007ff800076000 	C:\WINDOWS\System32\GDI32.dll
0x00007ffffee40000 - 0x00007ffffefd4000 	C:\WINDOWS\System32\gdi32full.dll
0x00007ffffe1a0000 - 0x00007ffffe23e000 	C:\WINDOWS\System32\msvcp_win.dll
0x00007fffedde0000 - 0x00007fffeddf5000 	C:\Program Files\Java\jdk-13.0.1\bin\VCRUNTIME140.dll
0x00007ffff49d0000 - 0x00007ffff4c55000 	C:\WINDOWS\WinSxS\amd64_microsoft.windows.common-controls_6595b64144ccf1df_6.0.18362.657_none_e6c5b579130e3898\COMCTL32.dll
0x00007fffff8c0000 - 0x00007fffffbf6000 	C:\WINDOWS\System32\combase.dll
0x00007ffffe240000 - 0x00007ffffe2c0000 	C:\WINDOWS\System32\bcryptPrimitives.dll
0x00007ffff81b0000 - 0x00007ffff81ba000 	C:\WINDOWS\SYSTEM32\VERSION.dll
0x00007ff8003b0000 - 0x00007ff8003de000 	C:\WINDOWS\System32\IMM32.DLL
0x00007fffdb6e0000 - 0x00007fffdb77b000 	C:\Program Files\Java\jdk-13.0.1\bin\msvcp140.dll
0x00007fff9ce30000 - 0x00007fff9d996000 	C:\Program Files\Java\jdk-13.0.1\bin\server\jvm.dll
0x00007ff800040000 - 0x00007ff800048000 	C:\WINDOWS\System32\PSAPI.DLL
0x00007fffefc80000 - 0x00007fffefc89000 	C:\WINDOWS\SYSTEM32\WSOCK32.dll
0x00007ff800eb0000 - 0x00007ff800f1f000 	C:\WINDOWS\System32\WS2_32.dll
0x00007ffffb620000 - 0x00007ffffb644000 	C:\WINDOWS\SYSTEM32\WINMM.dll
0x00007ffffb5f0000 - 0x00007ffffb61d000 	C:\WINDOWS\SYSTEM32\WINMMBASE.dll
0x00007ffffe0a0000 - 0x00007ffffe0ea000 	C:\WINDOWS\System32\cfgmgr32.dll
0x00007ffffde30000 - 0x00007ffffde41000 	C:\WINDOWS\System32\kernel.appcore.dll
0x00007ffffa4b0000 - 0x00007ffffa4c0000 	C:\Program Files\Java\jdk-13.0.1\bin\verify.dll
0x00007ffff53f0000 - 0x00007ffff55e4000 	C:\WINDOWS\SYSTEM32\DBGHELP.DLL
0x00007ffff53c0000 - 0x00007ffff53ea000 	C:\WINDOWS\SYSTEM32\dbgcore.DLL
0x00007fffedbe0000 - 0x00007fffedc06000 	C:\Program Files\Java\jdk-13.0.1\bin\java.dll
0x00007ffff1d60000 - 0x00007ffff1d6e000 	C:\Program Files\Java\jdk-13.0.1\bin\instrument.dll
0x00007fffe80c0000 - 0x00007fffe80d7000 	C:\Program Files\Java\jdk-13.0.1\bin\zip.dll
0x00007fffeddd0000 - 0x00007fffeddda000 	C:\Program Files\Java\jdk-13.0.1\bin\jimage.dll
0x00007fffff130000 - 0x00007fffff815000 	C:\WINDOWS\System32\SHELL32.dll
0x00007ff800990000 - 0x00007ff800a39000 	C:\WINDOWS\System32\shcore.dll
0x00007ffffe2c0000 - 0x00007ffffea3f000 	C:\WINDOWS\System32\windows.storage.dll
0x00007ffffdea0000 - 0x00007ffffdebf000 	C:\WINDOWS\System32\profapi.dll
0x00007ffffde50000 - 0x00007ffffde9a000 	C:\WINDOWS\System32\powrprof.dll
0x00007ffffde20000 - 0x00007ffffde30000 	C:\WINDOWS\System32\UMPDC.dll
0x00007fffffc00000 - 0x00007fffffc52000 	C:\WINDOWS\System32\shlwapi.dll
0x00007ff800000000 - 0x00007ff800017000 	C:\WINDOWS\System32\cryptsp.dll
0x00007fffe7f50000 - 0x00007fffe7f69000 	C:\Program Files\Java\jdk-13.0.1\bin\net.dll
0x00007ffff44a0000 - 0x00007ffff4590000 	C:\WINDOWS\SYSTEM32\WINHTTP.dll
0x00007ffffd690000 - 0x00007ffffd6f7000 	C:\WINDOWS\system32\mswsock.dll
0x00007fffe7f30000 - 0x00007fffe7f43000 	C:\Program Files\Java\jdk-13.0.1\bin\nio.dll
0x00007ffff1d40000 - 0x00007ffff1d5a000 	D:\Code Software\Intellij\IntelliJ IDEA Community Edition 2019.3\bin\breakgen64.dll
0x00007fffdc930000 - 0x00007fffdc994000 	C:\Users\Ryan\AppData\Local\Temp\lwjglRyan\3.2.3-build-13\lwjgl.dll
0x00007fffdc5a0000 - 0x00007fffdc602000 	C:\Users\Ryan\AppData\Local\Temp\lwjglRyan\3.2.3-build-13\glfw.dll
0x00007ffffbe50000 - 0x00007ffffbee9000 	C:\WINDOWS\system32\uxtheme.dll
0x00007fffe4800000 - 0x00007fffe4843000 	C:\WINDOWS\SYSTEM32\dinput8.dll
0x00007ffff1d20000 - 0x00007ffff1d31000 	C:\WINDOWS\SYSTEM32\xinput1_4.dll
0x00007ffffdc20000 - 0x00007ffffdc4a000 	C:\WINDOWS\SYSTEM32\DEVOBJ.dll
0x00007ffffc530000 - 0x00007ffffc55d000 	C:\WINDOWS\SYSTEM32\dwmapi.dll
0x00007ffff0360000 - 0x00007ffff047a000 	C:\WINDOWS\SYSTEM32\inputhost.dll
0x00007ffffb650000 - 0x00007ffffb724000 	C:\WINDOWS\SYSTEM32\CoreMessaging.dll
0x00007ffff9be0000 - 0x00007ffff9f0a000 	C:\WINDOWS\SYSTEM32\CoreUIComponents.dll
0x00007ffffc8d0000 - 0x00007ffffc9bf000 	C:\WINDOWS\SYSTEM32\PROPSYS.dll
0x00007ff8006f0000 - 0x00007ff8007b4000 	C:\WINDOWS\System32\OLEAUT32.dll
0x00007ffff9a40000 - 0x00007ffff9b93000 	C:\WINDOWS\SYSTEM32\wintypes.dll
0x00007ffffce80000 - 0x00007ffffceb1000 	C:\WINDOWS\SYSTEM32\ntmarta.dll
0x00007ff800440000 - 0x00007ff800575000 	C:\WINDOWS\System32\MSCTF.dll
0x00007ffffca30000 - 0x00007ffffca3e000 	C:\WINDOWS\SYSTEM32\HID.DLL
0x00007ff800a40000 - 0x00007ff800eb0000 	C:\WINDOWS\System32\SETUPAPI.DLL
0x00007ffffdee0000 - 0x00007ffffdf06000 	C:\WINDOWS\System32\bcrypt.dll
0x00007ffffe010000 - 0x00007ffffe06c000 	C:\WINDOWS\System32\WINTRUST.dll
0x00007ffffdec0000 - 0x00007ffffded2000 	C:\WINDOWS\System32\MSASN1.dll
0x00007ffffecf0000 - 0x00007ffffee39000 	C:\WINDOWS\System32\CRYPT32.dll
0x00007fffb3930000 - 0x00007fffb3a86000 	C:\WINDOWS\SYSTEM32\opengl32.dll
0x00007fffedb30000 - 0x00007fffedb5c000 	C:\WINDOWS\SYSTEM32\GLU32.dll
0x00007ffffca90000 - 0x00007ffffcab0000 	C:\WINDOWS\SYSTEM32\dxcore.dll
0x00007fffe7d20000 - 0x00007fffe7d48000 	C:\WINDOWS\System32\DriverStore\FileRepository\u0346830.inf_amd64_35731e557194973d\B345901\atig6pxx.dll
0x00007fff99dd0000 - 0x00007fff9ce25000 	C:\WINDOWS\System32\DriverStore\FileRepository\u0346830.inf_amd64_35731e557194973d\B345901\atio6axx.dll
0x00007ff800590000 - 0x00007ff8006e6000 	C:\WINDOWS\System32\ole32.dll
0x00007fffc5c00000 - 0x00007fffc5c23000 	C:\WINDOWS\SYSTEM32\dxva2.dll
0x00007fffdc560000 - 0x00007fffdc599000 	C:\WINDOWS\System32\DriverStore\FileRepository\u0346830.inf_amd64_35731e557194973d\B345901\atig6txx.dll
0x00007fffca810000 - 0x00007fffca9b8000 	C:\WINDOWS\SYSTEM32\atiadlxx.dll
0x00007ffff0870000 - 0x00007ffff090e000 	C:\WINDOWS\System32\TextInputFramework.dll
0x00007ffff45f0000 - 0x00007ffff4896000 	C:\WINDOWS\System32\iertutil.dll
0x00007fffd3090000 - 0x00007fffd30e9000 	C:\Users\Ryan\AppData\Local\Temp\lwjglRyan\3.2.3-build-13\lwjgl_opengl.dll
0x00007fffd15b0000 - 0x00007fffd1637000 	C:\Users\Ryan\AppData\Local\Temp\lwjglRyan\3.2.3-build-13\lwjgl_nanovg.dll
0x00007fffa4ec0000 - 0x00007fffa557f000 	C:\Users\Ryan\AppData\Local\Temp\lwjglRyan\3.2.3-build-13\assimp.dll
0x00007fffd0cd0000 - 0x00007fffd0d47000 	C:\Users\Ryan\AppData\Local\Temp\lwjglRyan\3.2.3-build-13\lwjgl_stb.dll
0x00007ffffd1a0000 - 0x00007ffffd1d3000 	C:\WINDOWS\system32\rsaenh.dll
0x00007ffffdd10000 - 0x00007ffffdd35000 	C:\WINDOWS\SYSTEM32\USERENV.dll
0x00007ffffd860000 - 0x00007ffffd86c000 	C:\WINDOWS\SYSTEM32\CRYPTBASE.dll
0x00007ffffd3a0000 - 0x00007ffffd3da000 	C:\WINDOWS\SYSTEM32\IPHLPAPI.DLL
0x00007ff800580000 - 0x00007ff800588000 	C:\WINDOWS\System32\NSI.dll
0x00007ffff6840000 - 0x00007ffff6856000 	C:\WINDOWS\SYSTEM32\dhcpcsvc6.DLL
0x00007ffff6820000 - 0x00007ffff683c000 	C:\WINDOWS\SYSTEM32\dhcpcsvc.DLL
0x00007ffffd3e0000 - 0x00007ffffd4aa000 	C:\WINDOWS\SYSTEM32\DNSAPI.dll

dbghelp: loaded successfully - version: 4.0.5 - missing functions: none
symbol engine: initialized successfully - sym options: 0x614 - pdb path: .;C:\Program Files\Java\jdk-13.0.1\bin;C:\WINDOWS\SYSTEM32;C:\Program Files (x86)\AVG\Antivirus;C:\WINDOWS\WinSxS\amd64_microsoft.windows.common-controls_6595b64144ccf1df_6.0.18362.657_none_e6c5b579130e3898;C:\Program Files\Java\jdk-13.0.1\bin\server;D:\Code Software\Intellij\IntelliJ IDEA Community Edition 2019.3\bin;C:\Users\Ryan\AppData\Local\Temp\lwjglRyan\3.2.3-build-13;C:\WINDOWS\System32\DriverStore\FileRepository\u0346830.inf_amd64_35731e557194973d\B345901

VM Arguments:
jvm_args: -javaagent:D:\Code Software\Intellij\IntelliJ IDEA Community Edition 2019.3\lib\idea_rt.jar=50982:D:\Code Software\Intellij\IntelliJ IDEA Community Edition 2019.3\bin -Dfile.encoding=UTF-8 
java_command: org.kakara.engine.test.Main
java_class_path (initial): D:\Kakara\Kakara\engine\target\test-classes;D:\Kakara\Kakara\engine\target\classes;C:\Users\Ryan\.m2\repository\org\slf4j\slf4j-api\1.7.29\slf4j-api-1.7.29.jar;C:\Users\Ryan\.m2\repository\org\slf4j\slf4j-simple\1.7.29\slf4j-simple-1.7.29.jar;C:\Users\Ryan\.m2\repository\org\lwjgl\lwjgl\3.2.3\lwjgl-3.2.3.jar;C:\Users\Ryan\.m2\repository\org\lwjgl\lwjgl-assimp\3.2.3\lwjgl-assimp-3.2.3.jar;C:\Users\Ryan\.m2\repository\org\lwjgl\lwjgl-bgfx\3.2.3\lwjgl-bgfx-3.2.3.jar;C:\Users\Ryan\.m2\repository\org\lwjgl\lwjgl-glfw\3.2.3\lwjgl-glfw-3.2.3.jar;C:\Users\Ryan\.m2\repository\org\lwjgl\lwjgl-nanovg\3.2.3\lwjgl-nanovg-3.2.3.jar;C:\Users\Ryan\.m2\repository\org\lwjgl\lwjgl-nuklear\3.2.3\lwjgl-nuklear-3.2.3.jar;C:\Users\Ryan\.m2\repository\org\lwjgl\lwjgl-openal\3.2.3\lwjgl-openal-3.2.3.jar;C:\Users\Ryan\.m2\repository\org\lwjgl\lwjgl-opengl\3.2.3\lwjgl-opengl-3.2.3.jar;C:\Users\Ryan\.m2\repository\org\lwjgl\lwjgl-par\3.2.3\lwjgl-par-3.2.3.jar;C:\Users\Ryan\.m2\repository\org\lwjgl\lwjgl-stb\3.2.3\lwjgl-stb-3.2.3.jar;C:\Users\Ryan\.m2\repository\org\lwjgl\lwjgl-vulkan\3.2.3\lwjgl-vulkan-3.2.3.jar;C:\Users\Ryan\.m2\repository\org\lwjgl\lwjgl\3.2.3\lwjgl-3.2.3-natives-windows.jar;C:\Users\Ryan\.m2\repository\org\lwjgl\lwjgl-assimp\3.2.3\lwjgl-assimp-3.2.3-natives-windows.jar;C:\Users\Ryan\.m2\repository\org\lwjgl\lwjgl-bgfx\3.2.3\lwjgl-bgfx-3.2.3-natives-windows.jar;C:\Users\Ryan\.m2\repository\org\lwjgl\lwjgl-glfw\3.2.3\lwjgl-glfw-3.2.3-natives-windows.jar;C:\Users\Ryan\.m2\repository\org\lwjgl\lwjgl-nanovg\3.2.3\lwjgl-nanovg-3.2.3-natives-windows.jar;C:\Users\Ryan\.m2\repository\org\lwjgl\lwjgl-nuklear\3.2.3\lwjgl-nuklear-3.2.3-natives-windows.jar;C:\Users\Ryan\.m2\repository\org\lwjgl\lwjgl-openal\3.2.3\lwjgl-openal-3.2.3-natives-windows.jar;C:\Users\Ryan\.m2\repository\org\lwjgl\lwjgl-opengl\3.2.3\lwjgl-opengl-3.2.3-natives-windows.jar;C:\Users\Ryan\.m2\repository\org\lwjgl\lwjgl-par\3.2.3\lwjgl-par-3.2.3-natives-windows.jar;C:\Users\Ryan\.m2\repo
Launcher Type: SUN_STANDARD

[Global flags]
     intx CICompilerCount                          = 3                                         {product} {ergonomic}
     uint ConcGCThreads                            = 2                                         {product} {ergonomic}
     uint G1ConcRefinementThreads                  = 6                                         {product} {ergonomic}
   size_t G1HeapRegionSize                         = 1048576                                   {product} {ergonomic}
    uintx GCDrainStackTargetSize                   = 64                                        {product} {ergonomic}
   size_t InitialHeapSize                          = 402653184                                 {product} {ergonomic}
   size_t MarkStackSize                            = 4194304                                   {product} {ergonomic}
   size_t MaxHeapSize                              = 6427770880                                {product} {ergonomic}
   size_t MaxNewSize                               = 3856662528                                {product} {ergonomic}
   size_t MinHeapDeltaBytes                        = 1048576                                   {product} {ergonomic}
   size_t MinHeapSize                              = 8388608                                   {product} {ergonomic}
    uintx NonNMethodCodeHeapSize                   = 5830732                                {pd product} {ergonomic}
    uintx NonProfiledCodeHeapSize                  = 122913754                              {pd product} {ergonomic}
    uintx ProfiledCodeHeapSize                     = 122913754                              {pd product} {ergonomic}
    uintx ReservedCodeCacheSize                    = 251658240                              {pd product} {ergonomic}
     bool SegmentedCodeCache                       = true                                      {product} {ergonomic}
   size_t SoftMaxHeapSize                          = 6427770880                             {manageable} {ergonomic}
     bool UseCompressedClassPointers               = true                                 {lp64_product} {ergonomic}
     bool UseCompressedOops                        = true                                 {lp64_product} {ergonomic}
     bool UseG1GC                                  = true                                      {product} {ergonomic}
     bool UseLargePagesIndividualAllocation        = false                                  {pd product} {ergonomic}

Logging:
Log output configuration:
 #0: stdout all=warning uptime,level,tags
 #1: stderr all=off uptime,level,tags

Environment Variables:
PATH=C:\Program Files\Java\jdk-13.0.1\bin;C:\Program Files (x86)\Razer Chroma SDK\bin;C:\Program Files\Razer Chroma SDK\bin;C:\Program Files\Java\jdk-13.0.1\bin;C:\Windows\system32;C:\Windows;C:\Windows\System32\Wbem;C:\Windows\System32\WindowsPowerShell\v1.0\;C:\Windows\system32\config\systemprofile\AppData\Local\Microsoft\WindowsApps;C:\Program Files (x86)\GtkSharp\2.12\bin;C:\WINDOWS\system32;C:\WINDOWS;C:\WINDOWS\System32\Wbem;C:\WINDOWS\System32\WindowsPowerShell\v1.0\;C:\WINDOWS\System32\OpenSSH\;C:\Program Files\dotnet\;C:\Program Files\Git\cmd;D:\Tools\apache-maven-3.6.1\bin;D:\Stupid Junk\;C:\Program Files (x86)\NVIDIA Corporation\PhysX\Common;C:\Program Files\NVIDIA Corporation\NVIDIA NvDLISR;C:\Users\Ryan\AppData\Local\Programs\Python\Python37-32\Scripts\;C:\Users\Ryan\AppData\Local\Programs\Python\Python37-32\;C:\Users\Ryan\AppData\Local\Microsoft\WindowsApps;C:\Users\Ryan\AppData\Local\GitHubDesktop\bin;C:\Users\Ryan\AppData\Local\Microsoft\WindowsApps;;C:\Users\Ryan\AppData\Local\Programs\Microsoft VS Code\bin;C:\Users\Ryan\AppData\Roaming\npm
USERNAME=Ryan
OS=Windows_NT
PROCESSOR_IDENTIFIER=AMD64 Family 21 Model 2 Stepping 0, AuthenticAMD



---------------  S Y S T E M  ---------------

OS: Windows 10 , 64 bit Build 18362 (10.0.18362.329)

CPU:total 6 (initial active 6) (6 cores per cpu, 1 threads per core) family 21 model 2 stepping 0, cmov, cx8, fxsr, mmx, sse, sse2, sse3, ssse3, sse4.1, sse4.2, popcnt, avx, aes, clmul, mmxext, 3dnowpref, lzcnt, sse4a, tsc, tscinvbit, tscinv, bmi1, fma

Memory: 4k page, system-wide physical 24516M (16413M free)
TotalPageFile size 28100M (AvailPageFile size 15665M)
current process WorkingSet (physical memory assigned to process): 243M, peak: 289M
current process commit charge ("private bytes"): 805M, peak: 833M

vm_info: Java HotSpot(TM) 64-Bit Server VM (13.0.1+9) for windows-amd64 JRE (13.0.1+9), built on Oct  6 2019 12:37:49 by "mach5one" with unknown MS VC++:1916

END.
